#
# There is insufficient memory for the Java Runtime Environment to continue.
# Native memory allocation (mmap) failed to map 108003328 bytes for committing reserved memory.
# Possible reasons:
#   The system is out of physical RAM or swap space
#   In 32 bit mode, the process size limit was hit
# Possible solutions:
#   Reduce memory load on the system
#   Increase physical memory or swap space
#   Check if swap backing store is full
#   Use 64 bit Java on a 64 bit OS
#   Decrease Java heap size (-Xmx/-Xms)
#   Decrease number of Java threads
#   Decrease Java thread stack sizes (-Xss)
#   Set larger code cache with -XX:ReservedCodeCacheSize=
# This output file may be truncated or incomplete.
#
#  Out of Memory Error (os_linux.cpp:2627), pid=11040, tid=0x00007f29bc3d4700
#
# JRE version: OpenJDK Runtime Environment (8.0_76-b03) (build 1.8.0_76-release-b03)
# Java VM: OpenJDK 64-Bit Server VM (25.76-b03 mixed mode linux-amd64 compressed oops)
# Failed to write core dump. Core dumps have been disabled. To enable core dumping, try "ulimit -c unlimited" before starting Java again
#

---------------  T H R E A D  ---------------

Current thread (0x00007f29b8077800):  VMThread [stack: 0x00007f29bc2d4000,0x00007f29bc3d5000] [id=11051]

Stack: [0x00007f29bc2d4000,0x00007f29bc3d5000],  sp=0x00007f29bc3d34c0,  free space=1021k
Native frames: (J=compiled Java code, j=interpreted, Vv=VM code, C=native code)
V  [libjvm.so+0x9d9fcd]  VMError::report_and_die()+0x15d
V  [libjvm.so+0x4b4d4a]  report_vm_out_of_memory(char const*, int, unsigned long, VMErrorType, char const*)+0x8a
V  [libjvm.so+0x845190]  os::pd_commit_memory(char*, unsigned long, unsigned long, bool)+0xf0
V  [libjvm.so+0x83fcbf]  os::commit_memory(char*, unsigned long, unsigned long, bool)+0x1f
V  [libjvm.so+0x8b4d9b]  PSVirtualSpace::expand_by(unsigned long)+0x5b
V  [libjvm.so+0x8b5a10]  PSYoungGen::resize_generation(unsigned long, unsigned long)+0xb0
V  [libjvm.so+0x8b5d2b]  PSYoungGen::resize(unsigned long, unsigned long)+0x1b
V  [libjvm.so+0x8b241c]  PSScavenge::invoke_no_policy()+0xdac
V  [libjvm.so+0x8b2bf8]  PSScavenge::invoke()+0x38
V  [libjvm.so+0x8681f3]  ParallelScavengeHeap::failed_mem_allocate(unsigned long)+0x63
V  [libjvm.so+0x9dba94]  VM_ParallelGCFailedAllocation::doit()+0x84
V  [libjvm.so+0x9dfe47]  VM_Operation::evaluate()+0x47
V  [libjvm.so+0x9de908]  VMThread::evaluate_operation(VM_Operation*)+0x2c8
V  [libjvm.so+0x9ded89]  VMThread::loop()+0x219
V  [libjvm.so+0x9df1d2]  VMThread::run()+0x72
V  [libjvm.so+0x8425b2]  java_start(Thread*)+0xf2

VM_Operation (0x00007f29a831bf80): ParallelGCFailedAllocation, mode: safepoint, requested by thread 0x00007f29b814e800


---------------  P R O C E S S  ---------------

Java Threads: ( => current thread )
  0x00007f29b814e800 JavaThread "pool-2-thread-4" [_thread_blocked, id=11064, stack(0x00007f29a821d000,0x00007f29a831e000)]
  0x00007f29b8140800 JavaThread "pool-2-thread-3" [_thread_blocked, id=11063, stack(0x00007f29a831e000,0x00007f29a841f000)]
  0x00007f29b813f800 JavaThread "pool-2-thread-2" [_thread_blocked, id=11062, stack(0x00007f29a841f000,0x00007f29a8520000)]
  0x00007f29b8132800 JavaThread "pool-3-thread-1" [_thread_blocked, id=11061, stack(0x00007f29a8520000,0x00007f29a8621000)]
  0x00007f29b812e800 JavaThread "pool-2-thread-1" [_thread_blocked, id=11060, stack(0x00007f29a8621000,0x00007f29a8722000)]
  0x00007f29b80bf800 JavaThread "Service Thread" daemon [_thread_blocked, id=11058, stack(0x00007f29a8823000,0x00007f29a8924000)]
  0x00007f29b80bc800 JavaThread "C1 CompilerThread2" daemon [_thread_blocked, id=11057, stack(0x00007f29a8924000,0x00007f29a8a25000)]
  0x00007f29b80bb000 JavaThread "C2 CompilerThread1" daemon [_thread_blocked, id=11056, stack(0x00007f29a8a25000,0x00007f29a8b26000)]
  0x00007f29b80b8000 JavaThread "C2 CompilerThread0" daemon [_thread_blocked, id=11055, stack(0x00007f29a8b26000,0x00007f29a8c27000)]
  0x00007f29b80b6800 JavaThread "Signal Dispatcher" daemon [_thread_blocked, id=11054, stack(0x00007f29a8c27000,0x00007f29a8d28000)]
  0x00007f29b8084000 JavaThread "Finalizer" daemon [_thread_blocked, id=11053, stack(0x00007f29bc0d2000,0x00007f29bc1d3000)]
  0x00007f29b807f000 JavaThread "Reference Handler" daemon [_thread_blocked, id=11052, stack(0x00007f29bc1d3000,0x00007f29bc2d4000)]
  0x00007f29b800a000 JavaThread "main" [_thread_blocked, id=11046, stack(0x00007f29c1896000,0x00007f29c1997000)]

Other Threads:
=>0x00007f29b8077800 VMThread [stack: 0x00007f29bc2d4000,0x00007f29bc3d5000] [id=11051]
  0x00007f29b80c2000 WatcherThread [stack: 0x00007f29a8722000,0x00007f29a8823000] [id=11059]

VM state:at safepoint (normal execution)

VM Mutex/Monitor currently owned by a thread:  ([mutex/lock_event])
[0x00007f29b8006730] Threads_lock - owner thread: 0x00007f29b8077800
[0x00007f29b8006c30] Heap_lock - owner thread: 0x00007f29b814e800

Heap:
 PSYoungGen      total 130560K, used 25594K [0x00000000eab00000, 0x00000000f4380000, 0x0000000100000000)
  eden space 104960K, 0% used [0x00000000eab00000,0x00000000eab00000,0x00000000f1180000)
  from space 25600K, 99% used [0x00000000f1180000,0x00000000f2a7eb20,0x00000000f2a80000)
  to   space 25088K, 0% used [0x00000000f2b00000,0x00000000f2b00000,0x00000000f4380000)
 ParOldGen       total 74240K, used 72112K [0x00000000c0000000, 0x00000000c4880000, 0x00000000eab00000)
  object space 74240K, 97% used [0x00000000c0000000,0x00000000c466c0f8,0x00000000c4880000)
 Metaspace       used 5897K, capacity 7024K, committed 7296K, reserved 1056768K
  class space    used 558K, capacity 616K, committed 640K, reserved 1048576K

Card table byte_map: [0x00007f29be531000,0x00007f29be732000] byte_map_base: 0x00007f29bdf31000

Marking Bits: (ParMarkBitMap*) 0x00007f29c0d631a0
 Begin Bits: [0x00007f299a000000, 0x00007f299b000000)
 End Bits:   [0x00007f299b000000, 0x00007f299c000000)

Polling page: 0x00007f29c19b3000

CodeCache: size=245760Kb used=6784Kb max_used=6784Kb free=238975Kb
 bounds [0x00007f29a9000000, 0x00007f29a96b0000, 0x00007f29b8000000]
 total_blobs=1880 nmethods=1618 adapters=175
 compilation: enabled

Compilation events (10 events):
Event: 3.637 Thread 0x00007f29b80bc800 1769       3       com.android.dx.ssa.back.FirstFitLocalCombiningAllocator::handleUnassociatedParameters (60 bytes)
Event: 3.637 Thread 0x00007f29b80bc800 nmethod 1769 0x00007f29a9685090 code [0x00007f29a9685260, 0x00007f29a96858f8]
Event: 3.643 Thread 0x00007f29b80bc800 1771       2       com.android.dx.util.Bits::bitCount (29 bytes)
Event: 3.643 Thread 0x00007f29b80bc800 nmethod 1771 0x00007f29a9684c10 code [0x00007f29a9684d80, 0x00007f29a9684f68]
Event: 3.661 Thread 0x00007f29b80bc800 1772       2       com.android.dx.ssa.back.SsaToRop$PhiVisitor::visitPhiInsn (67 bytes)
Event: 3.662 Thread 0x00007f29b80bc800 nmethod 1772 0x00007f29a969a790 code [0x00007f29a969a980, 0x00007f29a969af28]
Event: 3.668 Thread 0x00007f29b80bc800 1774       2       com.android.dx.ssa.InterferenceRegisterMapper::areAnyPinned (81 bytes)
Event: 3.669 Thread 0x00007f29b80bc800 nmethod 1774 0x00007f29a96a3390 code [0x00007f29a96a3540, 0x00007f29a96a3898]
Event: 3.670 Thread 0x00007f29b80bc800 1776       2       com.android.dx.ssa.back.FirstFitLocalCombiningAllocator::findRangeAndAdjust (311 bytes)
Event: 3.671 Thread 0x00007f29b80bc800 nmethod 1776 0x00007f29a96a3c10 code [0x00007f29a96a3e80, 0x00007f29a96a4878]

GC Heap History (10 events):
Event: 1.974 GC heap after
Heap after GC invocations=3 (full 0):
 PSYoungGen      total 34304K, used 2550K [0x00000000eab00000, 0x00000000eee00000, 0x0000000100000000)
  eden space 31744K, 0% used [0x00000000eab00000,0x00000000eab00000,0x00000000eca00000)
  from space 2560K, 99% used [0x00000000eca00000,0x00000000ecc7da90,0x00000000ecc80000)
  to   space 2560K, 0% used [0x00000000eeb80000,0x00000000eeb80000,0x00000000eee00000)
 ParOldGen       total 42496K, used 18320K [0x00000000c0000000, 0x00000000c2980000, 0x00000000eab00000)
  object space 42496K, 43% used [0x00000000c0000000,0x00000000c11e4130,0x00000000c2980000)
 Metaspace       used 5629K, capacity 6832K, committed 7040K, reserved 1056768K
  class space    used 555K, capacity 616K, committed 640K, reserved 1048576K
}
Event: 2.041 GC heap before
{Heap before GC invocations=4 (full 0):
 PSYoungGen      total 34304K, used 34294K [0x00000000eab00000, 0x00000000eee00000, 0x0000000100000000)
  eden space 31744K, 100% used [0x00000000eab00000,0x00000000eca00000,0x00000000eca00000)
  from space 2560K, 99% used [0x00000000eca00000,0x00000000ecc7da90,0x00000000ecc80000)
  to   space 2560K, 0% used [0x00000000eeb80000,0x00000000eeb80000,0x00000000eee00000)
 ParOldGen       total 42496K, used 18320K [0x00000000c0000000, 0x00000000c2980000, 0x00000000eab00000)
  object space 42496K, 43% used [0x00000000c0000000,0x00000000c11e4130,0x00000000c2980000)
 Metaspace       used 5636K, capacity 6832K, committed 7040K, reserved 1056768K
  class space    used 556K, capacity 616K, committed 640K, reserved 1048576K
Event: 2.064 GC heap after
Heap after GC invocations=4 (full 0):
 PSYoungGen      total 66048K, used 2555K [0x00000000eab00000, 0x00000000eee00000, 0x0000000100000000)
  eden space 63488K, 0% used [0x00000000eab00000,0x00000000eab00000,0x00000000ee900000)
  from space 2560K, 99% used [0x00000000eeb80000,0x00000000eedfefd0,0x00000000eee00000)
  to   space 2560K, 0% used [0x00000000ee900000,0x00000000ee900000,0x00000000eeb80000)
 ParOldGen       total 42496K, used 35013K [0x00000000c0000000, 0x00000000c2980000, 0x00000000eab00000)
  object space 42496K, 82% used [0x00000000c0000000,0x00000000c2231520,0x00000000c2980000)
 Metaspace       used 5636K, capacity 6832K, committed 7040K, reserved 1056768K
  class space    used 556K, capacity 616K, committed 640K, reserved 1048576K
}
Event: 2.064 GC heap before
{Heap before GC invocations=5 (full 1):
 PSYoungGen      total 66048K, used 2555K [0x00000000eab00000, 0x00000000eee00000, 0x0000000100000000)
  eden space 63488K, 0% used [0x00000000eab00000,0x00000000eab00000,0x00000000ee900000)
  from space 2560K, 99% used [0x00000000eeb80000,0x00000000eedfefd0,0x00000000eee00000)
  to   space 2560K, 0% used [0x00000000ee900000,0x00000000ee900000,0x00000000eeb80000)
 ParOldGen       total 42496K, used 35013K [0x00000000c0000000, 0x00000000c2980000, 0x00000000eab00000)
  object space 42496K, 82% used [0x00000000c0000000,0x00000000c2231520,0x00000000c2980000)
 Metaspace       used 5636K, capacity 6832K, committed 7040K, reserved 1056768K
  class space    used 556K, capacity 616K, committed 640K, reserved 1048576K
Event: 2.167 GC heap after
Heap after GC invocations=5 (full 1):
 PSYoungGen      total 66048K, used 0K [0x00000000eab00000, 0x00000000eee00000, 0x0000000100000000)
  eden space 63488K, 0% used [0x00000000eab00000,0x00000000eab00000,0x00000000ee900000)
  from space 2560K, 0% used [0x00000000eeb80000,0x00000000eeb80000,0x00000000eee00000)
  to   space 2560K, 0% used [0x00000000ee900000,0x00000000ee900000,0x00000000eeb80000)
 ParOldGen       total 74240K, used 31396K [0x00000000c0000000, 0x00000000c4880000, 0x00000000eab00000)
  object space 74240K, 42% used [0x00000000c0000000,0x00000000c1ea92f8,0x00000000c4880000)
 Metaspace       used 5636K, capacity 6832K, committed 7040K, reserved 1056768K
  class space    used 556K, capacity 616K, committed 640K, reserved 1048576K
}
Event: 2.499 GC heap before
{Heap before GC invocations=6 (full 1):
 PSYoungGen      total 66048K, used 63488K [0x00000000eab00000, 0x00000000eee00000, 0x0000000100000000)
  eden space 63488K, 100% used [0x00000000eab00000,0x00000000ee900000,0x00000000ee900000)
  from space 2560K, 0% used [0x00000000eeb80000,0x00000000eeb80000,0x00000000eee00000)
  to   space 2560K, 0% used [0x00000000ee900000,0x00000000ee900000,0x00000000eeb80000)
 ParOldGen       total 74240K, used 31396K [0x00000000c0000000, 0x00000000c4880000, 0x00000000eab00000)
  object space 74240K, 42% used [0x00000000c0000000,0x00000000c1ea92f8,0x00000000c4880000)
 Metaspace       used 5727K, capacity 6896K, committed 7040K, reserved 1056768K
  class space    used 556K, capacity 616K, committed 640K, reserved 1048576K
Event: 2.536 GC heap after
Heap after GC invocations=6 (full 1):
 PSYoungGen      total 66048K, used 2532K [0x00000000eab00000, 0x00000000f4580000, 0x0000000100000000)
  eden space 63488K, 0% used [0x00000000eab00000,0x00000000eab00000,0x00000000ee900000)
  from space 2560K, 98% used [0x00000000ee900000,0x00000000eeb79188,0x00000000eeb80000)
  to   space 27136K, 0% used [0x00000000f2b00000,0x00000000f2b00000,0x00000000f4580000)
 ParOldGen       total 74240K, used 48657K [0x00000000c0000000, 0x00000000c4880000, 0x00000000eab00000)
  object space 74240K, 65% used [0x00000000c0000000,0x00000000c2f847c8,0x00000000c4880000)
 Metaspace       used 5727K, capacity 6896K, committed 7040K, reserved 1056768K
  class space    used 556K, capacity 616K, committed 640K, reserved 1048576K
}
Event: 2.870 GC heap before
{Heap before GC invocations=7 (full 1):
 PSYoungGen      total 66048K, used 66020K [0x00000000eab00000, 0x00000000f4580000, 0x0000000100000000)
  eden space 63488K, 100% used [0x00000000eab00000,0x00000000ee900000,0x00000000ee900000)
  from space 2560K, 98% used [0x00000000ee900000,0x00000000eeb79188,0x00000000eeb80000)
  to   space 27136K, 0% used [0x00000000f2b00000,0x00000000f2b00000,0x00000000f4580000)
 ParOldGen       total 74240K, used 48657K [0x00000000c0000000, 0x00000000c4880000, 0x00000000eab00000)
  object space 74240K, 65% used [0x00000000c0000000,0x00000000c2f847c8,0x00000000c4880000)
 Metaspace       used 5823K, capacity 7024K, committed 7296K, reserved 1056768K
  class space    used 557K, capacity 616K, committed 640K, reserved 1048576K
Event: 2.908 GC heap after
Heap after GC invocations=7 (full 1):
 PSYoungGen      total 130048K, used 14301K [0x00000000eab00000, 0x00000000f4380000, 0x0000000100000000)
  eden space 104960K, 0% used [0x00000000eab00000,0x00000000eab00000,0x00000000f1180000)
  from space 25088K, 57% used [0x00000000f2b00000,0x00000000f38f7478,0x00000000f4380000)
  to   space 25600K, 0% used [0x00000000f1180000,0x00000000f1180000,0x00000000f2a80000)
 ParOldGen       total 74240K, used 48665K [0x00000000c0000000, 0x00000000c4880000, 0x00000000eab00000)
  object space 74240K, 65% used [0x00000000c0000000,0x00000000c2f867c8,0x00000000c4880000)
 Metaspace       used 5823K, capacity 7024K, committed 7296K, reserved 1056768K
  class space    used 557K, capacity 616K, committed 640K, reserved 1048576K
}
Event: 3.674 GC heap before
{Heap before GC invocations=8 (full 1):
 PSYoungGen      total 130048K, used 119261K [0x00000000eab00000, 0x00000000f4380000, 0x0000000100000000)
  eden space 104960K, 100% used [0x00000000eab00000,0x00000000f1180000,0x00000000f1180000)
  from space 25088K, 57% used [0x00000000f2b00000,0x00000000f38f7478,0x00000000f4380000)
  to   space 25600K, 0% used [0x00000000f1180000,0x00000000f1180000,0x00000000f2a80000)
 ParOldGen       total 74240K, used 48665K [0x00000000c0000000, 0x00000000c4880000, 0x00000000eab00000)
  object space 74240K, 65% used [0x00000000c0000000,0x00000000c2f867c8,0x00000000c4880000)
 Metaspace       used 5897K, capacity 7024K, committed 7296K, reserved 1056768K
  class space    used 558K, capacity 616K, committed 640K, reserved 1048576K

Deoptimization events (10 events):
Event: 2.621 Thread 0x00007f29b812e800 Uncommon trap: reason=class_check action=maybe_recompile pc=0x00007f29a93bbed4 method=com.android.dx.cf.code.Ropper.processBlock(Lcom/android/dx/cf/code/ByteBlock;Lcom/android/dx/cf/code/Frame;[I)V @ 777
Event: 2.621 Thread 0x00007f29b812e800 Uncommon trap: reason=class_check action=maybe_recompile pc=0x00007f29a93bbed4 method=com.android.dx.cf.code.Ropper.processBlock(Lcom/android/dx/cf/code/ByteBlock;Lcom/android/dx/cf/code/Frame;[I)V @ 777
Event: 2.621 Thread 0x00007f29b812e800 Uncommon trap: reason=class_check action=maybe_recompile pc=0x00007f29a93bbed4 method=com.android.dx.cf.code.Ropper.processBlock(Lcom/android/dx/cf/code/ByteBlock;Lcom/android/dx/cf/code/Frame;[I)V @ 777
Event: 2.636 Thread 0x00007f29b812e800 Uncommon trap: reason=null_check action=make_not_entrant pc=0x00007f29a9305b68 method=com.android.dx.rop.type.Type.equals(Ljava/lang/Object;)Z @ 8
Event: 2.639 Thread 0x00007f29b814e800 Uncommon trap: reason=unstable_if action=reinterpret pc=0x00007f29a948baec method=com.android.dx.ssa.back.FirstFitLocalCombiningAllocator$1.processInsn(Lcom/android/dx/ssa/SsaInsn;)V @ 34
Event: 2.645 Thread 0x00007f29b814e800 Uncommon trap: reason=unstable_if action=reinterpret pc=0x00007f29a9446664 method=com.android.dx.ssa.SCCP.simulateStmt(Lcom/android/dx/ssa/SsaInsn;)V @ 469
Event: 2.749 Thread 0x00007f29b8140800 Uncommon trap: reason=unstable_if action=reinterpret pc=0x00007f29a9518140 method=com.android.dx.rop.code.InsnList.contentEquals(Lcom/android/dx/rop/code/InsnList;)Z @ 25
Event: 2.775 Thread 0x00007f29b813f800 Uncommon trap: reason=null_check action=make_not_entrant pc=0x00007f29a930ca24 method=com.android.dx.ssa.SsaRenamer.getLocalForNewReg(I)Lcom/android/dx/rop/code/LocalItem; @ 19
Event: 2.775 Thread 0x00007f29b813f800 Uncommon trap: reason=null_check action=make_not_entrant pc=0x00007f29a927eeac method=com.android.dx.ssa.SsaRenamer.getLocalForNewReg(I)Lcom/android/dx/rop/code/LocalItem; @ 19
Event: 3.047 Thread 0x00007f29b800a000 Uncommon trap: reason=unloaded action=reinterpret pc=0x00007f29a91db4e8 method=com.android.dx.cf.cst.ConstantPoolParser.parse0(ILjava/util/BitSet;)Lcom/android/dx/rop/cst/Constant; @ 176

Internal exceptions (5 events):
Event: 0.166 Thread 0x00007f29b800a000 Exception <a 'java/lang/NoSuchMethodError': Method sun.misc.Unsafe.defineClass(Ljava/lang/String;[BII)Ljava/lang/Class; name or signature does not match> (0x00000000eab07cc0) thrown at [/ssd/Android/AOSP-openjdk/external/jetbrains/jdk/hotspot/src/share/vm
Event: 0.166 Thread 0x00007f29b800a000 Exception <a 'java/lang/NoSuchMethodError': Method sun.misc.Unsafe.prefetchRead(Ljava/lang/Object;J)V name or signature does not match> (0x00000000eab07fa8) thrown at [/ssd/Android/AOSP-openjdk/external/jetbrains/jdk/hotspot/src/share/vm/prims/jni.cpp, li
Event: 2.636 Thread 0x00007f29b812e800 Implicit null exception at 0x00007f29a9305a62 to 0x00007f29a9305b5b
Event: 2.775 Thread 0x00007f29b813f800 Implicit null exception at 0x00007f29a930a467 to 0x00007f29a930c9d9
Event: 2.775 Thread 0x00007f29b813f800 Implicit null exception at 0x00007f29a927c789 to 0x00007f29a927ee8d

Events (10 events):
Event: 3.659 Thread 0x00007f29b814e800 DEOPT UNPACKING pc=0x00007f29a9047373 sp=0x00007f29a831bac8 mode 0
Event: 3.659 Thread 0x00007f29b814e800 DEOPT PACKING pc=0x00007f29a934412c sp=0x00007f29a831bd80
Event: 3.659 Thread 0x00007f29b814e800 DEOPT UNPACKING pc=0x00007f29a9047373 sp=0x00007f29a831bac8 mode 0
Event: 3.661 Thread 0x00007f29b814e800 DEOPT PACKING pc=0x00007f29a934412c sp=0x00007f29a831bf90
Event: 3.661 Thread 0x00007f29b814e800 DEOPT UNPACKING pc=0x00007f29a9047373 sp=0x00007f29a831bcd8 mode 0
Event: 3.663 Thread 0x00007f29b8140800 DEOPT PACKING pc=0x00007f29a934412c sp=0x00007f29a841cf10
Event: 3.663 Thread 0x00007f29b8140800 DEOPT UNPACKING pc=0x00007f29a9047373 sp=0x00007f29a841cc58 mode 0
Event: 3.669 Thread 0x00007f29b813f800 DEOPT PACKING pc=0x00007f29a9416839 sp=0x00007f29a851e170
Event: 3.669 Thread 0x00007f29b813f800 DEOPT UNPACKING pc=0x00007f29a9047373 sp=0x00007f29a851df58 mode 0
Event: 3.674 Executing VM operation: ParallelGCFailedAllocation


Dynamic libraries:
00400000-00401000 r-xp 00000000 08:09 394997                             /home/chiz/Documents/android-studio/jre/bin/java
00600000-00601000 r--p 00000000 08:09 394997                             /home/chiz/Documents/android-studio/jre/bin/java
00601000-00602000 rw-p 00001000 08:09 394997                             /home/chiz/Documents/android-studio/jre/bin/java
00e28000-00e49000 rw-p 00000000 00:00 0                                  [heap]
c0000000-c4880000 rw-p 00000000 00:00 0 
c4880000-eab00000 ---p 00000000 00:00 0 
eab00000-f4380000 rw-p 00000000 00:00 0 
faa80000-100000000 ---p 00000000 00:00 0 
100000000-1000a0000 rw-p 00000000 00:00 0 
1000a0000-140000000 ---p 00000000 00:00 0 
7f2958000000-7f2958021000 rw-p 00000000 00:00 0 
7f2958021000-7f295c000000 ---p 00000000 00:00 0 
7f2960000000-7f296006a000 rw-p 00000000 00:00 0 
7f296006a000-7f2964000000 ---p 00000000 00:00 0 
7f2964000000-7f2964037000 rw-p 00000000 00:00 0 
7f2964037000-7f2968000000 ---p 00000000 00:00 0 
7f2968000000-7f296804b000 rw-p 00000000 00:00 0 
7f296804b000-7f296c000000 ---p 00000000 00:00 0 
7f296c000000-7f296c021000 rw-p 00000000 00:00 0 
7f296c021000-7f2970000000 ---p 00000000 00:00 0 
7f2970000000-7f2970021000 rw-p 00000000 00:00 0 
7f2970021000-7f2974000000 ---p 00000000 00:00 0 
7f2974000000-7f2974021000 rw-p 00000000 00:00 0 
7f2974021000-7f2978000000 ---p 00000000 00:00 0 
7f2978000000-7f2979111000 rw-p 00000000 00:00 0 
7f2979111000-7f297c000000 ---p 00000000 00:00 0 
7f297c000000-7f297c618000 rw-p 00000000 00:00 0 
7f297c618000-7f2980000000 ---p 00000000 00:00 0 
7f2980000000-7f2980021000 rw-p 00000000 00:00 0 
7f2980021000-7f2984000000 ---p 00000000 00:00 0 
7f2984000000-7f2984f3d000 rw-p 00000000 00:00 0 
7f2984f3d000-7f2988000000 ---p 00000000 00:00 0 
7f2988000000-7f2988021000 rw-p 00000000 00:00 0 
7f2988021000-7f298c000000 ---p 00000000 00:00 0 
7f298c000000-7f298c021000 rw-p 00000000 00:00 0 
7f298c021000-7f2990000000 ---p 00000000 00:00 0 
7f2990000000-7f299027e000 rw-p 00000000 00:00 0 
7f299027e000-7f2994000000 ---p 00000000 00:00 0 
7f2994000000-7f2994021000 rw-p 00000000 00:00 0 
7f2994021000-7f2998000000 ---p 00000000 00:00 0 
7f299a000000-7f299c000000 rw-p 00000000 00:00 0 
7f299c000000-7f299c021000 rw-p 00000000 00:00 0 
7f299c021000-7f29a0000000 ---p 00000000 00:00 0 
7f29a0000000-7f29a0021000 rw-p 00000000 00:00 0 
7f29a0021000-7f29a4000000 ---p 00000000 00:00 0 
7f29a4000000-7f29a4021000 rw-p 00000000 00:00 0 
7f29a4021000-7f29a8000000 ---p 00000000 00:00 0 
7f29a821d000-7f29a8220000 ---p 00000000 00:00 0 
7f29a8220000-7f29a831e000 rw-p 00000000 00:00 0 
7f29a831e000-7f29a8321000 ---p 00000000 00:00 0 
7f29a8321000-7f29a841f000 rw-p 00000000 00:00 0 
7f29a841f000-7f29a8422000 ---p 00000000 00:00 0 
7f29a8422000-7f29a8520000 rw-p 00000000 00:00 0 
7f29a8520000-7f29a8523000 ---p 00000000 00:00 0 
7f29a8523000-7f29a8621000 rw-p 00000000 00:00 0 
7f29a8621000-7f29a8624000 ---p 00000000 00:00 0 
7f29a8624000-7f29a8722000 rw-p 00000000 00:00 0 
7f29a8722000-7f29a8723000 ---p 00000000 00:00 0 
7f29a8723000-7f29a8823000 rw-p 00000000 00:00 0 
7f29a8823000-7f29a8826000 ---p 00000000 00:00 0 
7f29a8826000-7f29a8924000 rw-p 00000000 00:00 0 
7f29a8924000-7f29a8927000 ---p 00000000 00:00 0 
7f29a8927000-7f29a8a25000 rw-p 00000000 00:00 0 
7f29a8a25000-7f29a8a28000 ---p 00000000 00:00 0 
7f29a8a28000-7f29a8b26000 rw-p 00000000 00:00 0 
7f29a8b26000-7f29a8b29000 ---p 00000000 00:00 0 
7f29a8b29000-7f29a8c27000 rw-p 00000000 00:00 0 
7f29a8c27000-7f29a8c2a000 ---p 00000000 00:00 0 
7f29a8c2a000-7f29a8d28000 rw-p 00000000 00:00 0 
7f29a8d28000-7f29a9000000 r--p 00000000 08:08 266155                     /usr/lib/locale/locale-archive
7f29a9000000-7f29a96b0000 rwxp 00000000 00:00 0 
7f29a96b0000-7f29b8000000 ---p 00000000 00:00 0 
7f29b8000000-7f29b8397000 rw-p 00000000 00:00 0 
7f29b8397000-7f29bc000000 ---p 00000000 00:00 0 
7f29bc0d2000-7f29bc0d5000 ---p 00000000 00:00 0 
7f29bc0d5000-7f29bc1d3000 rw-p 00000000 00:00 0 
7f29bc1d3000-7f29bc1d6000 ---p 00000000 00:00 0 
7f29bc1d6000-7f29bc2d4000 rw-p 00000000 00:00 0 
7f29bc2d4000-7f29bc2d5000 ---p 00000000 00:00 0 
7f29bc2d5000-7f29bd394000 rw-p 00000000 00:00 0 
7f29bd394000-7f29bd561000 r--s 03bec000 08:09 395054                     /home/chiz/Documents/android-studio/jre/jre/lib/rt.jar
7f29bd561000-7f29bdc57000 rw-p 00000000 00:00 0 
7f29bdc57000-7f29bddd7000 ---p 00000000 00:00 0 
7f29bddd7000-7f29bdfd7000 rw-p 00000000 00:00 0 
7f29bdfd7000-7f29bdfd8000 ---p 00000000 00:00 0 
7f29bdfd8000-7f29be0d8000 rw-p 00000000 00:00 0 
7f29be0d8000-7f29be0d9000 ---p 00000000 00:00 0 
7f29be0d9000-7f29be1d9000 rw-p 00000000 00:00 0 
7f29be1d9000-7f29be1da000 ---p 00000000 00:00 0 
7f29be1da000-7f29be2da000 rw-p 00000000 00:00 0 
7f29be2da000-7f29be2db000 ---p 00000000 00:00 0 
7f29be2db000-7f29be400000 rw-p 00000000 00:00 0 
7f29be400000-7f29be531000 ---p 00000000 00:00 0 
7f29be531000-7f29be556000 rw-p 00000000 00:00 0 
7f29be556000-7f29be686000 ---p 00000000 00:00 0 
7f29be686000-7f29be6d3000 rw-p 00000000 00:00 0 
7f29be6d3000-7f29be731000 ---p 00000000 00:00 0 
7f29be731000-7f29be74d000 rw-p 00000000 00:00 0 
7f29be74d000-7f29beaf2000 ---p 00000000 00:00 0 
7f29beaf2000-7f29beb0c000 r-xp 00000000 08:09 395081                     /home/chiz/Documents/android-studio/jre/jre/lib/amd64/libzip.so
7f29beb0c000-7f29bed0c000 ---p 0001a000 08:09 395081                     /home/chiz/Documents/android-studio/jre/jre/lib/amd64/libzip.so
7f29bed0c000-7f29bed0d000 r--p 0001a000 08:09 395081                     /home/chiz/Documents/android-studio/jre/jre/lib/amd64/libzip.so
7f29bed0d000-7f29bed0e000 rw-p 0001b000 08:09 395081                     /home/chiz/Documents/android-studio/jre/jre/lib/amd64/libzip.so
7f29bed0e000-7f29bed19000 r-xp 00000000 08:08 790501                     /lib/x86_64-linux-gnu/libnss_files-2.23.so
7f29bed19000-7f29bef18000 ---p 0000b000 08:08 790501                     /lib/x86_64-linux-gnu/libnss_files-2.23.so
7f29bef18000-7f29bef19000 r--p 0000a000 08:08 790501                     /lib/x86_64-linux-gnu/libnss_files-2.23.so
7f29bef19000-7f29bef1a000 rw-p 0000b000 08:08 790501                     /lib/x86_64-linux-gnu/libnss_files-2.23.so
7f29bef1a000-7f29bef20000 rw-p 00000000 00:00 0 
7f29bef20000-7f29bef2b000 r-xp 00000000 08:08 789886                     /lib/x86_64-linux-gnu/libnss_nis-2.23.so
7f29bef2b000-7f29bf12a000 ---p 0000b000 08:08 789886                     /lib/x86_64-linux-gnu/libnss_nis-2.23.so
7f29bf12a000-7f29bf12b000 r--p 0000a000 08:08 789886                     /lib/x86_64-linux-gnu/libnss_nis-2.23.so
7f29bf12b000-7f29bf12c000 rw-p 0000b000 08:08 789886                     /lib/x86_64-linux-gnu/libnss_nis-2.23.so
7f29bf12c000-7f29bf142000 r-xp 00000000 08:08 790458                     /lib/x86_64-linux-gnu/libnsl-2.23.so
7f29bf142000-7f29bf341000 ---p 00016000 08:08 790458                     /lib/x86_64-linux-gnu/libnsl-2.23.so
7f29bf341000-7f29bf342000 r--p 00015000 08:08 790458                     /lib/x86_64-linux-gnu/libnsl-2.23.so
7f29bf342000-7f29bf343000 rw-p 00016000 08:08 790458                     /lib/x86_64-linux-gnu/libnsl-2.23.so
7f29bf343000-7f29bf345000 rw-p 00000000 00:00 0 
7f29bf345000-7f29bf34d000 r-xp 00000000 08:08 790459                     /lib/x86_64-linux-gnu/libnss_compat-2.23.so
7f29bf34d000-7f29bf54c000 ---p 00008000 08:08 790459                     /lib/x86_64-linux-gnu/libnss_compat-2.23.so
7f29bf54c000-7f29bf54d000 r--p 00007000 08:08 790459                     /lib/x86_64-linux-gnu/libnss_compat-2.23.so
7f29bf54d000-7f29bf54e000 rw-p 00008000 08:08 790459                     /lib/x86_64-linux-gnu/libnss_compat-2.23.so
7f29bf54e000-7f29bf57b000 r-xp 00000000 08:09 395091                     /home/chiz/Documents/android-studio/jre/jre/lib/amd64/libjava.so
7f29bf57b000-7f29bf77a000 ---p 0002d000 08:09 395091                     /home/chiz/Documents/android-studio/jre/jre/lib/amd64/libjava.so
7f29bf77a000-7f29bf77b000 r--p 0002c000 08:09 395091                     /home/chiz/Documents/android-studio/jre/jre/lib/amd64/libjava.so
7f29bf77b000-7f29bf77d000 rw-p 0002d000 08:09 395091                     /home/chiz/Documents/android-studio/jre/jre/lib/amd64/libjava.so
7f29bf77d000-7f29bf78d000 r-xp 00000000 08:09 395107                     /home/chiz/Documents/android-studio/jre/jre/lib/amd64/libverify.so
7f29bf78d000-7f29bf98c000 ---p 00010000 08:09 395107                     /home/chiz/Documents/android-studio/jre/jre/lib/amd64/libverify.so
7f29bf98c000-7f29bf98e000 r--p 0000f000 08:09 395107                     /home/chiz/Documents/android-studio/jre/jre/lib/amd64/libverify.so
7f29bf98e000-7f29bf98f000 rw-p 00011000 08:09 395107                     /home/chiz/Documents/android-studio/jre/jre/lib/amd64/libverify.so
7f29bf98f000-7f29bf996000 r-xp 00000000 08:08 789885                     /lib/x86_64-linux-gnu/librt-2.23.so
7f29bf996000-7f29bfb95000 ---p 00007000 08:08 789885                     /lib/x86_64-linux-gnu/librt-2.23.so
7f29bfb95000-7f29bfb96000 r--p 00006000 08:08 789885                     /lib/x86_64-linux-gnu/librt-2.23.so
7f29bfb96000-7f29bfb97000 rw-p 00007000 08:08 789885                     /lib/x86_64-linux-gnu/librt-2.23.so
7f29bfb97000-7f29bfc9f000 r-xp 00000000 08:08 790456                     /lib/x86_64-linux-gnu/libm-2.23.so
7f29bfc9f000-7f29bfe9e000 ---p 00108000 08:08 790456                     /lib/x86_64-linux-gnu/libm-2.23.so
7f29bfe9e000-7f29bfe9f000 r--p 00107000 08:08 790456                     /lib/x86_64-linux-gnu/libm-2.23.so
7f29bfe9f000-7f29bfea0000 rw-p 00108000 08:08 790456                     /lib/x86_64-linux-gnu/libm-2.23.so
7f29bfea0000-7f29c0a86000 r-xp 00000000 08:09 395111                     /home/chiz/Documents/android-studio/jre/jre/lib/amd64/server/libjvm.so
7f29c0a86000-7f29c0c86000 ---p 00be6000 08:09 395111                     /home/chiz/Documents/android-studio/jre/jre/lib/amd64/server/libjvm.so
7f29c0c86000-7f29c0d25000 r--p 00be6000 08:09 395111                     /home/chiz/Documents/android-studio/jre/jre/lib/amd64/server/libjvm.so
7f29c0d25000-7f29c0d4e000 rw-p 00c85000 08:09 395111                     /home/chiz/Documents/android-studio/jre/jre/lib/amd64/server/libjvm.so
7f29c0d4e000-7f29c0d90000 rw-p 00000000 00:00 0 
7f29c0d90000-7f29c0da8000 r-xp 00000000 08:08 790457                     /lib/x86_64-linux-gnu/libpthread-2.23.so
7f29c0da8000-7f29c0fa7000 ---p 00018000 08:08 790457                     /lib/x86_64-linux-gnu/libpthread-2.23.so
7f29c0fa7000-7f29c0fa8000 r--p 00017000 08:08 790457                     /lib/x86_64-linux-gnu/libpthread-2.23.so
7f29c0fa8000-7f29c0fa9000 rw-p 00018000 08:08 790457                     /lib/x86_64-linux-gnu/libpthread-2.23.so
7f29c0fa9000-7f29c0fad000 rw-p 00000000 00:00 0 
7f29c0fad000-7f29c0fb0000 r-xp 00000000 08:08 790324                     /lib/x86_64-linux-gnu/libdl-2.23.so
7f29c0fb0000-7f29c11af000 ---p 00003000 08:08 790324                     /lib/x86_64-linux-gnu/libdl-2.23.so
7f29c11af000-7f29c11b0000 r--p 00002000 08:08 790324                     /lib/x86_64-linux-gnu/libdl-2.23.so
7f29c11b0000-7f29c11b1000 rw-p 00003000 08:08 790324                     /lib/x86_64-linux-gnu/libdl-2.23.so
7f29c11b1000-7f29c1370000 r-xp 00000000 08:08 790336                     /lib/x86_64-linux-gnu/libc-2.23.so
7f29c1370000-7f29c1570000 ---p 001bf000 08:08 790336                     /lib/x86_64-linux-gnu/libc-2.23.so
7f29c1570000-7f29c1574000 r--p 001bf000 08:08 790336                     /lib/x86_64-linux-gnu/libc-2.23.so
7f29c1574000-7f29c1576000 rw-p 001c3000 08:08 790336                     /lib/x86_64-linux-gnu/libc-2.23.so
7f29c1576000-7f29c157a000 rw-p 00000000 00:00 0 
7f29c157a000-7f29c1590000 r-xp 00000000 08:09 394971                     /home/chiz/Documents/android-studio/jre/lib/amd64/jli/libjli.so
7f29c1590000-7f29c178f000 ---p 00016000 08:09 394971                     /home/chiz/Documents/android-studio/jre/lib/amd64/jli/libjli.so
7f29c178f000-7f29c1790000 r--p 00015000 08:09 394971                     /home/chiz/Documents/android-studio/jre/lib/amd64/jli/libjli.so
7f29c1790000-7f29c1791000 rw-p 00016000 08:09 394971                     /home/chiz/Documents/android-studio/jre/lib/amd64/jli/libjli.so
7f29c1791000-7f29c17b7000 r-xp 00000000 08:08 785103                     /lib/x86_64-linux-gnu/ld-2.23.so
7f29c17bd000-7f29c1896000 rw-p 00000000 00:00 0 
7f29c1896000-7f29c1899000 ---p 00000000 00:00 0 
7f29c1899000-7f29c199b000 rw-p 00000000 00:00 0 
7f29c199c000-7f29c19aa000 r--s 000e0000 08:09 288142                     /home/chiz/Android/Sdk/build-tools/25.0.1/lib/dx.jar
7f29c19aa000-7f29c19b2000 rw-s 00000000 08:08 139567                     /tmp/hsperfdata_chiz/11040
7f29c19b2000-7f29c19b3000 rw-p 00000000 00:00 0 
7f29c19b3000-7f29c19b4000 ---p 00000000 00:00 0 
7f29c19b4000-7f29c19b6000 rw-p 00000000 00:00 0 
7f29c19b6000-7f29c19b7000 r--p 00025000 08:08 785103                     /lib/x86_64-linux-gnu/ld-2.23.so
7f29c19b7000-7f29c19b8000 rw-p 00026000 08:08 785103                     /lib/x86_64-linux-gnu/ld-2.23.so
7f29c19b8000-7f29c19b9000 rw-p 00000000 00:00 0 
7ffe53746000-7ffe53767000 rw-p 00000000 00:00 0                          [stack]
7ffe537a5000-7ffe537a7000 r--p 00000000 00:00 0                          [vvar]
7ffe537a7000-7ffe537a9000 r-xp 00000000 00:00 0                          [vdso]
ffffffffff600000-ffffffffff601000 r-xp 00000000 00:00 0                  [vsyscall]

VM Arguments:
jvm_args: -Djava.awt.headless=true -Xmx1024M -Dfile.encoding=UTF-8 -Duser.country=PH -Duser.language=en -Duser.variant 
java_command: com.android.dx.command.Main --dex --force-jumbo --num-threads=4 --multi-dex --output /home/chiz/Documents/ANDROID_Projects/VINEYARD-FILES/Vineyard-App/app/build/intermediates/transforms/dex/debug/folders/1000/5/slice_9 /home/chiz/Documents/ANDROID_Projects/VINEYARD-FILES/Vineyard-App/app/build/intermediates/transforms/instantRunSlicer/debug/folders/1/5/slice_9
java_class_path (initial): /home/chiz/Android/Sdk/build-tools/25.0.1/lib/dx.jar
Launcher Type: SUN_STANDARD

Environment Variables:
PATH=/home/chiz/bin:/home/chiz/.local/bin:/usr/local/sbin:/usr/local/bin:/usr/sbin:/usr/bin:/sbin:/bin:/usr/games:/usr/local/games:/snap/bin
LD_LIBRARY_PATH=/home/chiz/Documents/android-studio/bin:
SHELL=/bin/bash
DISPLAY=:0

Signal Handlers:
SIGSEGV: [libjvm.so+0x9daac0], sa_mask[0]=11111111011111111101111111111110, sa_flags=SA_RESTART|SA_SIGINFO
SIGBUS: [libjvm.so+0x9daac0], sa_mask[0]=11111111011111111101111111111110, sa_flags=SA_RESTART|SA_SIGINFO
SIGFPE: [libjvm.so+0x840d90], sa_mask[0]=11111111011111111101111111111110, sa_flags=SA_RESTART|SA_SIGINFO
SIGPIPE: [libjvm.so+0x840d90], sa_mask[0]=11111111011111111101111111111110, sa_flags=SA_RESTART|SA_SIGINFO
SIGXFSZ: [libjvm.so+0x840d90], sa_mask[0]=11111111011111111101111111111110, sa_flags=SA_RESTART|SA_SIGINFO
SIGILL: [libjvm.so+0x840d90], sa_mask[0]=11111111011111111101111111111110, sa_flags=SA_RESTART|SA_SIGINFO
SIGUSR1: SIG_DFL, sa_mask[0]=00000000000000000000000000000000, sa_flags=none
SIGUSR2: [libjvm.so+0x840c60], sa_mask[0]=00100000000000000000000000000000, sa_flags=SA_RESTART|SA_SIGINFO
SIGHUP: [libjvm.so+0x840e50], sa_mask[0]=11111111011111111101111111111110, sa_flags=SA_RESTART|SA_SIGINFO
SIGINT: [libjvm.so+0x840e50], sa_mask[0]=11111111011111111101111111111110, sa_flags=SA_RESTART|SA_SIGINFO
SIGTERM: [libjvm.so+0x840e50], sa_mask[0]=11111111011111111101111111111110, sa_flags=SA_RESTART|SA_SIGINFO
SIGQUIT: [libjvm.so+0x840e50], sa_mask[0]=11111111011111111101111111111110, sa_flags=SA_RESTART|SA_SIGINFO


---------------  S Y S T E M  ---------------

OS:DISTRIB_ID=Ubuntu
DISTRIB_RELEASE=16.04
DISTRIB_CODENAME=xenial
DISTRIB_DESCRIPTION="Ubuntu 16.04.1 LTS"

uname:Linux 4.4.0-57-generic #78-Ubuntu SMP Fri Dec 9 23:50:32 UTC 2016 x86_64
libc:glibc 2.23 NPTL 2.23 
rlimit: STACK 8192k, CORE 0k, NPROC 15097, NOFILE 65536, AS infinity
load average:1.72 1.06 0.73

/proc/meminfo:
MemTotal:        3959116 kB
MemFree:          122444 kB
MemAvailable:      40128 kB
Buffers:             816 kB
Cached:           255008 kB
SwapCached:            0 kB
Active:          3441404 kB
Inactive:         199248 kB
Active(anon):    3416760 kB
Inactive(anon):   183100 kB
Active(file):      24644 kB
Inactive(file):    16148 kB
Unevictable:         312 kB
Mlocked:             312 kB
SwapTotal:             0 kB
SwapFree:              0 kB
Dirty:              3364 kB
Writeback:             0 kB
AnonPages:       3385668 kB
Mapped:           118792 kB
Shmem:            214508 kB
Slab:              78540 kB
SReclaimable:      39428 kB
SUnreclaim:        39112 kB
KernelStack:       10336 kB
PageTables:        39012 kB
NFS_Unstable:          0 kB
Bounce:                0 kB
WritebackTmp:          0 kB
CommitLimit:     1979556 kB
Committed_AS:    7464232 kB
VmallocTotal:   34359738367 kB
VmallocUsed:           0 kB
VmallocChunk:          0 kB
HardwareCorrupted:     0 kB
AnonHugePages:   1589248 kB
CmaTotal:              0 kB
CmaFree:               0 kB
HugePages_Total:       0
HugePages_Free:        0
HugePages_Rsvd:        0
HugePages_Surp:        0
Hugepagesize:       2048 kB
DirectMap4k:      179776 kB
DirectMap2M:     3928064 kB
DirectMap1G:     1048576 kB


CPU:total 4 (2 cores per cpu, 2 threads per core) family 6 model 61 stepping 4, cmov, cx8, fxsr, mmx, sse, sse2, sse3, ssse3, sse4.1, sse4.2, popcnt, avx, avx2, aes, clmul, erms, 3dnowpref, lzcnt, ht, tsc, tscinvbit, bmi1, bmi2, adx

/proc/cpuinfo:
processor	: 0
vendor_id	: GenuineIntel
cpu family	: 6
model		: 61
model name	: Intel(R) Core(TM) i7-5500U CPU @ 2.40GHz
stepping	: 4
microcode	: 0x11
cpu MHz		: 2899.968
cache size	: 4096 KB
physical id	: 0
siblings	: 4
core id		: 0
cpu cores	: 2
apicid		: 0
initial apicid	: 0
fpu		: yes
fpu_exception	: yes
cpuid level	: 20
wp		: yes
flags		: fpu vme de pse tsc msr pae mce cx8 apic sep mtrr pge mca cmov pat pse36 clflush dts acpi mmx fxsr sse sse2 ss ht tm pbe syscall nx pdpe1gb rdtscp lm constant_tsc arch_perfmon pebs bts rep_good nopl xtopology nonstop_tsc aperfmperf eagerfpu pni pclmulqdq dtes64 monitor ds_cpl vmx est tm2 ssse3 sdbg fma cx16 xtpr pdcm pcid sse4_1 sse4_2 x2apic movbe popcnt tsc_deadline_timer aes xsave avx f16c rdrand lahf_lm abm 3dnowprefetch epb intel_pt tpr_shadow vnmi flexpriority ept vpid fsgsbase tsc_adjust bmi1 avx2 smep bmi2 erms invpcid rdseed adx smap xsaveopt dtherm ida arat pln pts
bugs		:
bogomips	: 4788.80
clflush size	: 64
cache_alignment	: 64
address sizes	: 39 bits physical, 48 bits virtual
power management:

processor	: 1
vendor_id	: GenuineIntel
cpu family	: 6
model		: 61
model name	: Intel(R) Core(TM) i7-5500U CPU @ 2.40GHz
stepping	: 4
microcode	: 0x11
cpu MHz		: 2899.968
cache size	: 4096 KB
physical id	: 0
siblings	: 4
core id		: 1
cpu cores	: 2
apicid		: 2
initial apicid	: 2
fpu		: yes
fpu_exception	: yes
cpuid level	: 20
wp		: yes
flags		: fpu vme de pse tsc msr pae mce cx8 apic sep mtrr pge mca cmov pat pse36 clflush dts acpi mmx fxsr sse sse2 ss ht tm pbe syscall nx pdpe1gb rdtscp lm constant_tsc arch_perfmon pebs bts rep_good nopl xtopology nonstop_tsc aperfmperf eagerfpu pni pclmulqdq dtes64 monitor ds_cpl vmx est tm2 ssse3 sdbg fma cx16 xtpr pdcm pcid sse4_1 sse4_2 x2apic movbe popcnt tsc_deadline_timer aes xsave avx f16c rdrand lahf_lm abm 3dnowprefetch epb intel_pt tpr_shadow vnmi flexpriority ept vpid fsgsbase tsc_adjust bmi1 avx2 smep bmi2 erms invpcid rdseed adx smap xsaveopt dtherm ida arat pln pts
bugs		:
bogomips	: 4788.80
clflush size	: 64
cache_alignment	: 64
address sizes	: 39 bits physical, 48 bits virtual
power management:

processor	: 2
vendor_id	: GenuineIntel
cpu family	: 6
model		: 61
model name	: Intel(R) Core(TM) i7-5500U CPU @ 2.40GHz
stepping	: 4
microcode	: 0x11
cpu MHz		: 2731.031
cache size	: 4096 KB
physical id	: 0
siblings	: 4
core id		: 0
cpu cores	: 2
apicid		: 1
initial apicid	: 1
fpu		: yes
fpu_exception	: yes
cpuid level	: 20
wp		: yes
flags		: fpu vme de pse tsc msr pae mce cx8 apic sep mtrr pge mca cmov pat pse36 clflush dts acpi mmx fxsr sse sse2 ss ht tm pbe syscall nx pdpe1gb rdtscp lm constant_tsc arch_perfmon pebs bts rep_good nopl xtopology nonstop_tsc aperfmperf eagerfpu pni pclmulqdq dtes64 monitor ds_cpl vmx est tm2 ssse3 sdbg fma cx16 xtpr pdcm pcid sse4_1 sse4_2 x2apic movbe popcnt tsc_deadline_timer aes xsave avx f16c rdrand lahf_lm abm 3dnowprefetch epb intel_pt tpr_shadow vnmi flexpriority ept vpid fsgsbase tsc_adjust bmi1 avx2 smep bmi2 erms invpcid rdseed adx smap xsaveopt dtherm ida arat pln pts
bugs		:
bogomips	: 4788.80
clflush size	: 64
cache_alignment	: 64
address sizes	: 39 bits physical, 48 bits virtual
power management:

processor	: 3
vendor_id	: GenuineIntel
cpu family	: 6
model		: 61
model name	: Intel(R) Core(TM) i7-5500U CPU @ 2.40GHz
stepping	: 4
microcode	: 0x11
cpu MHz		: 2899.968
cache size	: 4096 KB
physical id	: 0
siblings	: 4
core id		: 1
cpu cores	: 2
apicid		: 3
initial apicid	: 3
fpu		: yes
fpu_exception	: yes
cpuid level	: 20
wp		: yes
flags		: fpu vme de pse tsc msr pae mce cx8 apic sep mtrr pge mca cmov pat pse36 clflush dts acpi mmx fxsr sse sse2 ss ht tm pbe syscall nx pdpe1gb rdtscp lm constant_tsc arch_perfmon pebs bts rep_good nopl xtopology nonstop_tsc aperfmperf eagerfpu pni pclmulqdq dtes64 monitor ds_cpl vmx est tm2 ssse3 sdbg fma cx16 xtpr pdcm pcid sse4_1 sse4_2 x2apic movbe popcnt tsc_deadline_timer aes xsave avx f16c rdrand lahf_lm abm 3dnowprefetch epb intel_pt tpr_shadow vnmi flexpriority ept vpid fsgsbase tsc_adjust bmi1 avx2 smep bmi2 erms invpcid rdseed adx smap xsaveopt dtherm ida arat pln pts
bugs		:
bogomips	: 4788.80
clflush size	: 64
cache_alignment	: 64
address sizes	: 39 bits physical, 48 bits virtual
power management:



Memory: 4k page, physical 3959116k(122444k free), swap 0k(0k free)

vm_info: OpenJDK 64-Bit Server VM (25.76-b03) for linux-amd64 JRE (1.8.0_76-release-b03), built on Jun 29 2016 09:39:19 by "builder" with gcc 4.8.4

time: Tue Jan  3 21:59:32 2017
elapsed time: 6 seconds (0d 0h 0m 6s)

