#
# There is insufficient memory for the Java Runtime Environment to continue.
# Native memory allocation (mmap) failed to map 87031808 bytes for committing reserved memory.
# Possible reasons:
#   The system is out of physical RAM or swap space
#   In 32 bit mode, the process size limit was hit
# Possible solutions:
#   Reduce memory load on the system
#   Increase physical memory or swap space
#   Check if swap backing store is full
#   Use 64 bit Java on a 64 bit OS
#   Decrease Java heap size (-Xmx/-Xms)
#   Decrease number of Java threads
#   Decrease Java thread stack sizes (-Xss)
#   Set larger code cache with -XX:ReservedCodeCacheSize=
# This output file may be truncated or incomplete.
#
#  Out of Memory Error (os_linux.cpp:2627), pid=7873, tid=0x00007f67d99d0700
#
# JRE version: OpenJDK Runtime Environment (8.0_76-b03) (build 1.8.0_76-release-b03)
# Java VM: OpenJDK 64-Bit Server VM (25.76-b03 mixed mode linux-amd64 compressed oops)
# Failed to write core dump. Core dumps have been disabled. To enable core dumping, try "ulimit -c unlimited" before starting Java again
#

---------------  T H R E A D  ---------------

Current thread (0x00007f67ec077800):  VMThread [stack: 0x00007f67d98d0000,0x00007f67d99d1000] [id=7896]

Stack: [0x00007f67d98d0000,0x00007f67d99d1000],  sp=0x00007f67d99cf4c0,  free space=1021k
Native frames: (J=compiled Java code, j=interpreted, Vv=VM code, C=native code)
V  [libjvm.so+0x9d9fcd]  VMError::report_and_die()+0x15d
V  [libjvm.so+0x4b4d4a]  report_vm_out_of_memory(char const*, int, unsigned long, VMErrorType, char const*)+0x8a
V  [libjvm.so+0x845190]  os::pd_commit_memory(char*, unsigned long, unsigned long, bool)+0xf0
V  [libjvm.so+0x83fcbf]  os::commit_memory(char*, unsigned long, unsigned long, bool)+0x1f
V  [libjvm.so+0x8b4d9b]  PSVirtualSpace::expand_by(unsigned long)+0x5b
V  [libjvm.so+0x8b5a10]  PSYoungGen::resize_generation(unsigned long, unsigned long)+0xb0
V  [libjvm.so+0x8b5d2b]  PSYoungGen::resize(unsigned long, unsigned long)+0x1b
V  [libjvm.so+0x8b241c]  PSScavenge::invoke_no_policy()+0xdac
V  [libjvm.so+0x8b2bf8]  PSScavenge::invoke()+0x38
V  [libjvm.so+0x8681f3]  ParallelScavengeHeap::failed_mem_allocate(unsigned long)+0x63
V  [libjvm.so+0x9dba94]  VM_ParallelGCFailedAllocation::doit()+0x84
V  [libjvm.so+0x9dfe47]  VM_Operation::evaluate()+0x47
V  [libjvm.so+0x9de908]  VMThread::evaluate_operation(VM_Operation*)+0x2c8
V  [libjvm.so+0x9ded89]  VMThread::loop()+0x219
V  [libjvm.so+0x9df1d2]  VMThread::run()+0x72
V  [libjvm.so+0x8425b2]  java_start(Thread*)+0xf2

VM_Operation (0x00007f67d8cecfd0): ParallelGCFailedAllocation, mode: safepoint, requested by thread 0x00007f67ec143800


---------------  P R O C E S S  ---------------

Java Threads: ( => current thread )
  0x00007f67ec143800 JavaThread "pool-1-thread-1" [_thread_blocked, id=8023, stack(0x00007f67d8bee000,0x00007f67d8cef000)]
  0x00007f67ec0bf800 JavaThread "Service Thread" daemon [_thread_blocked, id=7906, stack(0x00007f67d8ef1000,0x00007f67d8ff2000)]
  0x00007f67ec0bc800 JavaThread "C1 CompilerThread2" daemon [_thread_blocked, id=7905, stack(0x00007f67d8ff2000,0x00007f67d90f3000)]
  0x00007f67ec0bb000 JavaThread "C2 CompilerThread1" daemon [_thread_blocked, id=7904, stack(0x00007f67d90f3000,0x00007f67d91f4000)]
  0x00007f67ec0b8000 JavaThread "C2 CompilerThread0" daemon [_thread_blocked, id=7903, stack(0x00007f67d91f4000,0x00007f67d92f5000)]
  0x00007f67ec0b6800 JavaThread "Signal Dispatcher" daemon [_thread_blocked, id=7902, stack(0x00007f67d92f5000,0x00007f67d93f6000)]
  0x00007f67ec084000 JavaThread "Finalizer" daemon [_thread_blocked, id=7901, stack(0x00007f67d96ce000,0x00007f67d97cf000)]
  0x00007f67ec07f800 JavaThread "Reference Handler" daemon [_thread_blocked, id=7900, stack(0x00007f67d97cf000,0x00007f67d98d0000)]
  0x00007f67ec00a000 JavaThread "main" [_thread_blocked, id=7878, stack(0x00007f67f3ea8000,0x00007f67f3fa9000)]

Other Threads:
=>0x00007f67ec077800 VMThread [stack: 0x00007f67d98d0000,0x00007f67d99d1000] [id=7896]
  0x00007f67ec0c2000 WatcherThread [stack: 0x00007f67d8df0000,0x00007f67d8ef1000] [id=7907]

VM state:at safepoint (normal execution)

VM Mutex/Monitor currently owned by a thread:  ([mutex/lock_event])
[0x00007f67ec0067d0] Threads_lock - owner thread: 0x00007f67ec077800
[0x00007f67ec006cd0] Heap_lock - owner thread: 0x00007f67ec143800

Heap:
 PSYoungGen      total 138752K, used 17390K [0x00000000eab00000, 0x00000000f4700000, 0x0000000100000000)
  eden space 121344K, 0% used [0x00000000eab00000,0x00000000eab00000,0x00000000f2180000)
  from space 17408K, 99% used [0x00000000f2180000,0x00000000f327b930,0x00000000f3280000)
  to   space 13824K, 0% used [0x00000000f3280000,0x00000000f3280000,0x00000000f4000000)
 ParOldGen       total 42496K, used 35543K [0x00000000c0000000, 0x00000000c2980000, 0x00000000eab00000)
  object space 42496K, 83% used [0x00000000c0000000,0x00000000c22b5c30,0x00000000c2980000)
 Metaspace       used 6420K, capacity 7344K, committed 7552K, reserved 1056768K
  class space    used 597K, capacity 616K, committed 640K, reserved 1048576K

Card table byte_map: [0x00007f67f0b43000,0x00007f67f0d44000] byte_map_base: 0x00007f67f0543000

Marking Bits: (ParMarkBitMap*) 0x00007f67f33751a0
 Begin Bits: [0x00007f67db000000, 0x00007f67dc000000)
 End Bits:   [0x00007f67dc000000, 0x00007f67dd000000)

Polling page: 0x00007f67f3fc5000

CodeCache: size=245760Kb used=7724Kb max_used=7724Kb free=238035Kb
 bounds [0x00007f67dd000000, 0x00007f67dd7a0000, 0x00007f67ec000000]
 total_blobs=2295 nmethods=2034 adapters=176
 compilation: enabled

Compilation events (10 events):
Event: 8.975 Thread 0x00007f67ec0bc800 nmethod 2308% 0x00007f67dd789450 code [0x00007f67dd7896a0, 0x00007f67dd78a3b8]
Event: 8.975 Thread 0x00007f67ec0bc800 2294       2       com.android.dx.dex.code.StdCatchBuilder::build (262 bytes)
Event: 8.978 Thread 0x00007f67ec0bc800 nmethod 2294 0x00007f67dd78ad10 code [0x00007f67dd78b060, 0x00007f67dd78c268]
Event: 8.978 Thread 0x00007f67ec0bc800 2297       2       com.android.dx.dex.code.LocalList$MakeState::add (75 bytes)
Event: 8.979 Thread 0x00007f67ec0bc800 nmethod 2297 0x00007f67dd78e690 code [0x00007f67dd78e860, 0x00007f67dd78edb8]
Event: 8.979 Thread 0x00007f67ec0bc800 2298   !   2       com.android.dx.dex.code.LocalList$Entry::<init> (91 bytes)
Event: 9.004 Thread 0x00007f67ec0bc800 nmethod 2298 0x00007f67dd78f3d0 code [0x00007f67dd78f5a0, 0x00007f67dd78fa58]
Event: 9.004 Thread 0x00007f67ec0bc800 2293       2       com.android.dx.dex.code.LocalList$Entry::isStart (16 bytes)
Event: 9.004 Thread 0x00007f67ec0bc800 nmethod 2293 0x00007f67dd78fdd0 code [0x00007f67dd78ff20, 0x00007f67dd790090]
Event: 9.004 Thread 0x00007f67ec0bc800 2296       2       com.android.dx.dex.code.LocalList$MakeState::startLocal (266 bytes)

GC Heap History (10 events):
Event: 3.119 GC heap after
Heap after GC invocations=4 (full 0):
 PSYoungGen      total 34304K, used 2533K [0x00000000eab00000, 0x00000000ecf00000, 0x0000000100000000)
  eden space 31744K, 0% used [0x00000000eab00000,0x00000000eab00000,0x00000000eca00000)
  from space 2560K, 98% used [0x00000000ecc80000,0x00000000ecef9780,0x00000000ecf00000)
  to   space 2560K, 0% used [0x00000000eca00000,0x00000000eca00000,0x00000000ecc80000)
 ParOldGen       total 42496K, used 7461K [0x00000000c0000000, 0x00000000c2980000, 0x00000000eab00000)
  object space 42496K, 17% used [0x00000000c0000000,0x00000000c07497d0,0x00000000c2980000)
 Metaspace       used 5750K, capacity 6896K, committed 7040K, reserved 1056768K
  class space    used 560K, capacity 616K, committed 640K, reserved 1048576K
}
Event: 3.491 GC heap before
{Heap before GC invocations=5 (full 0):
 PSYoungGen      total 34304K, used 34277K [0x00000000eab00000, 0x00000000ecf00000, 0x0000000100000000)
  eden space 31744K, 100% used [0x00000000eab00000,0x00000000eca00000,0x00000000eca00000)
  from space 2560K, 98% used [0x00000000ecc80000,0x00000000ecef9780,0x00000000ecf00000)
  to   space 2560K, 0% used [0x00000000eca00000,0x00000000eca00000,0x00000000ecc80000)
 ParOldGen       total 42496K, used 7461K [0x00000000c0000000, 0x00000000c2980000, 0x00000000eab00000)
  object space 42496K, 17% used [0x00000000c0000000,0x00000000c07497d0,0x00000000c2980000)
 Metaspace       used 5772K, capacity 6896K, committed 7040K, reserved 1056768K
  class space    used 560K, capacity 616K, committed 640K, reserved 1048576K
Event: 3.543 GC heap after
Heap after GC invocations=5 (full 0):
 PSYoungGen      total 34304K, used 2534K [0x00000000eab00000, 0x00000000ef800000, 0x0000000100000000)
  eden space 31744K, 0% used [0x00000000eab00000,0x00000000eab00000,0x00000000eca00000)
  from space 2560K, 98% used [0x00000000eca00000,0x00000000ecc79948,0x00000000ecc80000)
  to   space 7680K, 0% used [0x00000000ef080000,0x00000000ef080000,0x00000000ef800000)
 ParOldGen       total 42496K, used 12400K [0x00000000c0000000, 0x00000000c2980000, 0x00000000eab00000)
  object space 42496K, 29% used [0x00000000c0000000,0x00000000c0c1c028,0x00000000c2980000)
 Metaspace       used 5772K, capacity 6896K, committed 7040K, reserved 1056768K
  class space    used 560K, capacity 616K, committed 640K, reserved 1048576K
}
Event: 3.842 GC heap before
{Heap before GC invocations=6 (full 0):
 PSYoungGen      total 34304K, used 34278K [0x00000000eab00000, 0x00000000ef800000, 0x0000000100000000)
  eden space 31744K, 100% used [0x00000000eab00000,0x00000000eca00000,0x00000000eca00000)
  from space 2560K, 98% used [0x00000000eca00000,0x00000000ecc79948,0x00000000ecc80000)
  to   space 7680K, 0% used [0x00000000ef080000,0x00000000ef080000,0x00000000ef800000)
 ParOldGen       total 42496K, used 12400K [0x00000000c0000000, 0x00000000c2980000, 0x00000000eab00000)
  object space 42496K, 29% used [0x00000000c0000000,0x00000000c0c1c028,0x00000000c2980000)
 Metaspace       used 5779K, capacity 6896K, committed 7040K, reserved 1056768K
  class space    used 561K, capacity 616K, committed 640K, reserved 1048576K
Event: 3.872 GC heap after
Heap after GC invocations=6 (full 0):
 PSYoungGen      total 70144K, used 7668K [0x00000000eab00000, 0x00000000efa00000, 0x0000000100000000)
  eden space 62464K, 0% used [0x00000000eab00000,0x00000000eab00000,0x00000000ee800000)
  from space 7680K, 99% used [0x00000000ef080000,0x00000000ef7fd360,0x00000000ef800000)
  to   space 8704K, 0% used [0x00000000ee800000,0x00000000ee800000,0x00000000ef080000)
 ParOldGen       total 42496K, used 12400K [0x00000000c0000000, 0x00000000c2980000, 0x00000000eab00000)
  object space 42496K, 29% used [0x00000000c0000000,0x00000000c0c1c028,0x00000000c2980000)
 Metaspace       used 5779K, capacity 6896K, committed 7040K, reserved 1056768K
  class space    used 561K, capacity 616K, committed 640K, reserved 1048576K
}
Event: 4.463 GC heap before
{Heap before GC invocations=7 (full 0):
 PSYoungGen      total 70144K, used 70132K [0x00000000eab00000, 0x00000000efa00000, 0x0000000100000000)
  eden space 62464K, 100% used [0x00000000eab00000,0x00000000ee800000,0x00000000ee800000)
  from space 7680K, 99% used [0x00000000ef080000,0x00000000ef7fd360,0x00000000ef800000)
  to   space 8704K, 0% used [0x00000000ee800000,0x00000000ee800000,0x00000000ef080000)
 ParOldGen       total 42496K, used 12400K [0x00000000c0000000, 0x00000000c2980000, 0x00000000eab00000)
  object space 42496K, 29% used [0x00000000c0000000,0x00000000c0c1c028,0x00000000c2980000)
 Metaspace       used 5834K, capacity 6960K, committed 7040K, reserved 1056768K
  class space    used 561K, capacity 616K, committed 640K, reserved 1048576K
Event: 4.614 GC heap after
Heap after GC invocations=7 (full 0):
 PSYoungGen      total 71168K, used 8694K [0x00000000eab00000, 0x00000000f4000000, 0x0000000100000000)
  eden space 62464K, 0% used [0x00000000eab00000,0x00000000eab00000,0x00000000ee800000)
  from space 8704K, 99% used [0x00000000ee800000,0x00000000ef07d810,0x00000000ef080000)
  to   space 13824K, 0% used [0x00000000f3280000,0x00000000f3280000,0x00000000f4000000)
 ParOldGen       total 42496K, used 20219K [0x00000000c0000000, 0x00000000c2980000, 0x00000000eab00000)
  object space 42496K, 47% used [0x00000000c0000000,0x00000000c13befa8,0x00000000c2980000)
 Metaspace       used 5834K, capacity 6960K, committed 7040K, reserved 1056768K
  class space    used 561K, capacity 616K, committed 640K, reserved 1048576K
}
Event: 5.378 GC heap before
{Heap before GC invocations=8 (full 0):
 PSYoungGen      total 71168K, used 71158K [0x00000000eab00000, 0x00000000f4000000, 0x0000000100000000)
  eden space 62464K, 100% used [0x00000000eab00000,0x00000000ee800000,0x00000000ee800000)
  from space 8704K, 99% used [0x00000000ee800000,0x00000000ef07d810,0x00000000ef080000)
  to   space 13824K, 0% used [0x00000000f3280000,0x00000000f3280000,0x00000000f4000000)
 ParOldGen       total 42496K, used 20219K [0x00000000c0000000, 0x00000000c2980000, 0x00000000eab00000)
  object space 42496K, 47% used [0x00000000c0000000,0x00000000c13befa8,0x00000000c2980000)
 Metaspace       used 6010K, capacity 7024K, committed 7296K, reserved 1056768K
  class space    used 579K, capacity 616K, committed 640K, reserved 1048576K
Event: 5.494 GC heap after
Heap after GC invocations=8 (full 0):
 PSYoungGen      total 135168K, used 13811K [0x00000000eab00000, 0x00000000f4700000, 0x0000000100000000)
  eden space 121344K, 0% used [0x00000000eab00000,0x00000000eab00000,0x00000000f2180000)
  from space 13824K, 99% used [0x00000000f3280000,0x00000000f3ffcd18,0x00000000f4000000)
  to   space 17408K, 0% used [0x00000000f2180000,0x00000000f2180000,0x00000000f3280000)
 ParOldGen       total 42496K, used 23090K [0x00000000c0000000, 0x00000000c2980000, 0x00000000eab00000)
  object space 42496K, 54% used [0x00000000c0000000,0x00000000c168c880,0x00000000c2980000)
 Metaspace       used 6010K, capacity 7024K, committed 7296K, reserved 1056768K
  class space    used 579K, capacity 616K, committed 640K, reserved 1048576K
}
Event: 9.007 GC heap before
{Heap before GC invocations=9 (full 0):
 PSYoungGen      total 135168K, used 135155K [0x00000000eab00000, 0x00000000f4700000, 0x0000000100000000)
  eden space 121344K, 100% used [0x00000000eab00000,0x00000000f2180000,0x00000000f2180000)
  from space 13824K, 99% used [0x00000000f3280000,0x00000000f3ffcd18,0x00000000f4000000)
  to   space 17408K, 0% used [0x00000000f2180000,0x00000000f2180000,0x00000000f3280000)
 ParOldGen       total 42496K, used 23090K [0x00000000c0000000, 0x00000000c2980000, 0x00000000eab00000)
  object space 42496K, 54% used [0x00000000c0000000,0x00000000c168c880,0x00000000c2980000)
 Metaspace       used 6420K, capacity 7344K, committed 7552K, reserved 1056768K
  class space    used 597K, capacity 616K, committed 640K, reserved 1048576K

Deoptimization events (10 events):
Event: 4.719 Thread 0x00007f67ec142800 Uncommon trap: reason=unstable_if action=reinterpret pc=0x00007f67dd291bd8 method=java.util.HashMap.putVal(ILjava/lang/Object;Ljava/lang/Object;ZZ)Ljava/lang/Object; @ 162
Event: 4.908 Thread 0x00007f67ec143800 Uncommon trap: reason=unstable_if action=reinterpret pc=0x00007f67dd390714 method=java.util.HashMap.putVal(ILjava/lang/Object;Ljava/lang/Object;ZZ)Ljava/lang/Object; @ 162
Event: 5.202 Thread 0x00007f67ec143800 Uncommon trap: reason=unstable_if action=reinterpret pc=0x00007f67dd5e40b0 method=com.android.dx.rop.code.RegisterSpec.intersect(Lcom/android/dx/rop/code/RegisterSpec;Z)Lcom/android/dx/rop/code/RegisterSpec; @ 42
Event: 5.729 Thread 0x00007f67ec145800 Uncommon trap: reason=unstable_if action=reinterpret pc=0x00007f67dd35ee48 method=com.android.dx.dex.code.OutputFinisher.hasLocalInfo(Lcom/android/dx/dex/code/DalvInsn;)Z @ 24
Event: 5.993 Thread 0x00007f67ec00a000 Uncommon trap: reason=unstable_if action=reinterpret pc=0x00007f67dd568f4c method=com.android.dx.ssa.SCCP.simulateBranch(Lcom/android/dx/ssa/SsaInsn;)V @ 548
Event: 7.682 Thread 0x00007f67ec143800 Uncommon trap: reason=class_check action=maybe_recompile pc=0x00007f67dd35f5f8 method=java.util.Arrays.hashCode([Ljava/lang/Object;)I @ 43
Event: 7.682 Thread 0x00007f67ec143800 Uncommon trap: reason=class_check action=maybe_recompile pc=0x00007f67dd35f5f8 method=java.util.Arrays.hashCode([Ljava/lang/Object;)I @ 43
Event: 7.682 Thread 0x00007f67ec143800 Uncommon trap: reason=class_check action=maybe_recompile pc=0x00007f67dd35f5f8 method=java.util.Arrays.hashCode([Ljava/lang/Object;)I @ 43
Event: 7.682 Thread 0x00007f67ec143800 Uncommon trap: reason=class_check action=maybe_recompile pc=0x00007f67dd35f5f8 method=java.util.Arrays.hashCode([Ljava/lang/Object;)I @ 43
Event: 8.821 Thread 0x00007f67ec143800 Uncommon trap: reason=unstable_if action=reinterpret pc=0x00007f67dd2cdd9c method=java.util.Arrays.equals([Ljava/lang/Object;[Ljava/lang/Object;)Z @ 23

Internal exceptions (5 events):
Event: 0.072 Thread 0x00007f67ec00a000 Exception <a 'java/lang/NoSuchMethodError': Method sun.misc.Unsafe.defineClass(Ljava/lang/String;[BII)Ljava/lang/Class; name or signature does not match> (0x00000000eab07cc0) thrown at [/ssd/Android/AOSP-openjdk/external/jetbrains/jdk/hotspot/src/share/vm
Event: 0.072 Thread 0x00007f67ec00a000 Exception <a 'java/lang/NoSuchMethodError': Method sun.misc.Unsafe.prefetchRead(Ljava/lang/Object;J)V name or signature does not match> (0x00000000eab07fa8) thrown at [/ssd/Android/AOSP-openjdk/external/jetbrains/jdk/hotspot/src/share/vm/prims/jni.cpp, li
Event: 4.720 Thread 0x00007f67ec142800 Exception <a 'java/lang/ArrayIndexOutOfBoundsException': 18> (0x00000000eb427238) thrown at [/ssd/Android/AOSP-openjdk/external/jetbrains/jdk/hotspot/src/share/vm/interpreter/interpreterRuntime.cpp, line 366]
Event: 4.720 Thread 0x00007f67ec142800 Exception <a 'java/lang/ArrayIndexOutOfBoundsException': 145> (0x00000000eb428db8) thrown at [/ssd/Android/AOSP-openjdk/external/jetbrains/jdk/hotspot/src/share/vm/interpreter/interpreterRuntime.cpp, line 366]
Event: 4.721 Thread 0x00007f67ec142800 Exception <a 'java/lang/ArrayIndexOutOfBoundsException': 40> (0x00000000eb4de3c8) thrown at [/ssd/Android/AOSP-openjdk/external/jetbrains/jdk/hotspot/src/share/vm/interpreter/interpreterRuntime.cpp, line 366]

Events (10 events):
Event: 8.821 Thread 0x00007f67ec143800 Uncommon trap: trap_request=0xffffff65 fr.pc=0x00007f67dd2cdd9c
Event: 8.821 Thread 0x00007f67ec143800 DEOPT PACKING pc=0x00007f67dd2cdd9c sp=0x00007f67d8ced1c0
Event: 8.821 Thread 0x00007f67ec143800 DEOPT UNPACKING pc=0x00007f67dd004f69 sp=0x00007f67d8ced170 mode 2
Event: 8.821 loading class com/android/dx/dex/code/CatchTable$Entry
Event: 8.821 loading class com/android/dx/dex/code/CatchTable$Entry done
Event: 8.828 loading class com/android/dx/util/ByteArrayAnnotatedOutput
Event: 8.828 loading class com/android/dx/util/ByteArrayAnnotatedOutput done
Event: 8.912 loading class com/android/dx/rop/code/RegisterSpecList$Expander
Event: 8.912 loading class com/android/dx/rop/code/RegisterSpecList$Expander done
Event: 9.004 Executing VM operation: ParallelGCFailedAllocation


Dynamic libraries:
00400000-00401000 r-xp 00000000 08:09 394997                             /home/chiz/Documents/android-studio/jre/bin/java
00600000-00601000 r--p 00000000 08:09 394997                             /home/chiz/Documents/android-studio/jre/bin/java
00601000-00602000 rw-p 00001000 08:09 394997                             /home/chiz/Documents/android-studio/jre/bin/java
02234000-02255000 rw-p 00000000 00:00 0                                  [heap]
c0000000-c2980000 rw-p 00000000 00:00 0 
c2980000-eab00000 ---p 00000000 00:00 0 
eab00000-f4700000 rw-p 00000000 00:00 0 
f9a00000-100000000 ---p 00000000 00:00 0 
100000000-1000a0000 rw-p 00000000 00:00 0 
1000a0000-140000000 ---p 00000000 00:00 0 
7f678c000000-7f678c022000 rw-p 00000000 00:00 0 
7f678c022000-7f6790000000 ---p 00000000 00:00 0 
7f6794000000-7f6794026000 rw-p 00000000 00:00 0 
7f6794026000-7f6798000000 ---p 00000000 00:00 0 
7f6798000000-7f679802f000 rw-p 00000000 00:00 0 
7f679802f000-7f679c000000 ---p 00000000 00:00 0 
7f679c000000-7f679c029000 rw-p 00000000 00:00 0 
7f679c029000-7f67a0000000 ---p 00000000 00:00 0 
7f67a0000000-7f67a0021000 rw-p 00000000 00:00 0 
7f67a0021000-7f67a4000000 ---p 00000000 00:00 0 
7f67a4000000-7f67a4021000 rw-p 00000000 00:00 0 
7f67a4021000-7f67a8000000 ---p 00000000 00:00 0 
7f67a8000000-7f67a8021000 rw-p 00000000 00:00 0 
7f67a8021000-7f67ac000000 ---p 00000000 00:00 0 
7f67ac000000-7f67acbf5000 rw-p 00000000 00:00 0 
7f67acbf5000-7f67b0000000 ---p 00000000 00:00 0 
7f67b0000000-7f67b095c000 rw-p 00000000 00:00 0 
7f67b095c000-7f67b4000000 ---p 00000000 00:00 0 
7f67b4000000-7f67b4021000 rw-p 00000000 00:00 0 
7f67b4021000-7f67b8000000 ---p 00000000 00:00 0 
7f67b8000000-7f67b8ff4000 rw-p 00000000 00:00 0 
7f67b8ff4000-7f67bc000000 ---p 00000000 00:00 0 
7f67bc000000-7f67bc021000 rw-p 00000000 00:00 0 
7f67bc021000-7f67c0000000 ---p 00000000 00:00 0 
7f67c0000000-7f67c0021000 rw-p 00000000 00:00 0 
7f67c0021000-7f67c4000000 ---p 00000000 00:00 0 
7f67c4000000-7f67c4021000 rw-p 00000000 00:00 0 
7f67c4021000-7f67c8000000 ---p 00000000 00:00 0 
7f67c8000000-7f67c827d000 rw-p 00000000 00:00 0 
7f67c827d000-7f67cc000000 ---p 00000000 00:00 0 
7f67cc000000-7f67cc021000 rw-p 00000000 00:00 0 
7f67cc021000-7f67d0000000 ---p 00000000 00:00 0 
7f67d0000000-7f67d0021000 rw-p 00000000 00:00 0 
7f67d0021000-7f67d4000000 ---p 00000000 00:00 0 
7f67d4000000-7f67d4021000 rw-p 00000000 00:00 0 
7f67d4021000-7f67d8000000 ---p 00000000 00:00 0 
7f67d88eb000-7f67d88ee000 ---p 00000000 00:00 0 
7f67d88ee000-7f67d89ec000 rw-p 00000000 00:00 0 
7f67d89ec000-7f67d89ef000 ---p 00000000 00:00 0 
7f67d89ef000-7f67d8aed000 rw-p 00000000 00:00 0 
7f67d8aed000-7f67d8af0000 ---p 00000000 00:00 0 
7f67d8af0000-7f67d8bee000 rw-p 00000000 00:00 0 
7f67d8bee000-7f67d8bf1000 ---p 00000000 00:00 0 
7f67d8bf1000-7f67d8cef000 rw-p 00000000 00:00 0 
7f67d8cef000-7f67d8cf2000 ---p 00000000 00:00 0 
7f67d8cf2000-7f67d8df0000 rw-p 00000000 00:00 0 
7f67d8df0000-7f67d8df1000 ---p 00000000 00:00 0 
7f67d8df1000-7f67d8ef1000 rw-p 00000000 00:00 0 
7f67d8ef1000-7f67d8ef4000 ---p 00000000 00:00 0 
7f67d8ef4000-7f67d8ff2000 rw-p 00000000 00:00 0 
7f67d8ff2000-7f67d8ff5000 ---p 00000000 00:00 0 
7f67d8ff5000-7f67d90f3000 rw-p 00000000 00:00 0 
7f67d90f3000-7f67d90f6000 ---p 00000000 00:00 0 
7f67d90f6000-7f67d91f4000 rw-p 00000000 00:00 0 
7f67d91f4000-7f67d91f7000 ---p 00000000 00:00 0 
7f67d91f7000-7f67d92f5000 rw-p 00000000 00:00 0 
7f67d92f5000-7f67d92f8000 ---p 00000000 00:00 0 
7f67d92f8000-7f67d93f6000 rw-p 00000000 00:00 0 
7f67d93f6000-7f67d96ce000 r--p 00000000 08:08 266155                     /usr/lib/locale/locale-archive
7f67d96ce000-7f67d96d1000 ---p 00000000 00:00 0 
7f67d96d1000-7f67d97cf000 rw-p 00000000 00:00 0 
7f67d97cf000-7f67d97d2000 ---p 00000000 00:00 0 
7f67d97d2000-7f67d98d0000 rw-p 00000000 00:00 0 
7f67d98d0000-7f67d98d1000 ---p 00000000 00:00 0 
7f67d98d1000-7f67daec0000 rw-p 00000000 00:00 0 
7f67daec0000-7f67db000000 ---p 00000000 00:00 0 
7f67db000000-7f67dd000000 rw-p 00000000 00:00 0 
7f67dd000000-7f67dd7a0000 rwxp 00000000 00:00 0 
7f67dd7a0000-7f67ec000000 ---p 00000000 00:00 0 
7f67ec000000-7f67ec37f000 rw-p 00000000 00:00 0 
7f67ec37f000-7f67f0000000 ---p 00000000 00:00 0 
7f67f0016000-7f67f01a6000 rw-p 00000000 00:00 0 
7f67f01a6000-7f67f0373000 r--s 03bec000 08:09 395054                     /home/chiz/Documents/android-studio/jre/jre/lib/rt.jar
7f67f0373000-7f67f05e9000 rw-p 00000000 00:00 0 
7f67f05e9000-7f67f05ea000 ---p 00000000 00:00 0 
7f67f05ea000-7f67f06ea000 rw-p 00000000 00:00 0 
7f67f06ea000-7f67f06eb000 ---p 00000000 00:00 0 
7f67f06eb000-7f67f07eb000 rw-p 00000000 00:00 0 
7f67f07eb000-7f67f07ec000 ---p 00000000 00:00 0 
7f67f07ec000-7f67f08ec000 rw-p 00000000 00:00 0 
7f67f08ec000-7f67f08ed000 ---p 00000000 00:00 0 
7f67f08ed000-7f67f0a02000 rw-p 00000000 00:00 0 
7f67f0a02000-7f67f0b43000 ---p 00000000 00:00 0 
7f67f0b43000-7f67f0b58000 rw-p 00000000 00:00 0 
7f67f0b58000-7f67f0c98000 ---p 00000000 00:00 0 
7f67f0c98000-7f67f0ce7000 rw-p 00000000 00:00 0 
7f67f0ce7000-7f67f0d43000 ---p 00000000 00:00 0 
7f67f0d43000-7f67f0d63000 rw-p 00000000 00:00 0 
7f67f0d63000-7f67f1104000 ---p 00000000 00:00 0 
7f67f1104000-7f67f111e000 r-xp 00000000 08:09 395081                     /home/chiz/Documents/android-studio/jre/jre/lib/amd64/libzip.so
7f67f111e000-7f67f131e000 ---p 0001a000 08:09 395081                     /home/chiz/Documents/android-studio/jre/jre/lib/amd64/libzip.so
7f67f131e000-7f67f131f000 r--p 0001a000 08:09 395081                     /home/chiz/Documents/android-studio/jre/jre/lib/amd64/libzip.so
7f67f131f000-7f67f1320000 rw-p 0001b000 08:09 395081                     /home/chiz/Documents/android-studio/jre/jre/lib/amd64/libzip.so
7f67f1320000-7f67f132b000 r-xp 00000000 08:08 790501                     /lib/x86_64-linux-gnu/libnss_files-2.23.so
7f67f132b000-7f67f152a000 ---p 0000b000 08:08 790501                     /lib/x86_64-linux-gnu/libnss_files-2.23.so
7f67f152a000-7f67f152b000 r--p 0000a000 08:08 790501                     /lib/x86_64-linux-gnu/libnss_files-2.23.so
7f67f152b000-7f67f152c000 rw-p 0000b000 08:08 790501                     /lib/x86_64-linux-gnu/libnss_files-2.23.so
7f67f152c000-7f67f1532000 rw-p 00000000 00:00 0 
7f67f1532000-7f67f153d000 r-xp 00000000 08:08 789886                     /lib/x86_64-linux-gnu/libnss_nis-2.23.so
7f67f153d000-7f67f173c000 ---p 0000b000 08:08 789886                     /lib/x86_64-linux-gnu/libnss_nis-2.23.so
7f67f173c000-7f67f173d000 r--p 0000a000 08:08 789886                     /lib/x86_64-linux-gnu/libnss_nis-2.23.so
7f67f173d000-7f67f173e000 rw-p 0000b000 08:08 789886                     /lib/x86_64-linux-gnu/libnss_nis-2.23.so
7f67f173e000-7f67f1754000 r-xp 00000000 08:08 790458                     /lib/x86_64-linux-gnu/libnsl-2.23.so
7f67f1754000-7f67f1953000 ---p 00016000 08:08 790458                     /lib/x86_64-linux-gnu/libnsl-2.23.so
7f67f1953000-7f67f1954000 r--p 00015000 08:08 790458                     /lib/x86_64-linux-gnu/libnsl-2.23.so
7f67f1954000-7f67f1955000 rw-p 00016000 08:08 790458                     /lib/x86_64-linux-gnu/libnsl-2.23.so
7f67f1955000-7f67f1957000 rw-p 00000000 00:00 0 
7f67f1957000-7f67f195f000 r-xp 00000000 08:08 790459                     /lib/x86_64-linux-gnu/libnss_compat-2.23.so
7f67f195f000-7f67f1b5e000 ---p 00008000 08:08 790459                     /lib/x86_64-linux-gnu/libnss_compat-2.23.so
7f67f1b5e000-7f67f1b5f000 r--p 00007000 08:08 790459                     /lib/x86_64-linux-gnu/libnss_compat-2.23.so
7f67f1b5f000-7f67f1b60000 rw-p 00008000 08:08 790459                     /lib/x86_64-linux-gnu/libnss_compat-2.23.so
7f67f1b60000-7f67f1b8d000 r-xp 00000000 08:09 395091                     /home/chiz/Documents/android-studio/jre/jre/lib/amd64/libjava.so
7f67f1b8d000-7f67f1d8c000 ---p 0002d000 08:09 395091                     /home/chiz/Documents/android-studio/jre/jre/lib/amd64/libjava.so
7f67f1d8c000-7f67f1d8d000 r--p 0002c000 08:09 395091                     /home/chiz/Documents/android-studio/jre/jre/lib/amd64/libjava.so
7f67f1d8d000-7f67f1d8f000 rw-p 0002d000 08:09 395091                     /home/chiz/Documents/android-studio/jre/jre/lib/amd64/libjava.so
7f67f1d8f000-7f67f1d9f000 r-xp 00000000 08:09 395107                     /home/chiz/Documents/android-studio/jre/jre/lib/amd64/libverify.so
7f67f1d9f000-7f67f1f9e000 ---p 00010000 08:09 395107                     /home/chiz/Documents/android-studio/jre/jre/lib/amd64/libverify.so
7f67f1f9e000-7f67f1fa0000 r--p 0000f000 08:09 395107                     /home/chiz/Documents/android-studio/jre/jre/lib/amd64/libverify.so
7f67f1fa0000-7f67f1fa1000 rw-p 00011000 08:09 395107                     /home/chiz/Documents/android-studio/jre/jre/lib/amd64/libverify.so
7f67f1fa1000-7f67f1fa8000 r-xp 00000000 08:08 789885                     /lib/x86_64-linux-gnu/librt-2.23.so
7f67f1fa8000-7f67f21a7000 ---p 00007000 08:08 789885                     /lib/x86_64-linux-gnu/librt-2.23.so
7f67f21a7000-7f67f21a8000 r--p 00006000 08:08 789885                     /lib/x86_64-linux-gnu/librt-2.23.so
7f67f21a8000-7f67f21a9000 rw-p 00007000 08:08 789885                     /lib/x86_64-linux-gnu/librt-2.23.so
7f67f21a9000-7f67f22b1000 r-xp 00000000 08:08 790456                     /lib/x86_64-linux-gnu/libm-2.23.so
7f67f22b1000-7f67f24b0000 ---p 00108000 08:08 790456                     /lib/x86_64-linux-gnu/libm-2.23.so
7f67f24b0000-7f67f24b1000 r--p 00107000 08:08 790456                     /lib/x86_64-linux-gnu/libm-2.23.so
7f67f24b1000-7f67f24b2000 rw-p 00108000 08:08 790456                     /lib/x86_64-linux-gnu/libm-2.23.so
7f67f24b2000-7f67f3098000 r-xp 00000000 08:09 395111                     /home/chiz/Documents/android-studio/jre/jre/lib/amd64/server/libjvm.so
7f67f3098000-7f67f3298000 ---p 00be6000 08:09 395111                     /home/chiz/Documents/android-studio/jre/jre/lib/amd64/server/libjvm.so
7f67f3298000-7f67f3337000 r--p 00be6000 08:09 395111                     /home/chiz/Documents/android-studio/jre/jre/lib/amd64/server/libjvm.so
7f67f3337000-7f67f3360000 rw-p 00c85000 08:09 395111                     /home/chiz/Documents/android-studio/jre/jre/lib/amd64/server/libjvm.so
7f67f3360000-7f67f33a2000 rw-p 00000000 00:00 0 
7f67f33a2000-7f67f33ba000 r-xp 00000000 08:08 790457                     /lib/x86_64-linux-gnu/libpthread-2.23.so
7f67f33ba000-7f67f35b9000 ---p 00018000 08:08 790457                     /lib/x86_64-linux-gnu/libpthread-2.23.so
7f67f35b9000-7f67f35ba000 r--p 00017000 08:08 790457                     /lib/x86_64-linux-gnu/libpthread-2.23.so
7f67f35ba000-7f67f35bb000 rw-p 00018000 08:08 790457                     /lib/x86_64-linux-gnu/libpthread-2.23.so
7f67f35bb000-7f67f35bf000 rw-p 00000000 00:00 0 
7f67f35bf000-7f67f35c2000 r-xp 00000000 08:08 790324                     /lib/x86_64-linux-gnu/libdl-2.23.so
7f67f35c2000-7f67f37c1000 ---p 00003000 08:08 790324                     /lib/x86_64-linux-gnu/libdl-2.23.so
7f67f37c1000-7f67f37c2000 r--p 00002000 08:08 790324                     /lib/x86_64-linux-gnu/libdl-2.23.so
7f67f37c2000-7f67f37c3000 rw-p 00003000 08:08 790324                     /lib/x86_64-linux-gnu/libdl-2.23.so
7f67f37c3000-7f67f3982000 r-xp 00000000 08:08 790336                     /lib/x86_64-linux-gnu/libc-2.23.so
7f67f3982000-7f67f3b82000 ---p 001bf000 08:08 790336                     /lib/x86_64-linux-gnu/libc-2.23.so
7f67f3b82000-7f67f3b86000 r--p 001bf000 08:08 790336                     /lib/x86_64-linux-gnu/libc-2.23.so
7f67f3b86000-7f67f3b88000 rw-p 001c3000 08:08 790336                     /lib/x86_64-linux-gnu/libc-2.23.so
7f67f3b88000-7f67f3b8c000 rw-p 00000000 00:00 0 
7f67f3b8c000-7f67f3ba2000 r-xp 00000000 08:09 394971                     /home/chiz/Documents/android-studio/jre/lib/amd64/jli/libjli.so
7f67f3ba2000-7f67f3da1000 ---p 00016000 08:09 394971                     /home/chiz/Documents/android-studio/jre/lib/amd64/jli/libjli.so
7f67f3da1000-7f67f3da2000 r--p 00015000 08:09 394971                     /home/chiz/Documents/android-studio/jre/lib/amd64/jli/libjli.so
7f67f3da2000-7f67f3da3000 rw-p 00016000 08:09 394971                     /home/chiz/Documents/android-studio/jre/lib/amd64/jli/libjli.so
7f67f3da3000-7f67f3dc9000 r-xp 00000000 08:08 785103                     /lib/x86_64-linux-gnu/ld-2.23.so
7f67f3dcf000-7f67f3ea8000 rw-p 00000000 00:00 0 
7f67f3ea8000-7f67f3eab000 ---p 00000000 00:00 0 
7f67f3eab000-7f67f3fad000 rw-p 00000000 00:00 0 
7f67f3fae000-7f67f3fbc000 r--s 000e0000 08:09 288142                     /home/chiz/Android/Sdk/build-tools/25.0.1/lib/dx.jar
7f67f3fbc000-7f67f3fc4000 rw-s 00000000 08:08 139975                     /tmp/hsperfdata_chiz/7873
7f67f3fc4000-7f67f3fc5000 rw-p 00000000 00:00 0 
7f67f3fc5000-7f67f3fc6000 ---p 00000000 00:00 0 
7f67f3fc6000-7f67f3fc8000 rw-p 00000000 00:00 0 
7f67f3fc8000-7f67f3fc9000 r--p 00025000 08:08 785103                     /lib/x86_64-linux-gnu/ld-2.23.so
7f67f3fc9000-7f67f3fca000 rw-p 00026000 08:08 785103                     /lib/x86_64-linux-gnu/ld-2.23.so
7f67f3fca000-7f67f3fcb000 rw-p 00000000 00:00 0 
7ffcbd6eb000-7ffcbd70c000 rw-p 00000000 00:00 0                          [stack]
7ffcbd798000-7ffcbd79a000 r--p 00000000 00:00 0                          [vvar]
7ffcbd79a000-7ffcbd79c000 r-xp 00000000 00:00 0                          [vdso]
ffffffffff600000-ffffffffff601000 r-xp 00000000 00:00 0                  [vsyscall]

VM Arguments:
jvm_args: -Djava.awt.headless=true -Xmx1024M -Dfile.encoding=UTF-8 -Duser.country=PH -Duser.language=en -Duser.variant 
java_command: com.android.dx.command.Main --dex --force-jumbo --num-threads=4 --multi-dex --output /home/chiz/Documents/ANDROID_Projects/VINEYARD-FILES/Vineyard-App/app/build/intermediates/transforms/dex/release/folders/1000/10/com.android.support-appcompat-v7-25.0.1_f45d09893992b649b3a4de51f4beb06093bcfe48 /home/chiz/Documents/ANDROID_Projects/VINEYARD-FILES/Vineyard-App/app/build/intermediates/exploded-aar/com.android.support/appcompat-v7/25.0.1/jars/classes.jar
java_class_path (initial): /home/chiz/Android/Sdk/build-tools/25.0.1/lib/dx.jar
Launcher Type: SUN_STANDARD

Environment Variables:
PATH=/home/chiz/bin:/home/chiz/.local/bin:/usr/local/sbin:/usr/local/bin:/usr/sbin:/usr/bin:/sbin:/bin:/usr/games:/usr/local/games:/snap/bin
LD_LIBRARY_PATH=/home/chiz/Documents/android-studio/bin:
SHELL=/bin/bash
DISPLAY=:0

Signal Handlers:
SIGSEGV: [libjvm.so+0x9daac0], sa_mask[0]=11111111011111111101111111111110, sa_flags=SA_RESTART|SA_SIGINFO
SIGBUS: [libjvm.so+0x9daac0], sa_mask[0]=11111111011111111101111111111110, sa_flags=SA_RESTART|SA_SIGINFO
SIGFPE: [libjvm.so+0x840d90], sa_mask[0]=11111111011111111101111111111110, sa_flags=SA_RESTART|SA_SIGINFO
SIGPIPE: [libjvm.so+0x840d90], sa_mask[0]=11111111011111111101111111111110, sa_flags=SA_RESTART|SA_SIGINFO
SIGXFSZ: [libjvm.so+0x840d90], sa_mask[0]=11111111011111111101111111111110, sa_flags=SA_RESTART|SA_SIGINFO
SIGILL: [libjvm.so+0x840d90], sa_mask[0]=11111111011111111101111111111110, sa_flags=SA_RESTART|SA_SIGINFO
SIGUSR1: SIG_DFL, sa_mask[0]=00000000000000000000000000000000, sa_flags=none
SIGUSR2: [libjvm.so+0x840c60], sa_mask[0]=00100000000000000000000000000000, sa_flags=SA_RESTART|SA_SIGINFO
SIGHUP: [libjvm.so+0x840e50], sa_mask[0]=11111111011111111101111111111110, sa_flags=SA_RESTART|SA_SIGINFO
SIGINT: [libjvm.so+0x840e50], sa_mask[0]=11111111011111111101111111111110, sa_flags=SA_RESTART|SA_SIGINFO
SIGTERM: [libjvm.so+0x840e50], sa_mask[0]=11111111011111111101111111111110, sa_flags=SA_RESTART|SA_SIGINFO
SIGQUIT: [libjvm.so+0x840e50], sa_mask[0]=11111111011111111101111111111110, sa_flags=SA_RESTART|SA_SIGINFO


---------------  S Y S T E M  ---------------

OS:DISTRIB_ID=Ubuntu
DISTRIB_RELEASE=16.04
DISTRIB_CODENAME=xenial
DISTRIB_DESCRIPTION="Ubuntu 16.04.1 LTS"

uname:Linux 4.4.0-57-generic #78-Ubuntu SMP Fri Dec 9 23:50:32 UTC 2016 x86_64
libc:glibc 2.23 NPTL 2.23 
rlimit: STACK 8192k, CORE 0k, NPROC 15097, NOFILE 65536, AS infinity
load average:9.21 2.57 1.19

/proc/meminfo:
MemTotal:        3959116 kB
MemFree:          106224 kB
MemAvailable:      14744 kB
Buffers:             700 kB
Cached:           202228 kB
SwapCached:            0 kB
Active:          3441220 kB
Inactive:         189864 kB
Active(anon):    3438088 kB
Inactive(anon):   171024 kB
Active(file):       3132 kB
Inactive(file):    18840 kB
Unevictable:         168 kB
Mlocked:             168 kB
SwapTotal:             0 kB
SwapFree:              0 kB
Dirty:                92 kB
Writeback:             0 kB
AnonPages:       3428424 kB
Mapped:            75876 kB
Shmem:            180856 kB
Slab:              84468 kB
SReclaimable:      39920 kB
SUnreclaim:        44548 kB
KernelStack:       15120 kB
PageTables:        53388 kB
NFS_Unstable:          0 kB
Bounce:                0 kB
WritebackTmp:          0 kB
CommitLimit:     1979556 kB
Committed_AS:    9279984 kB
VmallocTotal:   34359738367 kB
VmallocUsed:           0 kB
VmallocChunk:          0 kB
HardwareCorrupted:     0 kB
AnonHugePages:   1372160 kB
CmaTotal:              0 kB
CmaFree:               0 kB
HugePages_Total:       0
HugePages_Free:        0
HugePages_Rsvd:        0
HugePages_Surp:        0
Hugepagesize:       2048 kB
DirectMap4k:      179776 kB
DirectMap2M:     3928064 kB
DirectMap1G:     1048576 kB


CPU:total 4 (2 cores per cpu, 2 threads per core) family 6 model 61 stepping 4, cmov, cx8, fxsr, mmx, sse, sse2, sse3, ssse3, sse4.1, sse4.2, popcnt, avx, avx2, aes, clmul, erms, 3dnowpref, lzcnt, ht, tsc, tscinvbit, bmi1, bmi2, adx

/proc/cpuinfo:
processor	: 0
vendor_id	: GenuineIntel
cpu family	: 6
model		: 61
model name	: Intel(R) Core(TM) i7-5500U CPU @ 2.40GHz
stepping	: 4
microcode	: 0x11
cpu MHz		: 2349.937
cache size	: 4096 KB
physical id	: 0
siblings	: 4
core id		: 0
cpu cores	: 2
apicid		: 0
initial apicid	: 0
fpu		: yes
fpu_exception	: yes
cpuid level	: 20
wp		: yes
flags		: fpu vme de pse tsc msr pae mce cx8 apic sep mtrr pge mca cmov pat pse36 clflush dts acpi mmx fxsr sse sse2 ss ht tm pbe syscall nx pdpe1gb rdtscp lm constant_tsc arch_perfmon pebs bts rep_good nopl xtopology nonstop_tsc aperfmperf eagerfpu pni pclmulqdq dtes64 monitor ds_cpl vmx est tm2 ssse3 sdbg fma cx16 xtpr pdcm pcid sse4_1 sse4_2 x2apic movbe popcnt tsc_deadline_timer aes xsave avx f16c rdrand lahf_lm abm 3dnowprefetch epb intel_pt tpr_shadow vnmi flexpriority ept vpid fsgsbase tsc_adjust bmi1 avx2 smep bmi2 erms invpcid rdseed adx smap xsaveopt dtherm ida arat pln pts
bugs		:
bogomips	: 4788.71
clflush size	: 64
cache_alignment	: 64
address sizes	: 39 bits physical, 48 bits virtual
power management:

processor	: 1
vendor_id	: GenuineIntel
cpu family	: 6
model		: 61
model name	: Intel(R) Core(TM) i7-5500U CPU @ 2.40GHz
stepping	: 4
microcode	: 0x11
cpu MHz		: 2400.000
cache size	: 4096 KB
physical id	: 0
siblings	: 4
core id		: 1
cpu cores	: 2
apicid		: 2
initial apicid	: 2
fpu		: yes
fpu_exception	: yes
cpuid level	: 20
wp		: yes
flags		: fpu vme de pse tsc msr pae mce cx8 apic sep mtrr pge mca cmov pat pse36 clflush dts acpi mmx fxsr sse sse2 ss ht tm pbe syscall nx pdpe1gb rdtscp lm constant_tsc arch_perfmon pebs bts rep_good nopl xtopology nonstop_tsc aperfmperf eagerfpu pni pclmulqdq dtes64 monitor ds_cpl vmx est tm2 ssse3 sdbg fma cx16 xtpr pdcm pcid sse4_1 sse4_2 x2apic movbe popcnt tsc_deadline_timer aes xsave avx f16c rdrand lahf_lm abm 3dnowprefetch epb intel_pt tpr_shadow vnmi flexpriority ept vpid fsgsbase tsc_adjust bmi1 avx2 smep bmi2 erms invpcid rdseed adx smap xsaveopt dtherm ida arat pln pts
bugs		:
bogomips	: 4788.71
clflush size	: 64
cache_alignment	: 64
address sizes	: 39 bits physical, 48 bits virtual
power management:

processor	: 2
vendor_id	: GenuineIntel
cpu family	: 6
model		: 61
model name	: Intel(R) Core(TM) i7-5500U CPU @ 2.40GHz
stepping	: 4
microcode	: 0x11
cpu MHz		: 2399.906
cache size	: 4096 KB
physical id	: 0
siblings	: 4
core id		: 0
cpu cores	: 2
apicid		: 1
initial apicid	: 1
fpu		: yes
fpu_exception	: yes
cpuid level	: 20
wp		: yes
flags		: fpu vme de pse tsc msr pae mce cx8 apic sep mtrr pge mca cmov pat pse36 clflush dts acpi mmx fxsr sse sse2 ss ht tm pbe syscall nx pdpe1gb rdtscp lm constant_tsc arch_perfmon pebs bts rep_good nopl xtopology nonstop_tsc aperfmperf eagerfpu pni pclmulqdq dtes64 monitor ds_cpl vmx est tm2 ssse3 sdbg fma cx16 xtpr pdcm pcid sse4_1 sse4_2 x2apic movbe popcnt tsc_deadline_timer aes xsave avx f16c rdrand lahf_lm abm 3dnowprefetch epb intel_pt tpr_shadow vnmi flexpriority ept vpid fsgsbase tsc_adjust bmi1 avx2 smep bmi2 erms invpcid rdseed adx smap xsaveopt dtherm ida arat pln pts
bugs		:
bogomips	: 4788.71
clflush size	: 64
cache_alignment	: 64
address sizes	: 39 bits physical, 48 bits virtual
power management:

processor	: 3
vendor_id	: GenuineIntel
cpu family	: 6
model		: 61
model name	: Intel(R) Core(TM) i7-5500U CPU @ 2.40GHz
stepping	: 4
microcode	: 0x11
cpu MHz		: 2400.000
cache size	: 4096 KB
physical id	: 0
siblings	: 4
core id		: 1
cpu cores	: 2
apicid		: 3
initial apicid	: 3
fpu		: yes
fpu_exception	: yes
cpuid level	: 20
wp		: yes
flags		: fpu vme de pse tsc msr pae mce cx8 apic sep mtrr pge mca cmov pat pse36 clflush dts acpi mmx fxsr sse sse2 ss ht tm pbe syscall nx pdpe1gb rdtscp lm constant_tsc arch_perfmon pebs bts rep_good nopl xtopology nonstop_tsc aperfmperf eagerfpu pni pclmulqdq dtes64 monitor ds_cpl vmx est tm2 ssse3 sdbg fma cx16 xtpr pdcm pcid sse4_1 sse4_2 x2apic movbe popcnt tsc_deadline_timer aes xsave avx f16c rdrand lahf_lm abm 3dnowprefetch epb intel_pt tpr_shadow vnmi flexpriority ept vpid fsgsbase tsc_adjust bmi1 avx2 smep bmi2 erms invpcid rdseed adx smap xsaveopt dtherm ida arat pln pts
bugs		:
bogomips	: 4788.71
clflush size	: 64
cache_alignment	: 64
address sizes	: 39 bits physical, 48 bits virtual
power management:



Memory: 4k page, physical 3959116k(106224k free), swap 0k(0k free)

vm_info: OpenJDK 64-Bit Server VM (25.76-b03) for linux-amd64 JRE (1.8.0_76-release-b03), built on Jun 29 2016 09:39:19 by "builder" with gcc 4.8.4

time: Wed Jan 11 16:46:37 2017
elapsed time: 20 seconds (0d 0h 0m 20s)

