#
# There is insufficient memory for the Java Runtime Environment to continue.
# Native memory allocation (mmap) failed to map 85983232 bytes for committing reserved memory.
# Possible reasons:
#   The system is out of physical RAM or swap space
#   In 32 bit mode, the process size limit was hit
# Possible solutions:
#   Reduce memory load on the system
#   Increase physical memory or swap space
#   Check if swap backing store is full
#   Use 64 bit Java on a 64 bit OS
#   Decrease Java heap size (-Xmx/-Xms)
#   Decrease number of Java threads
#   Decrease Java thread stack sizes (-Xss)
#   Set larger code cache with -XX:ReservedCodeCacheSize=
# This output file may be truncated or incomplete.
#
#  Out of Memory Error (os_linux.cpp:2627), pid=6646, tid=0x00007f70d38f8700
#
# JRE version: OpenJDK Runtime Environment (8.0_76-b03) (build 1.8.0_76-release-b03)
# Java VM: OpenJDK 64-Bit Server VM (25.76-b03 mixed mode linux-amd64 compressed oops)
# Failed to write core dump. Core dumps have been disabled. To enable core dumping, try "ulimit -c unlimited" before starting Java again
#

---------------  T H R E A D  ---------------

Current thread (0x00007f70ec077800):  VMThread [stack: 0x00007f70d37f8000,0x00007f70d38f9000] [id=6655]

Stack: [0x00007f70d37f8000,0x00007f70d38f9000],  sp=0x00007f70d38f74c0,  free space=1021k
Native frames: (J=compiled Java code, j=interpreted, Vv=VM code, C=native code)
V  [libjvm.so+0x9d9fcd]  VMError::report_and_die()+0x15d
V  [libjvm.so+0x4b4d4a]  report_vm_out_of_memory(char const*, int, unsigned long, VMErrorType, char const*)+0x8a
V  [libjvm.so+0x845190]  os::pd_commit_memory(char*, unsigned long, unsigned long, bool)+0xf0
V  [libjvm.so+0x83fcbf]  os::commit_memory(char*, unsigned long, unsigned long, bool)+0x1f
V  [libjvm.so+0x8b4d9b]  PSVirtualSpace::expand_by(unsigned long)+0x5b
V  [libjvm.so+0x8b5a10]  PSYoungGen::resize_generation(unsigned long, unsigned long)+0xb0
V  [libjvm.so+0x8b5d2b]  PSYoungGen::resize(unsigned long, unsigned long)+0x1b
V  [libjvm.so+0x8b241c]  PSScavenge::invoke_no_policy()+0xdac
V  [libjvm.so+0x8b2bf8]  PSScavenge::invoke()+0x38
V  [libjvm.so+0x8681f3]  ParallelScavengeHeap::failed_mem_allocate(unsigned long)+0x63
V  [libjvm.so+0x9dba94]  VM_ParallelGCFailedAllocation::doit()+0x84
V  [libjvm.so+0x9dfe47]  VM_Operation::evaluate()+0x47
V  [libjvm.so+0x9de908]  VMThread::evaluate_operation(VM_Operation*)+0x2c8
V  [libjvm.so+0x9ded89]  VMThread::loop()+0x219
V  [libjvm.so+0x9df1d2]  VMThread::run()+0x72
V  [libjvm.so+0x8425b2]  java_start(Thread*)+0xf2

VM_Operation (0x00007f70d2d15cb0): ParallelGCFailedAllocation, mode: safepoint, requested by thread 0x00007f70ec12d000


---------------  P R O C E S S  ---------------

Java Threads: ( => current thread )
  0x00007f70ec141800 JavaThread "pool-2-thread-4" [_thread_blocked, id=6674, stack(0x00007f70d2813000,0x00007f70d2914000)]
  0x00007f70ec141000 JavaThread "pool-2-thread-3" [_thread_blocked, id=6673, stack(0x00007f70d2914000,0x00007f70d2a15000)]
  0x00007f70ec13e800 JavaThread "pool-2-thread-2" [_thread_blocked, id=6672, stack(0x00007f70d2a15000,0x00007f70d2b16000)]
  0x00007f70ec12e000 JavaThread "pool-3-thread-1" [_thread_blocked, id=6670, stack(0x00007f70d2b16000,0x00007f70d2c17000)]
  0x00007f70ec12d000 JavaThread "pool-2-thread-1" [_thread_blocked, id=6669, stack(0x00007f70d2c17000,0x00007f70d2d18000)]
  0x00007f70ec0c0000 JavaThread "Service Thread" daemon [_thread_blocked, id=6667, stack(0x00007f70d2e19000,0x00007f70d2f1a000)]
  0x00007f70ec0bc800 JavaThread "C1 CompilerThread2" daemon [_thread_blocked, id=6666, stack(0x00007f70d2f1a000,0x00007f70d301b000)]
  0x00007f70ec0bb000 JavaThread "C2 CompilerThread1" daemon [_thread_blocked, id=6665, stack(0x00007f70d301b000,0x00007f70d311c000)]
  0x00007f70ec0b8000 JavaThread "C2 CompilerThread0" daemon [_thread_blocked, id=6664, stack(0x00007f70d311c000,0x00007f70d321d000)]
  0x00007f70ec0b6800 JavaThread "Signal Dispatcher" daemon [_thread_blocked, id=6663, stack(0x00007f70d321d000,0x00007f70d331e000)]
  0x00007f70ec084000 JavaThread "Finalizer" daemon [_thread_blocked, id=6658, stack(0x00007f70d35f6000,0x00007f70d36f7000)]
  0x00007f70ec07f800 JavaThread "Reference Handler" daemon [_thread_blocked, id=6656, stack(0x00007f70d36f7000,0x00007f70d37f8000)]
  0x00007f70ec00a000 JavaThread "main" [_thread_blocked, id=6648, stack(0x00007f70f1dd1000,0x00007f70f1ed2000)]

Other Threads:
=>0x00007f70ec077800 VMThread [stack: 0x00007f70d37f8000,0x00007f70d38f9000] [id=6655]
  0x00007f70ec0c2000 WatcherThread [stack: 0x00007f70d2d18000,0x00007f70d2e19000] [id=6668]

VM state:at safepoint (normal execution)

VM Mutex/Monitor currently owned by a thread:  ([mutex/lock_event])
[0x00007f70ec0067d0] Threads_lock - owner thread: 0x00007f70ec077800
[0x00007f70ec006cd0] Heap_lock - owner thread: 0x00007f70ec12d000

Heap:
 PSYoungGen      total 66048K, used 2542K [0x00000000eab00000, 0x00000000eee00000, 0x0000000100000000)
  eden space 63488K, 0% used [0x00000000eab00000,0x00000000eab00000,0x00000000ee900000)
  from space 2560K, 99% used [0x00000000ee900000,0x00000000eeb7b948,0x00000000eeb80000)
  to   space 2560K, 0% used [0x00000000eeb80000,0x00000000eeb80000,0x00000000eee00000)
 ParOldGen       total 42496K, used 22819K [0x00000000c0000000, 0x00000000c2980000, 0x00000000eab00000)
  object space 42496K, 53% used [0x00000000c0000000,0x00000000c1648de0,0x00000000c2980000)
 Metaspace       used 5779K, capacity 6960K, committed 7040K, reserved 1056768K
  class space    used 563K, capacity 616K, committed 640K, reserved 1048576K

Card table byte_map: [0x00007f70db99a000,0x00007f70dbb9b000] byte_map_base: 0x00007f70db39a000

Marking Bits: (ParMarkBitMap*) 0x00007f70f129e1a0
 Begin Bits: [0x00007f70d9440000, 0x00007f70da440000)
 End Bits:   [0x00007f70da440000, 0x00007f70db440000)

Polling page: 0x00007f70f1eee000

CodeCache: size=245760Kb used=5015Kb max_used=5015Kb free=240744Kb
 bounds [0x00007f70dbf5b000, 0x00007f70dc44b000, 0x00007f70eaf5b000]
 total_blobs=1517 nmethods=1256 adapters=176
 compilation: enabled

Compilation events (10 events):
Event: 4.162 Thread 0x00007f70ec0bc800 nmethod 1421 0x00007f70dc440710 code [0x00007f70dc4408a0, 0x00007f70dc440b08]
Event: 4.162 Thread 0x00007f70ec0bc800 1434       2       com.android.dx.ssa.PhiTypeResolver::run (179 bytes)
Event: 4.163 Thread 0x00007f70ec0bc800 nmethod 1434 0x00007f70dc440cd0 code [0x00007f70dc440f00, 0x00007f70dc4414a8]
Event: 4.163 Thread 0x00007f70ec0bc800 1420       2       com.android.dx.ssa.SsaConverter::edgeSplitPredecessors (44 bytes)
Event: 4.178 Thread 0x00007f70ec0bc800 nmethod 1420 0x00007f70dc441bd0 code [0x00007f70dc441d80, 0x00007f70dc442128]
Event: 4.178 Thread 0x00007f70ec0bc800 1469 %     3       com.android.dx.cf.iface.StdAttributeList::findFirst @ 7 (44 bytes)
Event: 4.178 Thread 0x00007f70ec0bc800 nmethod 1469% 0x00007f70dc4425d0 code [0x00007f70dc442780, 0x00007f70dc442f58]
Event: 4.178 Thread 0x00007f70ec0bc800 1471       2       com.android.dx.util.FixedSizeList::shrinkToFit (103 bytes)
Event: 4.179 Thread 0x00007f70ec0bc800 nmethod 1471 0x00007f70dc443210 code [0x00007f70dc4433a0, 0x00007f70dc443828]
Event: 4.179 Thread 0x00007f70ec0bc800 1435       2       com.android.dx.cf.code.Ropper::getRopMethod (64 bytes)

GC Heap History (9 events):
Event: 1.541 GC heap before
{Heap before GC invocations=1 (full 0):
 PSYoungGen      total 18432K, used 15872K [0x00000000eab00000, 0x00000000ebf80000, 0x0000000100000000)
  eden space 15872K, 100% used [0x00000000eab00000,0x00000000eba80000,0x00000000eba80000)
  from space 2560K, 0% used [0x00000000ebd00000,0x00000000ebd00000,0x00000000ebf80000)
  to   space 2560K, 0% used [0x00000000eba80000,0x00000000eba80000,0x00000000ebd00000)
 ParOldGen       total 42496K, used 0K [0x00000000c0000000, 0x00000000c2980000, 0x00000000eab00000)
  object space 42496K, 0% used [0x00000000c0000000,0x00000000c0000000,0x00000000c2980000)
 Metaspace       used 5378K, capacity 6576K, committed 6784K, reserved 1056768K
  class space    used 555K, capacity 616K, committed 640K, reserved 1048576K
Event: 1.576 GC heap after
Heap after GC invocations=1 (full 0):
 PSYoungGen      total 18432K, used 2554K [0x00000000eab00000, 0x00000000ecf00000, 0x0000000100000000)
  eden space 15872K, 0% used [0x00000000eab00000,0x00000000eab00000,0x00000000eba80000)
  from space 2560K, 99% used [0x00000000eba80000,0x00000000ebcfeab8,0x00000000ebd00000)
  to   space 2560K, 0% used [0x00000000ecc80000,0x00000000ecc80000,0x00000000ecf00000)
 ParOldGen       total 42496K, used 1443K [0x00000000c0000000, 0x00000000c2980000, 0x00000000eab00000)
  object space 42496K, 3% used [0x00000000c0000000,0x00000000c0168c60,0x00000000c2980000)
 Metaspace       used 5378K, capacity 6576K, committed 6784K, reserved 1056768K
  class space    used 555K, capacity 616K, committed 640K, reserved 1048576K
}
Event: 2.010 GC heap before
{Heap before GC invocations=2 (full 0):
 PSYoungGen      total 18432K, used 18426K [0x00000000eab00000, 0x00000000ecf00000, 0x0000000100000000)
  eden space 15872K, 100% used [0x00000000eab00000,0x00000000eba80000,0x00000000eba80000)
  from space 2560K, 99% used [0x00000000eba80000,0x00000000ebcfeab8,0x00000000ebd00000)
  to   space 2560K, 0% used [0x00000000ecc80000,0x00000000ecc80000,0x00000000ecf00000)
 ParOldGen       total 42496K, used 1443K [0x00000000c0000000, 0x00000000c2980000, 0x00000000eab00000)
  object space 42496K, 3% used [0x00000000c0000000,0x00000000c0168c60,0x00000000c2980000)
 Metaspace       used 5568K, capacity 6768K, committed 7040K, reserved 1056768K
  class space    used 559K, capacity 616K, committed 640K, reserved 1048576K
Event: 2.025 GC heap after
Heap after GC invocations=2 (full 0):
 PSYoungGen      total 34304K, used 2553K [0x00000000eab00000, 0x00000000ecf00000, 0x0000000100000000)
  eden space 31744K, 0% used [0x00000000eab00000,0x00000000eab00000,0x00000000eca00000)
  from space 2560K, 99% used [0x00000000ecc80000,0x00000000ecefe640,0x00000000ecf00000)
  to   space 2560K, 0% used [0x00000000eca00000,0x00000000eca00000,0x00000000ecc80000)
 ParOldGen       total 42496K, used 3602K [0x00000000c0000000, 0x00000000c2980000, 0x00000000eab00000)
  object space 42496K, 8% used [0x00000000c0000000,0x00000000c03849b0,0x00000000c2980000)
 Metaspace       used 5568K, capacity 6768K, committed 7040K, reserved 1056768K
  class space    used 559K, capacity 616K, committed 640K, reserved 1048576K
}
Event: 2.765 GC heap before
{Heap before GC invocations=3 (full 0):
 PSYoungGen      total 34304K, used 34297K [0x00000000eab00000, 0x00000000ecf00000, 0x0000000100000000)
  eden space 31744K, 100% used [0x00000000eab00000,0x00000000eca00000,0x00000000eca00000)
  from space 2560K, 99% used [0x00000000ecc80000,0x00000000ecefe640,0x00000000ecf00000)
  to   space 2560K, 0% used [0x00000000eca00000,0x00000000eca00000,0x00000000ecc80000)
 ParOldGen       total 42496K, used 3602K [0x00000000c0000000, 0x00000000c2980000, 0x00000000eab00000)
  object space 42496K, 8% used [0x00000000c0000000,0x00000000c03849b0,0x00000000c2980000)
 Metaspace       used 5677K, capacity 6832K, committed 7040K, reserved 1056768K
  class space    used 561K, capacity 616K, committed 640K, reserved 1048576K
Event: 2.810 GC heap after
Heap after GC invocations=3 (full 0):
 PSYoungGen      total 34304K, used 2534K [0x00000000eab00000, 0x00000000eee00000, 0x0000000100000000)
  eden space 31744K, 0% used [0x00000000eab00000,0x00000000eab00000,0x00000000eca00000)
  from space 2560K, 98% used [0x00000000eca00000,0x00000000ecc79960,0x00000000ecc80000)
  to   space 2560K, 0% used [0x00000000eeb80000,0x00000000eeb80000,0x00000000eee00000)
 ParOldGen       total 42496K, used 8732K [0x00000000c0000000, 0x00000000c2980000, 0x00000000eab00000)
  object space 42496K, 20% used [0x00000000c0000000,0x00000000c0887200,0x00000000c2980000)
 Metaspace       used 5677K, capacity 6832K, committed 7040K, reserved 1056768K
  class space    used 561K, capacity 616K, committed 640K, reserved 1048576K
}
Event: 3.313 GC heap before
{Heap before GC invocations=4 (full 0):
 PSYoungGen      total 34304K, used 34278K [0x00000000eab00000, 0x00000000eee00000, 0x0000000100000000)
  eden space 31744K, 100% used [0x00000000eab00000,0x00000000eca00000,0x00000000eca00000)
  from space 2560K, 98% used [0x00000000eca00000,0x00000000ecc79960,0x00000000ecc80000)
  to   space 2560K, 0% used [0x00000000eeb80000,0x00000000eeb80000,0x00000000eee00000)
 ParOldGen       total 42496K, used 8732K [0x00000000c0000000, 0x00000000c2980000, 0x00000000eab00000)
  object space 42496K, 20% used [0x00000000c0000000,0x00000000c0887200,0x00000000c2980000)
 Metaspace       used 5701K, capacity 6896K, committed 7040K, reserved 1056768K
  class space    used 561K, capacity 616K, committed 640K, reserved 1048576K
Event: 3.406 GC heap after
Heap after GC invocations=4 (full 0):
 PSYoungGen      total 66048K, used 2534K [0x00000000eab00000, 0x00000000eee00000, 0x0000000100000000)
  eden space 63488K, 0% used [0x00000000eab00000,0x00000000eab00000,0x00000000ee900000)
  from space 2560K, 98% used [0x00000000eeb80000,0x00000000eedf9960,0x00000000eee00000)
  to   space 2560K, 0% used [0x00000000ee900000,0x00000000ee900000,0x00000000eeb80000)
 ParOldGen       total 42496K, used 13598K [0x00000000c0000000, 0x00000000c2980000, 0x00000000eab00000)
  object space 42496K, 31% used [0x00000000c0000000,0x00000000c0d478e8,0x00000000c2980000)
 Metaspace       used 5701K, capacity 6896K, committed 7040K, reserved 1056768K
  class space    used 561K, capacity 616K, committed 640K, reserved 1048576K
}
Event: 4.198 GC heap before
{Heap before GC invocations=5 (full 0):
 PSYoungGen      total 66048K, used 66022K [0x00000000eab00000, 0x00000000eee00000, 0x0000000100000000)
  eden space 63488K, 100% used [0x00000000eab00000,0x00000000ee900000,0x00000000ee900000)
  from space 2560K, 98% used [0x00000000eeb80000,0x00000000eedf9960,0x00000000eee00000)
  to   space 2560K, 0% used [0x00000000ee900000,0x00000000ee900000,0x00000000eeb80000)
 ParOldGen       total 42496K, used 13598K [0x00000000c0000000, 0x00000000c2980000, 0x00000000eab00000)
  object space 42496K, 31% used [0x00000000c0000000,0x00000000c0d478e8,0x00000000c2980000)
 Metaspace       used 5779K, capacity 6960K, committed 7040K, reserved 1056768K
  class space    used 563K, capacity 616K, committed 640K, reserved 1048576K

Deoptimization events (10 events):
Event: 2.893 Thread 0x00007f70ec141000 Uncommon trap: reason=bimorphic action=maybe_recompile pc=0x00007f70dc19b36c method=java.util.HashMap.getNode(ILjava/lang/Object;)Ljava/util/HashMap$Node; @ 126
Event: 2.893 Thread 0x00007f70ec141000 Uncommon trap: reason=bimorphic action=maybe_recompile pc=0x00007f70dc19b36c method=java.util.HashMap.getNode(ILjava/lang/Object;)Ljava/util/HashMap$Node; @ 126
Event: 2.970 Thread 0x00007f70ec141000 Uncommon trap: reason=bimorphic action=maybe_recompile pc=0x00007f70dc19b36c method=java.util.HashMap.getNode(ILjava/lang/Object;)Ljava/util/HashMap$Node; @ 126
Event: 2.970 Thread 0x00007f70ec141000 Uncommon trap: reason=class_check action=maybe_recompile pc=0x00007f70dc2c9dcc method=java.util.HashMap.putVal(ILjava/lang/Object;Ljava/lang/Object;ZZ)Ljava/lang/Object; @ 203
Event: 2.970 Thread 0x00007f70ec141000 Uncommon trap: reason=class_check action=maybe_recompile pc=0x00007f70dc2c9dcc method=java.util.HashMap.putVal(ILjava/lang/Object;Ljava/lang/Object;ZZ)Ljava/lang/Object; @ 203
Event: 3.052 Thread 0x00007f70ec141800 Uncommon trap: reason=class_check action=maybe_recompile pc=0x00007f70dc1c5158 method=com.android.dx.rop.type.Type.equals(Ljava/lang/Object;)Z @ 8
Event: 3.093 Thread 0x00007f70ec141800 Uncommon trap: reason=class_check action=maybe_recompile pc=0x00007f70dc1c5158 method=com.android.dx.rop.type.Type.equals(Ljava/lang/Object;)Z @ 8
Event: 3.096 Thread 0x00007f70ec141800 Uncommon trap: reason=class_check action=maybe_recompile pc=0x00007f70dc1c5158 method=com.android.dx.rop.type.Type.equals(Ljava/lang/Object;)Z @ 8
Event: 3.113 Thread 0x00007f70ec141800 Uncommon trap: reason=class_check action=maybe_recompile pc=0x00007f70dc1c5158 method=com.android.dx.rop.type.Type.equals(Ljava/lang/Object;)Z @ 8
Event: 3.998 Thread 0x00007f70ec12d000 Uncommon trap: reason=unstable_if action=reinterpret pc=0x00007f70dc283abc method=com.android.dx.rop.code.LocalItem.compareHandlesNulls(Lcom/android/dx/rop/cst/CstString;Lcom/android/dx/rop/cst/CstString;)I @ 14

Internal exceptions (3 events):
Event: 0.141 Thread 0x00007f70ec00a000 Exception <a 'java/lang/NoSuchMethodError': Method sun.misc.Unsafe.defineClass(Ljava/lang/String;[BII)Ljava/lang/Class; name or signature does not match> (0x00000000eab07cc0) thrown at [/ssd/Android/AOSP-openjdk/external/jetbrains/jdk/hotspot/src/share/vm
Event: 0.141 Thread 0x00007f70ec00a000 Exception <a 'java/lang/NoSuchMethodError': Method sun.misc.Unsafe.prefetchRead(Ljava/lang/Object;J)V name or signature does not match> (0x00000000eab07fa8) thrown at [/ssd/Android/AOSP-openjdk/external/jetbrains/jdk/hotspot/src/share/vm/prims/jni.cpp, li
Event: 3.998 Thread 0x00007f70ec12d000 Implicit null exception at 0x00007f70dc2838cd to 0x00007f70dc283aa9

Events (10 events):
Event: 3.998 Thread 0x00007f70ec12d000 Uncommon trap: trap_request=0xffffff65 fr.pc=0x00007f70dc283abc
Event: 3.998 Thread 0x00007f70ec12d000 DEOPT PACKING pc=0x00007f70dc283abc sp=0x00007f70d2d160f0
Event: 4.033 Thread 0x00007f70ec12d000 DEOPT UNPACKING pc=0x00007f70dbf5ff69 sp=0x00007f70d2d16050 mode 2
Event: 4.075 Thread 0x00007f70ec13e800 DEOPT PACKING pc=0x00007f70dc2af55f sp=0x00007f70d2b13f00
Event: 4.075 Thread 0x00007f70ec13e800 DEOPT UNPACKING pc=0x00007f70dbfa2373 sp=0x00007f70d2b13d60 mode 0
Event: 4.159 loading class java/util/HashMap$KeySet
Event: 4.159 loading class java/util/HashMap$KeySet done
Event: 4.159 loading class java/util/HashMap$KeyIterator
Event: 4.159 loading class java/util/HashMap$KeyIterator done
Event: 4.179 Executing VM operation: ParallelGCFailedAllocation


Dynamic libraries:
00400000-00401000 r-xp 00000000 08:09 394997                             /home/chiz/Documents/android-studio/jre/bin/java
00600000-00601000 r--p 00000000 08:09 394997                             /home/chiz/Documents/android-studio/jre/bin/java
00601000-00602000 rw-p 00001000 08:09 394997                             /home/chiz/Documents/android-studio/jre/bin/java
01656000-01677000 rw-p 00000000 00:00 0                                  [heap]
c0000000-c2980000 rw-p 00000000 00:00 0 
c2980000-eab00000 ---p 00000000 00:00 0 
eab00000-eee00000 rw-p 00000000 00:00 0 
f4000000-100000000 ---p 00000000 00:00 0 
100000000-1000a0000 rw-p 00000000 00:00 0 
1000a0000-140000000 ---p 00000000 00:00 0 
7f7084000000-7f7084021000 rw-p 00000000 00:00 0 
7f7084021000-7f7088000000 ---p 00000000 00:00 0 
7f708c000000-7f708c021000 rw-p 00000000 00:00 0 
7f708c021000-7f7090000000 ---p 00000000 00:00 0 
7f7090000000-7f7090021000 rw-p 00000000 00:00 0 
7f7090021000-7f7094000000 ---p 00000000 00:00 0 
7f7094000000-7f709402e000 rw-p 00000000 00:00 0 
7f709402e000-7f7098000000 ---p 00000000 00:00 0 
7f7098000000-7f7098021000 rw-p 00000000 00:00 0 
7f7098021000-7f709c000000 ---p 00000000 00:00 0 
7f709c000000-7f709c021000 rw-p 00000000 00:00 0 
7f709c021000-7f70a0000000 ---p 00000000 00:00 0 
7f70a0000000-7f70a0021000 rw-p 00000000 00:00 0 
7f70a0021000-7f70a4000000 ---p 00000000 00:00 0 
7f70a4000000-7f70a44be000 rw-p 00000000 00:00 0 
7f70a44be000-7f70a8000000 ---p 00000000 00:00 0 
7f70a8000000-7f70a892a000 rw-p 00000000 00:00 0 
7f70a892a000-7f70ac000000 ---p 00000000 00:00 0 
7f70ac000000-7f70ac021000 rw-p 00000000 00:00 0 
7f70ac021000-7f70b0000000 ---p 00000000 00:00 0 
7f70b0000000-7f70b05cf000 rw-p 00000000 00:00 0 
7f70b05cf000-7f70b4000000 ---p 00000000 00:00 0 
7f70b4000000-7f70b4021000 rw-p 00000000 00:00 0 
7f70b4021000-7f70b8000000 ---p 00000000 00:00 0 
7f70b8000000-7f70b8021000 rw-p 00000000 00:00 0 
7f70b8021000-7f70bc000000 ---p 00000000 00:00 0 
7f70bc000000-7f70bc021000 rw-p 00000000 00:00 0 
7f70bc021000-7f70c0000000 ---p 00000000 00:00 0 
7f70c0000000-7f70c027d000 rw-p 00000000 00:00 0 
7f70c027d000-7f70c4000000 ---p 00000000 00:00 0 
7f70c4000000-7f70c4021000 rw-p 00000000 00:00 0 
7f70c4021000-7f70c8000000 ---p 00000000 00:00 0 
7f70cc000000-7f70cc021000 rw-p 00000000 00:00 0 
7f70cc021000-7f70d0000000 ---p 00000000 00:00 0 
7f70d2813000-7f70d2816000 ---p 00000000 00:00 0 
7f70d2816000-7f70d2914000 rw-p 00000000 00:00 0 
7f70d2914000-7f70d2917000 ---p 00000000 00:00 0 
7f70d2917000-7f70d2a15000 rw-p 00000000 00:00 0 
7f70d2a15000-7f70d2a18000 ---p 00000000 00:00 0 
7f70d2a18000-7f70d2b16000 rw-p 00000000 00:00 0 
7f70d2b16000-7f70d2b19000 ---p 00000000 00:00 0 
7f70d2b19000-7f70d2c17000 rw-p 00000000 00:00 0 
7f70d2c17000-7f70d2c1a000 ---p 00000000 00:00 0 
7f70d2c1a000-7f70d2d18000 rw-p 00000000 00:00 0 
7f70d2d18000-7f70d2d19000 ---p 00000000 00:00 0 
7f70d2d19000-7f70d2e19000 rw-p 00000000 00:00 0 
7f70d2e19000-7f70d2e1c000 ---p 00000000 00:00 0 
7f70d2e1c000-7f70d2f1a000 rw-p 00000000 00:00 0 
7f70d2f1a000-7f70d2f1d000 ---p 00000000 00:00 0 
7f70d2f1d000-7f70d301b000 rw-p 00000000 00:00 0 
7f70d301b000-7f70d301e000 ---p 00000000 00:00 0 
7f70d301e000-7f70d311c000 rw-p 00000000 00:00 0 
7f70d311c000-7f70d311f000 ---p 00000000 00:00 0 
7f70d311f000-7f70d321d000 rw-p 00000000 00:00 0 
7f70d321d000-7f70d3220000 ---p 00000000 00:00 0 
7f70d3220000-7f70d331e000 rw-p 00000000 00:00 0 
7f70d331e000-7f70d35f6000 r--p 00000000 08:08 266155                     /usr/lib/locale/locale-archive
7f70d35f6000-7f70d35f9000 ---p 00000000 00:00 0 
7f70d35f9000-7f70d36f7000 rw-p 00000000 00:00 0 
7f70d36f7000-7f70d36fa000 ---p 00000000 00:00 0 
7f70d36fa000-7f70d37f8000 rw-p 00000000 00:00 0 
7f70d37f8000-7f70d37f9000 ---p 00000000 00:00 0 
7f70d37f9000-7f70d4000000 rw-p 00000000 00:00 0 
7f70d4000000-7f70d4021000 rw-p 00000000 00:00 0 
7f70d4021000-7f70d8000000 ---p 00000000 00:00 0 
7f70d8008000-7f70d8873000 rw-p 00000000 00:00 0 
7f70d8873000-7f70d8a40000 r--s 03bec000 08:09 395054                     /home/chiz/Documents/android-studio/jre/jre/lib/rt.jar
7f70d8a40000-7f70d9080000 rw-p 00000000 00:00 0 
7f70d9080000-7f70d9240000 ---p 00000000 00:00 0 
7f70d9240000-7f70db440000 rw-p 00000000 00:00 0 
7f70db440000-7f70db441000 ---p 00000000 00:00 0 
7f70db441000-7f70db541000 rw-p 00000000 00:00 0 
7f70db541000-7f70db542000 ---p 00000000 00:00 0 
7f70db542000-7f70db642000 rw-p 00000000 00:00 0 
7f70db642000-7f70db643000 ---p 00000000 00:00 0 
7f70db643000-7f70db743000 rw-p 00000000 00:00 0 
7f70db743000-7f70db744000 ---p 00000000 00:00 0 
7f70db744000-7f70db859000 rw-p 00000000 00:00 0 
7f70db859000-7f70db99a000 ---p 00000000 00:00 0 
7f70db99a000-7f70db9af000 rw-p 00000000 00:00 0 
7f70db9af000-7f70dbaef000 ---p 00000000 00:00 0 
7f70dbaef000-7f70dbb11000 rw-p 00000000 00:00 0 
7f70dbb11000-7f70dbb9a000 ---p 00000000 00:00 0 
7f70dbb9a000-7f70dbbaf000 rw-p 00000000 00:00 0 
7f70dbbaf000-7f70dbf5b000 ---p 00000000 00:00 0 
7f70dbf5b000-7f70dc44b000 rwxp 00000000 00:00 0 
7f70dc44b000-7f70eaf5b000 ---p 00000000 00:00 0 
7f70eaf5b000-7f70eaf75000 r-xp 00000000 08:09 395081                     /home/chiz/Documents/android-studio/jre/jre/lib/amd64/libzip.so
7f70eaf75000-7f70eb175000 ---p 0001a000 08:09 395081                     /home/chiz/Documents/android-studio/jre/jre/lib/amd64/libzip.so
7f70eb175000-7f70eb176000 r--p 0001a000 08:09 395081                     /home/chiz/Documents/android-studio/jre/jre/lib/amd64/libzip.so
7f70eb176000-7f70eb177000 rw-p 0001b000 08:09 395081                     /home/chiz/Documents/android-studio/jre/jre/lib/amd64/libzip.so
7f70eb177000-7f70eb182000 r-xp 00000000 08:08 790501                     /lib/x86_64-linux-gnu/libnss_files-2.23.so
7f70eb182000-7f70eb381000 ---p 0000b000 08:08 790501                     /lib/x86_64-linux-gnu/libnss_files-2.23.so
7f70eb381000-7f70eb382000 r--p 0000a000 08:08 790501                     /lib/x86_64-linux-gnu/libnss_files-2.23.so
7f70eb382000-7f70eb383000 rw-p 0000b000 08:08 790501                     /lib/x86_64-linux-gnu/libnss_files-2.23.so
7f70eb383000-7f70eb389000 rw-p 00000000 00:00 0 
7f70eb389000-7f70eb394000 r-xp 00000000 08:08 789886                     /lib/x86_64-linux-gnu/libnss_nis-2.23.so
7f70eb394000-7f70eb593000 ---p 0000b000 08:08 789886                     /lib/x86_64-linux-gnu/libnss_nis-2.23.so
7f70eb593000-7f70eb594000 r--p 0000a000 08:08 789886                     /lib/x86_64-linux-gnu/libnss_nis-2.23.so
7f70eb594000-7f70eb595000 rw-p 0000b000 08:08 789886                     /lib/x86_64-linux-gnu/libnss_nis-2.23.so
7f70eb595000-7f70eb5ab000 r-xp 00000000 08:08 790458                     /lib/x86_64-linux-gnu/libnsl-2.23.so
7f70eb5ab000-7f70eb7aa000 ---p 00016000 08:08 790458                     /lib/x86_64-linux-gnu/libnsl-2.23.so
7f70eb7aa000-7f70eb7ab000 r--p 00015000 08:08 790458                     /lib/x86_64-linux-gnu/libnsl-2.23.so
7f70eb7ab000-7f70eb7ac000 rw-p 00016000 08:08 790458                     /lib/x86_64-linux-gnu/libnsl-2.23.so
7f70eb7ac000-7f70eb7ae000 rw-p 00000000 00:00 0 
7f70eb7ae000-7f70eb7b6000 r-xp 00000000 08:08 790459                     /lib/x86_64-linux-gnu/libnss_compat-2.23.so
7f70eb7b6000-7f70eb9b5000 ---p 00008000 08:08 790459                     /lib/x86_64-linux-gnu/libnss_compat-2.23.so
7f70eb9b5000-7f70eb9b6000 r--p 00007000 08:08 790459                     /lib/x86_64-linux-gnu/libnss_compat-2.23.so
7f70eb9b6000-7f70eb9b7000 rw-p 00008000 08:08 790459                     /lib/x86_64-linux-gnu/libnss_compat-2.23.so
7f70eb9b7000-7f70eb9e4000 r-xp 00000000 08:09 395091                     /home/chiz/Documents/android-studio/jre/jre/lib/amd64/libjava.so
7f70eb9e4000-7f70ebbe3000 ---p 0002d000 08:09 395091                     /home/chiz/Documents/android-studio/jre/jre/lib/amd64/libjava.so
7f70ebbe3000-7f70ebbe4000 r--p 0002c000 08:09 395091                     /home/chiz/Documents/android-studio/jre/jre/lib/amd64/libjava.so
7f70ebbe4000-7f70ebbe6000 rw-p 0002d000 08:09 395091                     /home/chiz/Documents/android-studio/jre/jre/lib/amd64/libjava.so
7f70ebbe6000-7f70ebbf6000 r-xp 00000000 08:09 395107                     /home/chiz/Documents/android-studio/jre/jre/lib/amd64/libverify.so
7f70ebbf6000-7f70ebdf5000 ---p 00010000 08:09 395107                     /home/chiz/Documents/android-studio/jre/jre/lib/amd64/libverify.so
7f70ebdf5000-7f70ebdf7000 r--p 0000f000 08:09 395107                     /home/chiz/Documents/android-studio/jre/jre/lib/amd64/libverify.so
7f70ebdf7000-7f70ebdf8000 rw-p 00011000 08:09 395107                     /home/chiz/Documents/android-studio/jre/jre/lib/amd64/libverify.so
7f70ebdf8000-7f70ebdff000 r-xp 00000000 08:08 789885                     /lib/x86_64-linux-gnu/librt-2.23.so
7f70ebdff000-7f70ebffe000 ---p 00007000 08:08 789885                     /lib/x86_64-linux-gnu/librt-2.23.so
7f70ebffe000-7f70ebfff000 r--p 00006000 08:08 789885                     /lib/x86_64-linux-gnu/librt-2.23.so
7f70ebfff000-7f70ec000000 rw-p 00007000 08:08 789885                     /lib/x86_64-linux-gnu/librt-2.23.so
7f70ec000000-7f70ec37f000 rw-p 00000000 00:00 0 
7f70ec37f000-7f70f0000000 ---p 00000000 00:00 0 
7f70f000f000-7f70f00d2000 rw-p 00000000 00:00 0 
7f70f00d2000-7f70f01da000 r-xp 00000000 08:08 790456                     /lib/x86_64-linux-gnu/libm-2.23.so
7f70f01da000-7f70f03d9000 ---p 00108000 08:08 790456                     /lib/x86_64-linux-gnu/libm-2.23.so
7f70f03d9000-7f70f03da000 r--p 00107000 08:08 790456                     /lib/x86_64-linux-gnu/libm-2.23.so
7f70f03da000-7f70f03db000 rw-p 00108000 08:08 790456                     /lib/x86_64-linux-gnu/libm-2.23.so
7f70f03db000-7f70f0fc1000 r-xp 00000000 08:09 395111                     /home/chiz/Documents/android-studio/jre/jre/lib/amd64/server/libjvm.so
7f70f0fc1000-7f70f11c1000 ---p 00be6000 08:09 395111                     /home/chiz/Documents/android-studio/jre/jre/lib/amd64/server/libjvm.so
7f70f11c1000-7f70f1260000 r--p 00be6000 08:09 395111                     /home/chiz/Documents/android-studio/jre/jre/lib/amd64/server/libjvm.so
7f70f1260000-7f70f1289000 rw-p 00c85000 08:09 395111                     /home/chiz/Documents/android-studio/jre/jre/lib/amd64/server/libjvm.so
7f70f1289000-7f70f12cb000 rw-p 00000000 00:00 0 
7f70f12cb000-7f70f12e3000 r-xp 00000000 08:08 790457                     /lib/x86_64-linux-gnu/libpthread-2.23.so
7f70f12e3000-7f70f14e2000 ---p 00018000 08:08 790457                     /lib/x86_64-linux-gnu/libpthread-2.23.so
7f70f14e2000-7f70f14e3000 r--p 00017000 08:08 790457                     /lib/x86_64-linux-gnu/libpthread-2.23.so
7f70f14e3000-7f70f14e4000 rw-p 00018000 08:08 790457                     /lib/x86_64-linux-gnu/libpthread-2.23.so
7f70f14e4000-7f70f14e8000 rw-p 00000000 00:00 0 
7f70f14e8000-7f70f14eb000 r-xp 00000000 08:08 790324                     /lib/x86_64-linux-gnu/libdl-2.23.so
7f70f14eb000-7f70f16ea000 ---p 00003000 08:08 790324                     /lib/x86_64-linux-gnu/libdl-2.23.so
7f70f16ea000-7f70f16eb000 r--p 00002000 08:08 790324                     /lib/x86_64-linux-gnu/libdl-2.23.so
7f70f16eb000-7f70f16ec000 rw-p 00003000 08:08 790324                     /lib/x86_64-linux-gnu/libdl-2.23.so
7f70f16ec000-7f70f18ab000 r-xp 00000000 08:08 790336                     /lib/x86_64-linux-gnu/libc-2.23.so
7f70f18ab000-7f70f1aab000 ---p 001bf000 08:08 790336                     /lib/x86_64-linux-gnu/libc-2.23.so
7f70f1aab000-7f70f1aaf000 r--p 001bf000 08:08 790336                     /lib/x86_64-linux-gnu/libc-2.23.so
7f70f1aaf000-7f70f1ab1000 rw-p 001c3000 08:08 790336                     /lib/x86_64-linux-gnu/libc-2.23.so
7f70f1ab1000-7f70f1ab5000 rw-p 00000000 00:00 0 
7f70f1ab5000-7f70f1acb000 r-xp 00000000 08:09 394971                     /home/chiz/Documents/android-studio/jre/lib/amd64/jli/libjli.so
7f70f1acb000-7f70f1cca000 ---p 00016000 08:09 394971                     /home/chiz/Documents/android-studio/jre/lib/amd64/jli/libjli.so
7f70f1cca000-7f70f1ccb000 r--p 00015000 08:09 394971                     /home/chiz/Documents/android-studio/jre/lib/amd64/jli/libjli.so
7f70f1ccb000-7f70f1ccc000 rw-p 00016000 08:09 394971                     /home/chiz/Documents/android-studio/jre/lib/amd64/jli/libjli.so
7f70f1ccc000-7f70f1cf2000 r-xp 00000000 08:08 785103                     /lib/x86_64-linux-gnu/ld-2.23.so
7f70f1cf8000-7f70f1dd1000 rw-p 00000000 00:00 0 
7f70f1dd1000-7f70f1dd4000 ---p 00000000 00:00 0 
7f70f1dd4000-7f70f1ed6000 rw-p 00000000 00:00 0 
7f70f1ed7000-7f70f1ee5000 r--s 000e0000 08:09 288142                     /home/chiz/Android/Sdk/build-tools/25.0.1/lib/dx.jar
7f70f1ee5000-7f70f1eed000 rw-s 00000000 08:08 139904                     /tmp/hsperfdata_chiz/6646
7f70f1eed000-7f70f1eee000 rw-p 00000000 00:00 0 
7f70f1eee000-7f70f1eef000 ---p 00000000 00:00 0 
7f70f1eef000-7f70f1ef1000 rw-p 00000000 00:00 0 
7f70f1ef1000-7f70f1ef2000 r--p 00025000 08:08 785103                     /lib/x86_64-linux-gnu/ld-2.23.so
7f70f1ef2000-7f70f1ef3000 rw-p 00026000 08:08 785103                     /lib/x86_64-linux-gnu/ld-2.23.so
7f70f1ef3000-7f70f1ef4000 rw-p 00000000 00:00 0 
7ffc9cbe6000-7ffc9cc07000 rw-p 00000000 00:00 0                          [stack]
7ffc9cc3c000-7ffc9cc3e000 r--p 00000000 00:00 0                          [vvar]
7ffc9cc3e000-7ffc9cc40000 r-xp 00000000 00:00 0                          [vdso]
ffffffffff600000-ffffffffff601000 r-xp 00000000 00:00 0                  [vsyscall]

VM Arguments:
jvm_args: -Djava.awt.headless=true -Xmx1024M -Dfile.encoding=UTF-8 -Duser.country=PH -Duser.language=en -Duser.variant 
java_command: com.android.dx.command.Main --dex --force-jumbo --num-threads=4 --multi-dex --output /home/chiz/Documents/ANDROID_Projects/VINEYARD-FILES/Vineyard-App/app/build/intermediates/transforms/dex/release/folders/1000/10/com.android.support-design-25.0.1_d98d651ff46d40b66ea78d0b0a264cb17f371a06 /home/chiz/Documents/ANDROID_Projects/VINEYARD-FILES/Vineyard-App/app/build/intermediates/exploded-aar/com.android.support/design/25.0.1/jars/classes.jar
java_class_path (initial): /home/chiz/Android/Sdk/build-tools/25.0.1/lib/dx.jar
Launcher Type: SUN_STANDARD

Environment Variables:
PATH=/home/chiz/bin:/home/chiz/.local/bin:/usr/local/sbin:/usr/local/bin:/usr/sbin:/usr/bin:/sbin:/bin:/usr/games:/usr/local/games:/snap/bin
LD_LIBRARY_PATH=/home/chiz/Documents/android-studio/bin:
SHELL=/bin/bash
DISPLAY=:0

Signal Handlers:
SIGSEGV: [libjvm.so+0x9daac0], sa_mask[0]=11111111011111111101111111111110, sa_flags=SA_RESTART|SA_SIGINFO
SIGBUS: [libjvm.so+0x9daac0], sa_mask[0]=11111111011111111101111111111110, sa_flags=SA_RESTART|SA_SIGINFO
SIGFPE: [libjvm.so+0x840d90], sa_mask[0]=11111111011111111101111111111110, sa_flags=SA_RESTART|SA_SIGINFO
SIGPIPE: [libjvm.so+0x840d90], sa_mask[0]=11111111011111111101111111111110, sa_flags=SA_RESTART|SA_SIGINFO
SIGXFSZ: [libjvm.so+0x840d90], sa_mask[0]=11111111011111111101111111111110, sa_flags=SA_RESTART|SA_SIGINFO
SIGILL: [libjvm.so+0x840d90], sa_mask[0]=11111111011111111101111111111110, sa_flags=SA_RESTART|SA_SIGINFO
SIGUSR1: SIG_DFL, sa_mask[0]=00000000000000000000000000000000, sa_flags=none
SIGUSR2: [libjvm.so+0x840c60], sa_mask[0]=00100000000000000000000000000000, sa_flags=SA_RESTART|SA_SIGINFO
SIGHUP: [libjvm.so+0x840e50], sa_mask[0]=11111111011111111101111111111110, sa_flags=SA_RESTART|SA_SIGINFO
SIGINT: [libjvm.so+0x840e50], sa_mask[0]=11111111011111111101111111111110, sa_flags=SA_RESTART|SA_SIGINFO
SIGTERM: [libjvm.so+0x840e50], sa_mask[0]=11111111011111111101111111111110, sa_flags=SA_RESTART|SA_SIGINFO
SIGQUIT: [libjvm.so+0x840e50], sa_mask[0]=11111111011111111101111111111110, sa_flags=SA_RESTART|SA_SIGINFO


---------------  S Y S T E M  ---------------

OS:DISTRIB_ID=Ubuntu
DISTRIB_RELEASE=16.04
DISTRIB_CODENAME=xenial
DISTRIB_DESCRIPTION="Ubuntu 16.04.1 LTS"

uname:Linux 4.4.0-57-generic #78-Ubuntu SMP Fri Dec 9 23:50:32 UTC 2016 x86_64
libc:glibc 2.23 NPTL 2.23 
rlimit: STACK 8192k, CORE 0k, NPROC 15097, NOFILE 65536, AS infinity
load average:4.24 1.51 1.13

/proc/meminfo:
MemTotal:        3959116 kB
MemFree:          123464 kB
MemAvailable:      37028 kB
Buffers:            1904 kB
Cached:           212836 kB
SwapCached:            0 kB
Active:          3433608 kB
Inactive:         181992 kB
Active(anon):    3415884 kB
Inactive(anon):   165496 kB
Active(file):      17724 kB
Inactive(file):    16496 kB
Unevictable:         168 kB
Mlocked:             168 kB
SwapTotal:             0 kB
SwapFree:              0 kB
Dirty:              1644 kB
Writeback:             0 kB
AnonPages:       3401732 kB
Mapped:            83540 kB
Shmem:            180000 kB
Slab:              82608 kB
SReclaimable:      37756 kB
SUnreclaim:        44852 kB
KernelStack:       15344 kB
PageTables:        52724 kB
NFS_Unstable:          0 kB
Bounce:                0 kB
WritebackTmp:          0 kB
CommitLimit:     1979556 kB
Committed_AS:    8879000 kB
VmallocTotal:   34359738367 kB
VmallocUsed:           0 kB
VmallocChunk:          0 kB
HardwareCorrupted:     0 kB
AnonHugePages:   1339392 kB
CmaTotal:              0 kB
CmaFree:               0 kB
HugePages_Total:       0
HugePages_Free:        0
HugePages_Rsvd:        0
HugePages_Surp:        0
Hugepagesize:       2048 kB
DirectMap4k:      175680 kB
DirectMap2M:     3932160 kB
DirectMap1G:     1048576 kB


CPU:total 4 (2 cores per cpu, 2 threads per core) family 6 model 61 stepping 4, cmov, cx8, fxsr, mmx, sse, sse2, sse3, ssse3, sse4.1, sse4.2, popcnt, avx, avx2, aes, clmul, erms, 3dnowpref, lzcnt, ht, tsc, tscinvbit, bmi1, bmi2, adx

/proc/cpuinfo:
processor	: 0
vendor_id	: GenuineIntel
cpu family	: 6
model		: 61
model name	: Intel(R) Core(TM) i7-5500U CPU @ 2.40GHz
stepping	: 4
microcode	: 0x11
cpu MHz		: 2899.968
cache size	: 4096 KB
physical id	: 0
siblings	: 4
core id		: 0
cpu cores	: 2
apicid		: 0
initial apicid	: 0
fpu		: yes
fpu_exception	: yes
cpuid level	: 20
wp		: yes
flags		: fpu vme de pse tsc msr pae mce cx8 apic sep mtrr pge mca cmov pat pse36 clflush dts acpi mmx fxsr sse sse2 ss ht tm pbe syscall nx pdpe1gb rdtscp lm constant_tsc arch_perfmon pebs bts rep_good nopl xtopology nonstop_tsc aperfmperf eagerfpu pni pclmulqdq dtes64 monitor ds_cpl vmx est tm2 ssse3 sdbg fma cx16 xtpr pdcm pcid sse4_1 sse4_2 x2apic movbe popcnt tsc_deadline_timer aes xsave avx f16c rdrand lahf_lm abm 3dnowprefetch epb intel_pt tpr_shadow vnmi flexpriority ept vpid fsgsbase tsc_adjust bmi1 avx2 smep bmi2 erms invpcid rdseed adx smap xsaveopt dtherm ida arat pln pts
bugs		:
bogomips	: 4788.96
clflush size	: 64
cache_alignment	: 64
address sizes	: 39 bits physical, 48 bits virtual
power management:

processor	: 1
vendor_id	: GenuineIntel
cpu family	: 6
model		: 61
model name	: Intel(R) Core(TM) i7-5500U CPU @ 2.40GHz
stepping	: 4
microcode	: 0x11
cpu MHz		: 2899.968
cache size	: 4096 KB
physical id	: 0
siblings	: 4
core id		: 1
cpu cores	: 2
apicid		: 2
initial apicid	: 2
fpu		: yes
fpu_exception	: yes
cpuid level	: 20
wp		: yes
flags		: fpu vme de pse tsc msr pae mce cx8 apic sep mtrr pge mca cmov pat pse36 clflush dts acpi mmx fxsr sse sse2 ss ht tm pbe syscall nx pdpe1gb rdtscp lm constant_tsc arch_perfmon pebs bts rep_good nopl xtopology nonstop_tsc aperfmperf eagerfpu pni pclmulqdq dtes64 monitor ds_cpl vmx est tm2 ssse3 sdbg fma cx16 xtpr pdcm pcid sse4_1 sse4_2 x2apic movbe popcnt tsc_deadline_timer aes xsave avx f16c rdrand lahf_lm abm 3dnowprefetch epb intel_pt tpr_shadow vnmi flexpriority ept vpid fsgsbase tsc_adjust bmi1 avx2 smep bmi2 erms invpcid rdseed adx smap xsaveopt dtherm ida arat pln pts
bugs		:
bogomips	: 4788.96
clflush size	: 64
cache_alignment	: 64
address sizes	: 39 bits physical, 48 bits virtual
power management:

processor	: 2
vendor_id	: GenuineIntel
cpu family	: 6
model		: 61
model name	: Intel(R) Core(TM) i7-5500U CPU @ 2.40GHz
stepping	: 4
microcode	: 0x11
cpu MHz		: 2899.968
cache size	: 4096 KB
physical id	: 0
siblings	: 4
core id		: 0
cpu cores	: 2
apicid		: 1
initial apicid	: 1
fpu		: yes
fpu_exception	: yes
cpuid level	: 20
wp		: yes
flags		: fpu vme de pse tsc msr pae mce cx8 apic sep mtrr pge mca cmov pat pse36 clflush dts acpi mmx fxsr sse sse2 ss ht tm pbe syscall nx pdpe1gb rdtscp lm constant_tsc arch_perfmon pebs bts rep_good nopl xtopology nonstop_tsc aperfmperf eagerfpu pni pclmulqdq dtes64 monitor ds_cpl vmx est tm2 ssse3 sdbg fma cx16 xtpr pdcm pcid sse4_1 sse4_2 x2apic movbe popcnt tsc_deadline_timer aes xsave avx f16c rdrand lahf_lm abm 3dnowprefetch epb intel_pt tpr_shadow vnmi flexpriority ept vpid fsgsbase tsc_adjust bmi1 avx2 smep bmi2 erms invpcid rdseed adx smap xsaveopt dtherm ida arat pln pts
bugs		:
bogomips	: 4788.96
clflush size	: 64
cache_alignment	: 64
address sizes	: 39 bits physical, 48 bits virtual
power management:

processor	: 3
vendor_id	: GenuineIntel
cpu family	: 6
model		: 61
model name	: Intel(R) Core(TM) i7-5500U CPU @ 2.40GHz
stepping	: 4
microcode	: 0x11
cpu MHz		: 2899.968
cache size	: 4096 KB
physical id	: 0
siblings	: 4
core id		: 1
cpu cores	: 2
apicid		: 3
initial apicid	: 3
fpu		: yes
fpu_exception	: yes
cpuid level	: 20
wp		: yes
flags		: fpu vme de pse tsc msr pae mce cx8 apic sep mtrr pge mca cmov pat pse36 clflush dts acpi mmx fxsr sse sse2 ss ht tm pbe syscall nx pdpe1gb rdtscp lm constant_tsc arch_perfmon pebs bts rep_good nopl xtopology nonstop_tsc aperfmperf eagerfpu pni pclmulqdq dtes64 monitor ds_cpl vmx est tm2 ssse3 sdbg fma cx16 xtpr pdcm pcid sse4_1 sse4_2 x2apic movbe popcnt tsc_deadline_timer aes xsave avx f16c rdrand lahf_lm abm 3dnowprefetch epb intel_pt tpr_shadow vnmi flexpriority ept vpid fsgsbase tsc_adjust bmi1 avx2 smep bmi2 erms invpcid rdseed adx smap xsaveopt dtherm ida arat pln pts
bugs		:
bogomips	: 4788.96
clflush size	: 64
cache_alignment	: 64
address sizes	: 39 bits physical, 48 bits virtual
power management:



Memory: 4k page, physical 3959116k(123464k free), swap 0k(0k free)

vm_info: OpenJDK 64-Bit Server VM (25.76-b03) for linux-amd64 JRE (1.8.0_76-release-b03), built on Jun 29 2016 09:39:19 by "builder" with gcc 4.8.4

time: Wed Jan 11 15:49:20 2017
elapsed time: 5 seconds (0d 0h 0m 5s)

