#
# There is insufficient memory for the Java Runtime Environment to continue.
# Native memory allocation (mmap) failed to map 46137344 bytes for committing reserved memory.
# Possible reasons:
#   The system is out of physical RAM or swap space
#   In 32 bit mode, the process size limit was hit
# Possible solutions:
#   Reduce memory load on the system
#   Increase physical memory or swap space
#   Check if swap backing store is full
#   Use 64 bit Java on a 64 bit OS
#   Decrease Java heap size (-Xmx/-Xms)
#   Decrease number of Java threads
#   Decrease Java thread stack sizes (-Xss)
#   Set larger code cache with -XX:ReservedCodeCacheSize=
# This output file may be truncated or incomplete.
#
#  Out of Memory Error (os_linux.cpp:2627), pid=7472, tid=0x00007fbb137f7700
#
# JRE version: OpenJDK Runtime Environment (8.0_76-b03) (build 1.8.0_76-release-b03)
# Java VM: OpenJDK 64-Bit Server VM (25.76-b03 mixed mode linux-amd64 compressed oops)
# Failed to write core dump. Core dumps have been disabled. To enable core dumping, try "ulimit -c unlimited" before starting Java again
#

---------------  T H R E A D  ---------------

Current thread (0x00007fbb2c077800):  VMThread [stack: 0x00007fbb136f7000,0x00007fbb137f8000] [id=7483]

Stack: [0x00007fbb136f7000,0x00007fbb137f8000],  sp=0x00007fbb137f64c0,  free space=1021k
Native frames: (J=compiled Java code, j=interpreted, Vv=VM code, C=native code)
V  [libjvm.so+0x9d9fcd]  VMError::report_and_die()+0x15d
V  [libjvm.so+0x4b4d4a]  report_vm_out_of_memory(char const*, int, unsigned long, VMErrorType, char const*)+0x8a
V  [libjvm.so+0x845190]  os::pd_commit_memory(char*, unsigned long, unsigned long, bool)+0xf0
V  [libjvm.so+0x83fcbf]  os::commit_memory(char*, unsigned long, unsigned long, bool)+0x1f
V  [libjvm.so+0x8b4d9b]  PSVirtualSpace::expand_by(unsigned long)+0x5b
V  [libjvm.so+0x8b5a10]  PSYoungGen::resize_generation(unsigned long, unsigned long)+0xb0
V  [libjvm.so+0x8b5d2b]  PSYoungGen::resize(unsigned long, unsigned long)+0x1b
V  [libjvm.so+0x8b241c]  PSScavenge::invoke_no_policy()+0xdac
V  [libjvm.so+0x8b2bf8]  PSScavenge::invoke()+0x38
V  [libjvm.so+0x8681f3]  ParallelScavengeHeap::failed_mem_allocate(unsigned long)+0x63
V  [libjvm.so+0x9dba94]  VM_ParallelGCFailedAllocation::doit()+0x84
V  [libjvm.so+0x9dfe47]  VM_Operation::evaluate()+0x47
V  [libjvm.so+0x9de908]  VMThread::evaluate_operation(VM_Operation*)+0x2c8
V  [libjvm.so+0x9ded89]  VMThread::loop()+0x219
V  [libjvm.so+0x9df1d2]  VMThread::run()+0x72
V  [libjvm.so+0x8425b2]  java_start(Thread*)+0xf2

VM_Operation (0x00007fbb12911fd0): ParallelGCFailedAllocation, mode: safepoint, requested by thread 0x00007fbb2c150000


---------------  P R O C E S S  ---------------

Java Threads: ( => current thread )
  0x00007fbb2c151800 JavaThread "pool-2-thread-4" [_thread_blocked, id=7496, stack(0x00007fbb12712000,0x00007fbb12813000)]
  0x00007fbb2c150000 JavaThread "pool-2-thread-3" [_thread_blocked, id=7495, stack(0x00007fbb12813000,0x00007fbb12914000)]
  0x00007fbb2c143800 JavaThread "pool-2-thread-2" [_thread_blocked, id=7494, stack(0x00007fbb12914000,0x00007fbb12a15000)]
  0x00007fbb2c132800 JavaThread "pool-3-thread-1" [_thread_blocked, id=7493, stack(0x00007fbb12a15000,0x00007fbb12b16000)]
  0x00007fbb2c12e800 JavaThread "pool-2-thread-1" [_thread_blocked, id=7492, stack(0x00007fbb12b16000,0x00007fbb12c17000)]
  0x00007fbb2c0bf800 JavaThread "Service Thread" daemon [_thread_blocked, id=7490, stack(0x00007fbb12d18000,0x00007fbb12e19000)]
  0x00007fbb2c0bc800 JavaThread "C1 CompilerThread2" daemon [_thread_blocked, id=7489, stack(0x00007fbb12e19000,0x00007fbb12f1a000)]
  0x00007fbb2c0bb000 JavaThread "C2 CompilerThread1" daemon [_thread_blocked, id=7488, stack(0x00007fbb12f1a000,0x00007fbb1301b000)]
  0x00007fbb2c0b8000 JavaThread "C2 CompilerThread0" daemon [_thread_blocked, id=7487, stack(0x00007fbb1301b000,0x00007fbb1311c000)]
  0x00007fbb2c0b6800 JavaThread "Signal Dispatcher" daemon [_thread_blocked, id=7486, stack(0x00007fbb1311c000,0x00007fbb1321d000)]
  0x00007fbb2c084000 JavaThread "Finalizer" daemon [_thread