#
# There is insufficient memory for the Java Runtime Environment to continue.
# Native memory allocation (mmap) failed to map 58720256 bytes for committing reserved memory.
# Possible reasons:
#   The system is out of physical RAM or swap space
#   In 32 bit mode, the process size limit was hit
# Possible solutions:
#   Reduce memory load on the system
#   Increase physical memory or swap space
#   Check if swap backing store is full
#   Use 64 bit Java on a 64 bit OS
#   Decrease Java heap size (-Xmx/-Xms)
#   Decrease number of Java threads
#   Decrease Java thread stack sizes (-Xss)
#   Set larger code cache with -XX:ReservedCodeCacheSize=
# This output file may be truncated or incomplete.
#
#  Out of Memory Error (os_linux.cpp:2627), pid=6388, tid=0x00007efc5ddfd700
#
# JRE version: OpenJDK Runtime Environment (8.0_76-b03) (build 1.8.0_76-release-b03)
# Java VM: OpenJDK 64-Bit Server VM (25.76-b03 mixed mode linux-amd64 compressed oops)
# Failed to write core dump. Core dumps have been disabled. To enable core dumping, try "ulimit -c unlimited" before starting Java again
#

---------------  T H R E A D  ---------------

Current thread (0x00007efc80077800):  VMThread [stack: 0x00007efc5dcfd000,0x00007efc5ddfe000] [id=6398]

Stack: [0x00007efc5dcfd000,0x00007efc5ddfe000],  sp=0x00007efc5ddfc4c0,  free space=1021k
Native frames: (J=compiled Java code, j=interpreted, Vv=VM code, C=native code)
V  [libjvm.so+0x9d9fcd]  VMError::report_and_die()+0x15d
V  [libjvm.so+0x4b4d4a]  report_vm_out_of_memory(char const*, int, unsigned long, VMErrorType, char const*)+0x8a
V  [libjvm.so+0x845190]  os::pd_commit_memory(char*, unsigned long, unsigned long, bool)+0xf0
V  [libjvm.so+0x83fcbf]  os::commit_memory(char*, unsigned long, unsigned long, bool)+0x1f
V  [libjvm.so+0x8b4d9b]  PSVirtualSpace::expand_by(unsigned long)+0x5b
V  [libjvm.so+0x8b5a10]  PSYoungGen::resize_generation(unsigned long, unsigned long)+0xb0
V  [libjvm.so+0x8b5d2b]  PSYoungGen::resize(unsigned long, unsigned long)+0x1b
V  [libjvm.so+0x8b241c]  PSScavenge::invoke_no_policy()+0xdac
V  [libjvm.so+0x8b2bf8]  PSScavenge::invoke()+0x38
V  [libjvm.so+0x8681f3]  ParallelScavengeHeap::failed_mem_allocate(unsigned long)+0x63
V  [libjvm.so+0x9dba94]  VM_ParallelGCFailedAllocation::doit()+0x84
V  [libjvm.so+0x9dfe47]  VM_Operation::evaluate()+0x47
V  [libjvm.so+0x9de908]  VMThread::evaluate_operation(VM_Operation*)+0x2c8
V  [libjvm.so+0x9ded89]  VMThread::loop()+0x219
V  [libjvm.so+0x9df1d2]  VMThread::run()+0x72
V  [libjvm.so+0x8425b2]  java_start(Thread*)+0xf2

VM_Operation (0x00007efc5cf17e40): ParallelGCFailedAllocation, mode: safepoint, requested by thread 0x00007efc80153000


---------------  P R O C E S S  ---------------

Java Threads: ( => current thread )
  0x00007efc80155000 JavaThread "pool-2-thread-4" [_thread_blocked, id=6411, stack(0x00007efc5cd18000,0x00007efc5ce19000)]
  0x00007efc80153000 JavaThread "pool-2-thread-3" [_thread_blocked, id=6410, stack(0x00007efc5ce19000,0x00007efc5cf1a000)]
  0x00007efc8014f000 JavaThread "pool-2-thread-2" [_thread_blocked, id=6409, stack(0x00007efc5cf1a000,0x00007efc5d01b000)]
  0x00007efc80145000 JavaThread "pool-3-thread-1" [_thread_blocked, id=6408, stack(0x00007efc5d01b000,0x00007efc5d11c000)]
  0x00007efc80136800 JavaThread "pool-2-thread-1" [_thread_blocked, id=6407, stack(0x00007efc5d11c000,0x00007efc5d21d000)]
  0x00007efc800d1800 JavaThread "Service Thread" daemon [_thread_blocked, id=6405, stack(0x00007efc5d31e000,0x00007efc5d41f000)]
  0x00007efc800bc800 JavaThread "C1 CompilerThread2" daemon [_thread_blocked, id=6404, stack(0x00007efc5d41f000,0x00007efc5d520000)]
  0x00007efc800bb000 JavaThread "C2 CompilerThread1" daemon [_thread_blocked, id=6403, stack(0x00007efc5d520000,0x00007efc5d621000)]
  0x00007efc800b8000 JavaThread "C2 CompilerThread0" daemon [_thread_blocked, id=6402, stack(0x00007efc5d621000,0x00007efc5d722000)]
  0x00007efc800b6800 JavaThread "Signal Dispatcher" daemon [_thread_blocked, id=6401, stack(0x00007efc5d722000,0x00007efc5d823000)]
  0x00007efc80084000 JavaThread "Finalizer" daemon [_thread_blocked, id=6400, stack(0x00007efc5dafb000,0x00007efc5dbfc000)]
  0x00007efc8007f000 JavaThread "Reference Handler" daemon [_thread_blocked, id=6399, stack(0x00007efc5dbfc000,0x00007efc5dcfd000)]
  0x00007efc8000a000 JavaThread "main" [_thread_blocked, id=6393, stack(0x00007efc883c0000,0x00007efc884c1000)]

Other Threads:
=>0x00007efc80077800 VMThread [stack: 0x00007efc5dcfd000,0x00007efc5ddfe000] [id=6398]
  0x00007efc800d4000 WatcherThread [stack: 0x00007efc5d21d000,0x00007efc5d31e000] [id=6406]

VM state:at safepoint (normal execution)

VM Mutex/Monitor currently owned by a thread:  ([mutex/lock_event])
[0x00007efc80006730] Threads_lock - owner thread: 0x00007efc80077800
[0x00007efc80006c30] Heap_lock - owner thread: 0x00007efc80153000

Heap:
 PSYoungGen      total 115712K, used 27640K [0x00000000eab00000, 0x00000000f3b80000, 0x0000000100000000)
  eden space 88064K, 0% used [0x00000000eab00000,0x00000000eab00000,0x00000000f0100000)
  from space 27648K, 99% used [0x00000000f0580000,0x00000000f207e1f8,0x00000000f2080000)
  to   space 17408K, 0% used [0x00000000f2a80000,0x00000000f2a80000,0x00000000f3b80000)
 ParOldGen       total 92672K, used 49207K [0x00000000c0000000, 0x00000000c5a80000, 0x00000000eab00000)
  object space 92672K, 53% used [0x00000000c0000000,0x00000000c300df18,0x00000000c5a80000)
 Metaspace       used 5860K, capacity 7024K, committed 7296K, reserved 1056768K
  class space    used 559K, capacity 616K, committed 640K, reserved 1048576K

Card table byte_map: [0x00007efc8505b000,0x00007efc8525c000] byte_map_base: 0x00007efc84a5b000

Marking Bits: (ParMarkBitMap*) 0x00007efc8788d1a0
 Begin Bits: [0x00007efc5e000000, 0x00007efc5f000000)
 End Bits:   [0x00007efc5f000000, 0x00007efc60000000)

Polling page: 0x00007efc884dd000

CodeCache: size=245760Kb used=6255Kb max_used=6255Kb free=239504Kb
 bounds [0x00007efc71000000, 0x00007efc71630000, 0x00007efc80000000]
 total_blobs=1808 nmethods=1547 adapters=175
 compilation: enabled

Compilation events (10 events):
Event: 3.511 Thread 0x00007efc800bc800 1690       3       com.android.dx.ssa.DeadCodeRemover::run (194 bytes)
Event: 3.516 Thread 0x00007efc800bc800 nmethod 1690 0x00007efc7161b750 code [0x00007efc7161bac0, 0x00007efc7161d828]
Event: 3.516 Thread 0x00007efc800bc800 1692 %     3       com.android.dx.ssa.SsaMethod::removeFromUseList @ 13 (57 bytes)
Event: 3.517 Thread 0x00007efc800bc800 nmethod 1692% 0x00007efc7160f010 code [0x00007efc7160f1e0, 0x00007efc7160fa28]
Event: 3.517 Thread 0x00007efc800bc800 1691 %     3       com.android.dx.ssa.DeadCodeRemover::isCircularNoSideEffect @ 24 (140 bytes)
Event: 3.518 Thread 0x00007efc800bc800 nmethod 1691% 0x00007efc7161e8d0 code [0x00007efc7161eb80, 0x00007efc7161fe08]
Event: 3.518 Thread 0x00007efc800bc800 1693       2       com.android.dx.ssa.SsaMethod::makeNewSsaReg (26 bytes)
Event: 3.519 Thread 0x00007efc800bc800 nmethod 1693 0x00007efc7160dfd0 code [0x00007efc7160e120, 0x00007efc7160e2b0]
Event: 3.525 Thread 0x00007efc800bc800 1694       2       com.android.dx.ssa.PhiTypeResolver::resolveResultType (308 bytes)
Event: 3.527 Thread 0x00007efc800bc800 nmethod 1694 0x00007efc71620710 code [0x00007efc71620a00, 0x00007efc71621858]

GC Heap History (10 events):
Event: 1.999 GC heap after
Heap after GC invocations=4 (full 0):
 PSYoungGen      total 66048K, used 2535K [0x00000000eab00000, 0x00000000eee00000, 0x0000000100000000)
  eden space 63488K, 0% used [0x00000000eab00000,0x00000000eab00000,0x00000000ee900000)
  from space 2560K, 99% used [0x00000000eeb80000,0x00000000eedf9c90,0x00000000eee00000)
  to   space 2560K, 0% used [0x00000000ee900000,0x00000000ee900000,0x00000000eeb80000)
 ParOldGen       total 42496K, used 32028K [0x00000000c0000000, 0x00000000c2980000, 0x00000000eab00000)
  object space 42496K, 75% used [0x00000000c0000000,0x00000000c1f471e8,0x00000000c2980000)
 Metaspace       used 5604K, capacity 6832K, committed 7040K, reserved 1056768K
  class space    used 556K, capacity 616K, committed 640K, reserved 1048576K
}
Event: 1.999 GC heap before
{Heap before GC invocations=5 (full 1):
 PSYoungGen      total 66048K, used 2535K [0x00000000eab00000, 0x00000000eee00000, 0x0000000100000000)
  eden space 63488K, 0% used [0x00000000eab00000,0x00000000eab00000,0x00000000ee900000)
  from space 2560K, 99% used [0x00000000eeb80000,0x00000000eedf9c90,0x00000000eee00000)
  to   space 2560K, 0% used [0x00000000ee900000,0x00000000ee900000,0x00000000eeb80000)
 ParOldGen       total 42496K, used 32028K [0x00000000c0000000, 0x00000000c2980000, 0x00000000eab00000)
  object space 42496K, 75% used [0x00000000c0000000,0x00000000c1f471e8,0x00000000c2980000)
 Metaspace       used 5604K, capacity 6832K, committed 7040K, reserved 1056768K
  class space    used 556K, capacity 616K, committed 640K, reserved 1048576K
Event: 2.117 GC heap after
Heap after GC invocations=5 (full 1):
 PSYoungGen      total 66048K, used 0K [0x00000000eab00000, 0x00000000eee00000, 0x0000000100000000)
  eden space 63488K, 0% used [0x00000000eab00000,0x00000000eab00000,0x00000000ee900000)
  from space 2560K, 0% used [0x00000000eeb80000,0x00000000eeb80000,0x00000000eee00000)
  to   space 2560K, 0% used [0x00000000ee900000,0x00000000ee900000,0x00000000eeb80000)
 ParOldGen       total 69120K, used 27763K [0x00000000c0000000, 0x00000000c4380000, 0x00000000eab00000)
  object space 69120K, 40% used [0x00000000c0000000,0x00000000c1b1cc98,0x00000000c4380000)
 Metaspace       used 5604K, capacity 6832K, committed 7040K, reserved 1056768K
  class space    used 556K, capacity 616K, committed 640K, reserved 1048576K
}
Event: 2.497 GC heap before
{Heap before GC invocations=6 (full 1):
 PSYoungGen      total 66048K, used 63488K [0x00000000eab00000, 0x00000000eee00000, 0x0000000100000000)
  eden space 63488K, 100% used [0x00000000eab00000,0x00000000ee900000,0x00000000ee900000)
  from space 2560K, 0% used [0x00000000eeb80000,0x00000000eeb80000,0x00000000eee00000)
  to   space 2560K, 0% used [0x00000000ee900000,0x00000000ee900000,0x00000000eeb80000)
 ParOldGen       total 69120K, used 27763K [0x00000000c0000000, 0x00000000c4380000, 0x00000000eab00000)
  object space 69120K, 40% used [0x00000000c0000000,0x00000000c1b1cc98,0x00000000c4380000)
 Metaspace       used 5700K, capacity 6896K, committed 7040K, reserved 1056768K
  class space    used 557K, capacity 616K, committed 640K, reserved 1048576K
Event: 2.537 GC heap after
Heap after GC invocations=6 (full 1):
 PSYoungGen      total 66048K, used 2560K [0x00000000eab00000, 0x00000000f4580000, 0x0000000100000000)
  eden space 63488K, 0% used [0x00000000eab00000,0x00000000eab00000,0x00000000ee900000)
  from space 2560K, 100% used [0x00000000ee900000,0x00000000eeb80000,0x00000000eeb80000)
  to   space 27648K, 0% used [0x00000000f2a80000,0x00000000f2a80000,0x00000000f4580000)
 ParOldGen       total 69120K, used 47463K [0x00000000c0000000, 0x00000000c4380000, 0x00000000eab00000)
  object space 69120K, 68% used [0x00000000c0000000,0x00000000c2e59f90,0x00000000c4380000)
 Metaspace       used 5700K, capacity 6896K, committed 7040K, reserved 1056768K
  class space    used 557K, capacity 616K, committed 640K, reserved 1048576K
}
Event: 2.537 GC heap before
{Heap before GC invocations=7 (full 2):
 PSYoungGen      total 66048K, used 2560K [0x00000000eab00000, 0x00000000f4580000, 0x0000000100000000)
  eden space 63488K, 0% used [0x00000000eab00000,0x00000000eab00000,0x00000000ee900000)
  from space 2560K, 100% used [0x00000000ee900000,0x00000000eeb80000,0x00000000eeb80000)
  to   space 27648K, 0% used [0x00000000f2a80000,0x00000000f2a80000,0x00000000f4580000)
 ParOldGen       total 69120K, used 47463K [0x00000000c0000000, 0x00000000c4380000, 0x00000000eab00000)
  object space 69120K, 68% used [0x00000000c0000000,0x00000000c2e59f90,0x00000000c4380000)
 Metaspace       used 5700K, capacity 6896K, committed 7040K, reserved 1056768K
  class space    used 557K, capacity 616K, committed 640K, reserved 1048576K
Event: 2.651 GC heap after
Heap after GC invocations=7 (full 2):
 PSYoungGen      total 66048K, used 0K [0x00000000eab00000, 0x00000000f4580000, 0x0000000100000000)
  eden space 63488K, 0% used [0x00000000eab00000,0x00000000eab00000,0x00000000ee900000)
  from space 2560K, 0% used [0x00000000ee900000,0x00000000ee900000,0x00000000eeb80000)
  to   space 27648K, 0% used [0x00000000f2a80000,0x00000000f2a80000,0x00000000f4580000)
 ParOldGen       total 92672K, used 32558K [0x00000000c0000000, 0x00000000c5a80000, 0x00000000eab00000)
  object space 92672K, 35% used [0x00000000c0000000,0x00000000c1fcb960,0x00000000c5a80000)
 Metaspace       used 5700K, capacity 6896K, committed 7040K, reserved 1056768K
  class space    used 557K, capacity 616K, committed 640K, reserved 1048576K
}
Event: 3.137 GC heap before
{Heap before GC invocations=8 (full 2):
 PSYoungGen      total 66048K, used 63488K [0x00000000eab00000, 0x00000000f4580000, 0x0000000100000000)
  eden space 63488K, 100% used [0x00000000eab00000,0x00000000ee900000,0x00000000ee900000)
  from space 2560K, 0% used [0x00000000ee900000,0x00000000ee900000,0x00000000eeb80000)
  to   space 27648K, 0% used [0x00000000f2a80000,0x00000000f2a80000,0x00000000f4580000)
 ParOldGen       total 92672K, used 32558K [0x00000000c0000000, 0x00000000c5a80000, 0x00000000eab00000)
  object space 92672K, 35% used [0x00000000c0000000,0x00000000c1fcb960,0x00000000c5a80000)
 Metaspace       used 5823K, capacity 7024K, committed 7296K, reserved 1056768K
  class space    used 557K, capacity 616K, committed 640K, reserved 1048576K
Event: 3.169 GC heap after
Heap after GC invocations=8 (full 2):
 PSYoungGen      total 105472K, used 17107K [0x00000000eab00000, 0x00000000f3b80000, 0x0000000100000000)
  eden space 88064K, 0% used [0x00000000eab00000,0x00000000eab00000,0x00000000f0100000)
  from space 17408K, 98% used [0x00000000f2a80000,0x00000000f3b34d70,0x00000000f3b80000)
  to   space 27648K, 0% used [0x00000000f0580000,0x00000000f0580000,0x00000000f2080000)
 ParOldGen       total 92672K, used 32566K [0x00000000c0000000, 0x00000000c5a80000, 0x00000000eab00000)
  object space 92672K, 35% used [0x00000000c0000000,0x00000000c1fcd960,0x00000000c5a80000)
 Metaspace       used 5823K, capacity 7024K, committed 7296K, reserved 1056768K
  class space    used 557K, capacity 616K, committed 640K, reserved 1048576K
}
Event: 3.534 GC heap before
{Heap before GC invocations=9 (full 2):
 PSYoungGen      total 105472K, used 105171K [0x00000000eab00000, 0x00000000f3b80000, 0x0000000100000000)
  eden space 88064K, 100% used [0x00000000eab00000,0x00000000f0100000,0x00000000f0100000)
  from space 17408K, 98% used [0x00000000f2a80000,0x00000000f3b34d70,0x00000000f3b80000)
  to   space 27648K, 0% used [0x00000000f0580000,0x00000000f0580000,0x00000000f2080000)
 ParOldGen       total 92672K, used 32566K [0x00000000c0000000, 0x00000000c5a80000, 0x00000000eab00000)
  object space 92672K, 35% used [0x00000000c0000000,0x00000000c1fcd960,0x00000000c5a80000)
 Metaspace       used 5860K, capacity 7024K, committed 7296K, reserved 1056768K
  class space    used 559K, capacity 616K, committed 640K, reserved 1048576K

Deoptimization events (10 events):
Event: 1.840 Thread 0x00007efc8000a000 Uncommon trap: reason=class_check action=maybe_recompile pc=0x00007efc712cc6d4 method=com.android.dx.ssa.NormalSsaInsn.accept(Lcom/android/dx/ssa/SsaInsn$Visitor;)V @ 9
Event: 2.229 Thread 0x00007efc80153000 Uncommon trap: reason=class_check action=maybe_recompile pc=0x00007efc712cc6d4 method=com.android.dx.ssa.NormalSsaInsn.accept(Lcom/android/dx/ssa/SsaInsn$Visitor;)V @ 9
Event: 2.229 Thread 0x00007efc80153000 Uncommon trap: reason=class_check action=maybe_recompile pc=0x00007efc712cc6d4 method=com.android.dx.ssa.NormalSsaInsn.accept(Lcom/android/dx/ssa/SsaInsn$Visitor;)V @ 9
Event: 2.741 Thread 0x00007efc8014f000 Uncommon trap: reason=unstable_if action=reinterpret pc=0x00007efc71441960 method=com.android.dx.ssa.SCCP.simulateStmt(Lcom/android/dx/ssa/SsaInsn;)V @ 469
Event: 2.748 Thread 0x00007efc80136800 Uncommon trap: reason=null_check action=make_not_entrant pc=0x00007efc7138c728 method=com.android.dx.rop.type.Type.equals(Ljava/lang/Object;)Z @ 8
Event: 3.059 Thread 0x00007efc8014f000 Uncommon trap: reason=unstable_if action=reinterpret pc=0x00007efc71464500 method=com.android.dx.rop.code.InsnList.contentEquals(Lcom/android/dx/rop/code/InsnList;)Z @ 25
Event: 3.101 Thread 0x00007efc80136800 Uncommon trap: reason=unstable_if action=reinterpret pc=0x00007efc712d7c08 method=com.android.dx.rop.code.RegisterSpecSet.put(Lcom/android/dx/rop/code/RegisterSpec;)V @ 77
Event: 3.103 Thread 0x00007efc80153000 Uncommon trap: reason=null_check action=make_not_entrant pc=0x00007efc7139f7e8 method=com.android.dx.ssa.SsaRenamer.getLocalForNewReg(I)Lcom/android/dx/rop/code/LocalItem; @ 19
Event: 3.103 Thread 0x00007efc80153000 Uncommon trap: reason=null_check action=make_not_entrant pc=0x00007efc71452f7c method=com.android.dx.ssa.SsaRenamer.getLocalForNewReg(I)Lcom/android/dx/rop/code/LocalItem; @ 19
Event: 3.274 Thread 0x00007efc8000a000 Uncommon trap: reason=unloaded action=reinterpret pc=0x00007efc711c4d68 method=com.android.dx.cf.cst.ConstantPoolParser.parse0(ILjava/util/BitSet;)Lcom/android/dx/rop/cst/Constant; @ 176

Internal exceptions (5 events):
Event: 0.381 Thread 0x00007efc8000a000 Exception <a 'java/lang/NoSuchMethodError': Method sun.misc.Unsafe.defineClass(Ljava/lang/String;[BII)Ljava/lang/Class; name or signature does not match> (0x00000000eab07cc0) thrown at [/ssd/Android/AOSP-openjdk/external/jetbrains/jdk/hotspot/src/share/vm
Event: 0.382 Thread 0x00007efc8000a000 Exception <a 'java/lang/NoSuchMethodError': Method sun.misc.Unsafe.prefetchRead(Ljava/lang/Object;J)V name or signature does not match> (0x00000000eab07fa8) thrown at [/ssd/Android/AOSP-openjdk/external/jetbrains/jdk/hotspot/src/share/vm/prims/jni.cpp, li
Event: 2.748 Thread 0x00007efc80136800 Implicit null exception at 0x00007efc7138c622 to 0x00007efc7138c71b
Event: 3.103 Thread 0x00007efc80153000 Implicit null exception at 0x00007efc7139c5dc to 0x00007efc7139f7b9
Event: 3.103 Thread 0x00007efc80153000 Implicit null exception at 0x00007efc71450d1d to 0x00007efc71452f45

Events (10 events):
Event: 3.510 Thread 0x00007efc80136800 DEOPT UNPACKING pc=0x00007efc71047373 sp=0x00007efc5d21ae68 mode 0
Event: 3.522 Thread 0x00007efc8014f000 DEOPT PACKING pc=0x00007efc7138bcf7 sp=0x00007efc5d019200
Event: 3.522 Thread 0x00007efc8014f000 DEOPT UNPACKING pc=0x00007efc71047373 sp=0x00007efc5d018f90 mode 0
Event: 3.527 Thread 0x00007efc80155000 DEOPT PACKING pc=0x00007efc71331dec sp=0x00007efc5ce16d80
Event: 3.527 Thread 0x00007efc80155000 DEOPT UNPACKING pc=0x00007efc71047373 sp=0x00007efc5ce16ac8 mode 0
Event: 3.528 Thread 0x00007efc80155000 DEOPT PACKING pc=0x00007efc71331dec sp=0x00007efc5ce16d80
Event: 3.528 Thread 0x00007efc80155000 DEOPT UNPACKING pc=0x00007efc71047373 sp=0x00007efc5ce16ac8 mode 0
Event: 3.531 Thread 0x00007efc80136800 DEOPT PACKING pc=0x00007efc7140d95f sp=0x00007efc5d21b080
Event: 3.531 Thread 0x00007efc80136800 DEOPT UNPACKING pc=0x00007efc71047373 sp=0x00007efc5d21ae68 mode 0
Event: 3.533 Executing VM operation: ParallelGCFailedAllocation


Dynamic libraries:
00400000-00401000 r-xp 00000000 08:09 394997                             /home/chiz/Documents/android-studio/jre/bin/java
00600000-00601000 r--p 00000000 08:09 394997                             /home/chiz/Documents/android-studio/jre/bin/java
00601000-00602000 rw-p 00001000 08:09 394997                             /home/chiz/Documents/android-studio/jre/bin/java
01a3c000-01a5d000 rw-p 00000000 00:00 0                                  [heap]
c0000000-c5a80000 rw-p 00000000 00:00 0 
c5a80000-eab00000 ---p 00000000 00:00 0 
eab00000-f3b80000 rw-p 00000000 00:00 0 
f7380000-100000000 ---p 00000000 00:00 0 
100000000-1000a0000 rw-p 00000000 00:00 0 
1000a0000-140000000 ---p 00000000 00:00 0 
7efc20000000-7efc20021000 rw-p 00000000 00:00 0 
7efc20021000-7efc24000000 ---p 00000000 00:00 0 
7efc28000000-7efc2805b000 rw-p 00000000 00:00 0 
7efc2805b000-7efc2c000000 ---p 00000000 00:00 0 
7efc2c000000-7efc2c028000 rw-p 00000000 00:00 0 
7efc2c028000-7efc30000000 ---p 00000000 00:00 0 
7efc30000000-7efc3003d000 rw-p 00000000 00:00 0 
7efc3003d000-7efc34000000 ---p 00000000 00:00 0 
7efc34000000-7efc34021000 rw-p 00000000 00:00 0 
7efc34021000-7efc38000000 ---p 00000000 00:00 0 
7efc38000000-7efc38021000 rw-p 00000000 00:00 0 
7efc38021000-7efc3c000000 ---p 00000000 00:00 0 
7efc3c000000-7efc3c021000 rw-p 00000000 00:00 0 
7efc3c021000-7efc40000000 ---p 00000000 00:00 0 
7efc40000000-7efc40c82000 rw-p 00000000 00:00 0 
7efc40c82000-7efc44000000 ---p 00000000 00:00 0 
7efc44000000-7efc44951000 rw-p 00000000 00:00 0 
7efc44951000-7efc48000000 ---p 00000000 00:00 0 
7efc48000000-7efc48021000 rw-p 00000000 00:00 0 
7efc48021000-7efc4c000000 ---p 00000000 00:00 0 
7efc4c000000-7efc4cd5e000 rw-p 00000000 00:00 0 
7efc4cd5e000-7efc50000000 ---p 00000000 00:00 0 
7efc50000000-7efc50021000 rw-p 00000000 00:00 0 
7efc50021000-7efc54000000 ---p 00000000 00:00 0 
7efc54000000-7efc54021000 rw-p 00000000 00:00 0 
7efc54021000-7efc58000000 ---p 00000000 00:00 0 
7efc58000000-7efc58287000 rw-p 00000000 00:00 0 
7efc58287000-7efc5c000000 ---p 00000000 00:00 0 
7efc5cd18000-7efc5cd1b000 ---p 00000000 00:00 0 
7efc5cd1b000-7efc5ce19000 rw-p 00000000 00:00 0 
7efc5ce19000-7efc5ce1c000 ---p 00000000 00:00 0 
7efc5ce1c000-7efc5cf1a000 rw-p 00000000 00:00 0 
7efc5cf1a000-7efc5cf1d000 ---p 00000000 00:00 0 
7efc5cf1d000-7efc5d01b000 rw-p 00000000 00:00 0 
7efc5d01b000-7efc5d01e000 ---p 00000000 00:00 0 
7efc5d01e000-7efc5d11c000 rw-p 00000000 00:00 0 
7efc5d11c000-7efc5d11f000 ---p 00000000 00:00 0 
7efc5d11f000-7efc5d21d000 rw-p 00000000 00:00 0 
7efc5d21d000-7efc5d21e000 ---p 00000000 00:00 0 
7efc5d21e000-7efc5d31e000 rw-p 00000000 00:00 0 
7efc5d31e000-7efc5d321000 ---p 00000000 00:00 0 
7efc5d321000-7efc5d41f000 rw-p 00000000 00:00 0 
7efc5d41f000-7efc5d422000 ---p 00000000 00:00 0 
7efc5d422000-7efc5d520000 rw-p 00000000 00:00 0 
7efc5d520000-7efc5d523000 ---p 00000000 00:00 0 
7efc5d523000-7efc5d621000 rw-p 00000000 00:00 0 
7efc5d621000-7efc5d624000 ---p 00000000 00:00 0 
7efc5d624000-7efc5d722000 rw-p 00000000 00:00 0 
7efc5d722000-7efc5d725000 ---p 00000000 00:00 0 
7efc5d725000-7efc5d823000 rw-p 00000000 00:00 0 
7efc5d823000-7efc5dafb000 r--p 00000000 08:08 266155                     /usr/lib/locale/locale-archive
7efc5dafb000-7efc5dafe000 ---p 00000000 00:00 0 
7efc5dafe000-7efc5dbfc000 rw-p 00000000 00:00 0 
7efc5dbfc000-7efc5dbff000 ---p 00000000 00:00 0 
7efc5dbff000-7efc5dcfd000 rw-p 00000000 00:00 0 
7efc5dcfd000-7efc5dcfe000 ---p 00000000 00:00 0 
7efc5dcfe000-7efc60000000 rw-p 00000000 00:00 0 
7efc60000000-7efc60021000 rw-p 00000000 00:00 0 
7efc60021000-7efc64000000 ---p 00000000 00:00 0 
7efc64000000-7efc64021000 rw-p 00000000 00:00 0 
7efc64021000-7efc68000000 ---p 00000000 00:00 0 
7efc68000000-7efc68021000 rw-p 00000000 00:00 0 
7efc68021000-7efc6c000000 ---p 00000000 00:00 0 
7efc6c000000-7efc6c021000 rw-p 00000000 00:00 0 
7efc6c021000-7efc70000000 ---p 00000000 00:00 0 
7efc700e4000-7efc70e33000 rw-p 00000000 00:00 0 
7efc70e33000-7efc71000000 r--s 03bec000 08:09 395054                     /home/chiz/Documents/android-studio/jre/jre/lib/rt.jar
7efc71000000-7efc71630000 rwxp 00000000 00:00 0 
7efc71630000-7efc80000000 ---p 00000000 00:00 0 
7efc80000000-7efc8039f000 rw-p 00000000 00:00 0 
7efc8039f000-7efc84000000 ---p 00000000 00:00 0 
7efc8401d000-7efc84781000 rw-p 00000000 00:00 0 
7efc84781000-7efc84901000 ---p 00000000 00:00 0 
7efc84901000-7efc84b01000 rw-p 00000000 00:00 0 
7efc84b01000-7efc84b02000 ---p 00000000 00:00 0 
7efc84b02000-7efc84c02000 rw-p 00000000 00:00 0 
7efc84c02000-7efc84c03000 ---p 00000000 00:00 0 
7efc84c03000-7efc84d03000 rw-p 00000000 00:00 0 
7efc84d03000-7efc84d04000 ---p 00000000 00:00 0 
7efc84d04000-7efc84e04000 rw-p 00000000 00:00 0 
7efc84e04000-7efc84e05000 ---p 00000000 00:00 0 
7efc84e05000-7efc84f33000 rw-p 00000000 00:00 0 
7efc84f33000-7efc8505b000 ---p 00000000 00:00 0 
7efc8505b000-7efc85089000 rw-p 00000000 00:00 0 
7efc85089000-7efc851b0000 ---p 00000000 00:00 0 
7efc851b0000-7efc851f9000 rw-p 00000000 00:00 0 
7efc851f9000-7efc8525b000 ---p 00000000 00:00 0 
7efc8525b000-7efc85275000 rw-p 00000000 00:00 0 
7efc85275000-7efc8561c000 ---p 00000000 00:00 0 
7efc8561c000-7efc85636000 r-xp 00000000 08:09 395081                     /home/chiz/Documents/android-studio/jre/jre/lib/amd64/libzip.so
7efc85636000-7efc85836000 ---p 0001a000 08:09 395081                     /home/chiz/Documents/android-studio/jre/jre/lib/amd64/libzip.so
7efc85836000-7efc85837000 r--p 0001a000 08:09 395081                     /home/chiz/Documents/android-studio/jre/jre/lib/amd64/libzip.so
7efc85837000-7efc85838000 rw-p 0001b000 08:09 395081                     /home/chiz/Documents/android-studio/jre/jre/lib/amd64/libzip.so
7efc85838000-7efc85843000 r-xp 00000000 08:08 790501                     /lib/x86_64-linux-gnu/libnss_files-2.23.so
7efc85843000-7efc85a42000 ---p 0000b000 08:08 790501                     /lib/x86_64-linux-gnu/libnss_files-2.23.so
7efc85a42000-7efc85a43000 r--p 0000a000 08:08 790501                     /lib/x86_64-linux-gnu/libnss_files-2.23.so
7efc85a43000-7efc85a44000 rw-p 0000b000 08:08 790501                     /lib/x86_64-linux-gnu/libnss_files-2.23.so
7efc85a44000-7efc85a4a000 rw-p 00000000 00:00 0 
7efc85a4a000-7efc85a55000 r-xp 00000000 08:08 789886                     /lib/x86_64-linux-gnu/libnss_nis-2.23.so
7efc85a55000-7efc85c54000 ---p 0000b000 08:08 789886                     /lib/x86_64-linux-gnu/libnss_nis-2.23.so
7efc85c54000-7efc85c55000 r--p 0000a000 08:08 789886                     /lib/x86_64-linux-gnu/libnss_nis-2.23.so
7efc85c55000-7efc85c56000 rw-p 0000b000 08:08 789886                     /lib/x86_64-linux-gnu/libnss_nis-2.23.so
7efc85c56000-7efc85c6c000 r-xp 00000000 08:08 790458                     /lib/x86_64-linux-gnu/libnsl-2.23.so
7efc85c6c000-7efc85e6b000 ---p 00016000 08:08 790458                     /lib/x86_64-linux-gnu/libnsl-2.23.so
7efc85e6b000-7efc85e6c000 r--p 00015000 08:08 790458                     /lib/x86_64-linux-gnu/libnsl-2.23.so
7efc85e6c000-7efc85e6d000 rw-p 00016000 08:08 790458                     /lib/x86_64-linux-gnu/libnsl-2.23.so
7efc85e6d000-7efc85e6f000 rw-p 00000000 00:00 0 
7efc85e6f000-7efc85e77000 r-xp 00000000 08:08 790459                     /lib/x86_64-linux-gnu/libnss_compat-2.23.so
7efc85e77000-7efc86076000 ---p 00008000 08:08 790459                     /lib/x86_64-linux-gnu/libnss_compat-2.23.so
7efc86076000-7efc86077000 r--p 00007000 08:08 790459                     /lib/x86_64-linux-gnu/libnss_compat-2.23.so
7efc86077000-7efc86078000 rw-p 00008000 08:08 790459                     /lib/x86_64-linux-gnu/libnss_compat-2.23.so
7efc86078000-7efc860a5000 r-xp 00000000 08:09 395091                     /home/chiz/Documents/android-studio/jre/jre/lib/amd64/libjava.so
7efc860a5000-7efc862a4000 ---p 0002d000 08:09 395091                     /home/chiz/Documents/android-studio/jre/jre/lib/amd64/libjava.so
7efc862a4000-7efc862a5000 r--p 0002c000 08:09 395091                     /home/chiz/Documents/android-studio/jre/jre/lib/amd64/libjava.so
7efc862a5000-7efc862a7000 rw-p 0002d000 08:09 395091                     /home/chiz/Documents/android-studio/jre/jre/lib/amd64/libjava.so
7efc862a7000-7efc862b7000 r-xp 00000000 08:09 395107                     /home/chiz/Documents/android-studio/jre/jre/lib/amd64/libverify.so
7efc862b7000-7efc864b6000 ---p 00010000 08:09 395107                     /home/chiz/Documents/android-studio/jre/jre/lib/amd64/libverify.so
7efc864b6000-7efc864b8000 r--p 0000f000 08:09 395107                     /home/chiz/Documents/android-studio/jre/jre/lib/amd64/libverify.so
7efc864b8000-7efc864b9000 rw-p 00011000 08:09 395107                     /home/chiz/Documents/android-studio/jre/jre/lib/amd64/libverify.so
7efc864b9000-7efc864c0000 r-xp 00000000 08:08 789885                     /lib/x86_64-linux-gnu/librt-2.23.so
7efc864c0000-7efc866bf000 ---p 00007000 08:08 789885                     /lib/x86_64-linux-gnu/librt-2.23.so
7efc866bf000-7efc866c0000 r--p 00006000 08:08 789885                     /lib/x86_64-linux-gnu/librt-2.23.so
7efc866c0000-7efc866c1000 rw-p 00007000 08:08 789885                     /lib/x86_64-linux-gnu/librt-2.23.so
7efc866c1000-7efc867c9000 r-xp 00000000 08:08 790456                     /lib/x86_64-linux-gnu/libm-2.23.so
7efc867c9000-7efc869c8000 ---p 00108000 08:08 790456                     /lib/x86_64-linux-gnu/libm-2.23.so
7efc869c8000-7efc869c9000 r--p 00107000 08:08 790456                     /lib/x86_64-linux-gnu/libm-2.23.so
7efc869c9000-7efc869ca000 rw-p 00108000 08:08 790456                     /lib/x86_64-linux-gnu/libm-2.23.so
7efc869ca000-7efc875b0000 r-xp 00000000 08:09 395111                     /home/chiz/Documents/android-studio/jre/jre/lib/amd64/server/libjvm.so
7efc875b0000-7efc877b0000 ---p 00be6000 08:09 395111                     /home/chiz/Documents/android-studio/jre/jre/lib/amd64/server/libjvm.so
7efc877b0000-7efc8784f000 r--p 00be6000 08:09 395111                     /home/chiz/Documents/android-studio/jre/jre/lib/amd64/server/libjvm.so
7efc8784f000-7efc87878000 rw-p 00c85000 08:09 395111                     /home/chiz/Documents/android-studio/jre/jre/lib/amd64/server/libjvm.so
7efc87878000-7efc878ba000 rw-p 00000000 00:00 0 
7efc878ba000-7efc878d2000 r-xp 00000000 08:08 790457                     /lib/x86_64-linux-gnu/libpthread-2.23.so
7efc878d2000-7efc87ad1000 ---p 00018000 08:08 790457                     /lib/x86_64-linux-gnu/libpthread-2.23.so
7efc87ad1000-7efc87ad2000 r--p 00017000 08:08 790457                     /lib/x86_64-linux-gnu/libpthread-2.23.so
7efc87ad2000-7efc87ad3000 rw-p 00018000 08:08 790457                     /lib/x86_64-linux-gnu/libpthread-2.23.so
7efc87ad3000-7efc87ad7000 rw-p 00000000 00:00 0 
7efc87ad7000-7efc87ada000 r-xp 00000000 08:08 790324                     /lib/x86_64-linux-gnu/libdl-2.23.so
7efc87ada000-7efc87cd9000 ---p 00003000 08:08 790324                     /lib/x86_64-linux-gnu/libdl-2.23.so
7efc87cd9000-7efc87cda000 r--p 00002000 08:08 790324                     /lib/x86_64-linux-gnu/libdl-2.23.so
7efc87cda000-7efc87cdb000 rw-p 00003000 08:08 790324                     /lib/x86_64-linux-gnu/libdl-2.23.so
7efc87cdb000-7efc87e9a000 r-xp 00000000 08:08 790336                     /lib/x86_64-linux-gnu/libc-2.23.so
7efc87e9a000-7efc8809a000 ---p 001bf000 08:08 790336                     /lib/x86_64-linux-gnu/libc-2.23.so
7efc8809a000-7efc8809e000 r--p 001bf000 08:08 790336                     /lib/x86_64-linux-gnu/libc-2.23.so
7efc8809e000-7efc880a0000 rw-p 001c3000 08:08 790336                     /lib/x86_64-linux-gnu/libc-2.23.so
7efc880a0000-7efc880a4000 rw-p 00000000 00:00 0 
7efc880a4000-7efc880ba000 r-xp 00000000 08:09 394971                     /home/chiz/Documents/android-studio/jre/lib/amd64/jli/libjli.so
7efc880ba000-7efc882b9000 ---p 00016000 08:09 394971                     /home/chiz/Documents/android-studio/jre/lib/amd64/jli/libjli.so
7efc882b9000-7efc882ba000 r--p 00015000 08:09 394971                     /home/chiz/Documents/android-studio/jre/lib/amd64/jli/libjli.so
7efc882ba000-7efc882bb000 rw-p 00016000 08:09 394971                     /home/chiz/Documents/android-studio/jre/lib/amd64/jli/libjli.so
7efc882bb000-7efc882e1000 r-xp 00000000 08:08 785103                     /lib/x86_64-linux-gnu/ld-2.23.so
7efc882e7000-7efc883c0000 rw-p 00000000 00:00 0 
7efc883c0000-7efc883c3000 ---p 00000000 00:00 0 
7efc883c3000-7efc884c5000 rw-p 00000000 00:00 0 
7efc884c6000-7efc884d4000 r--s 000e0000 08:09 288142                     /home/chiz/Android/Sdk/build-tools/25.0.1/lib/dx.jar
7efc884d4000-7efc884dc000 rw-s 00000000 08:08 139614                     /tmp/hsperfdata_chiz/6388
7efc884dc000-7efc884dd000 rw-p 00000000 00:00 0 
7efc884dd000-7efc884de000 ---p 00000000 00:00 0 
7efc884de000-7efc884e0000 rw-p 00000000 00:00 0 
7efc884e0000-7efc884e1000 r--p 00025000 08:08 785103                     /lib/x86_64-linux-gnu/ld-2.23.so
7efc884e1000-7efc884e2000 rw-p 00026000 08:08 785103                     /lib/x86_64-linux-gnu/ld-2.23.so
7efc884e2000-7efc884e3000 rw-p 00000000 00:00 0 
7ffe000b4000-7ffe000d5000 rw-p 00000000 00:00 0                          [stack]
7ffe001a1000-7ffe001a3000 r--p 00000000 00:00 0                          [vvar]
7ffe001a3000-7ffe001a5000 r-xp 00000000 00:00 0                          [vdso]
ffffffffff600000-ffffffffff601000 r-xp 00000000 00:00 0                  [vsyscall]

VM Arguments:
jvm_args: -Djava.awt.headless=true -Xmx1024M -Dfile.encoding=UTF-8 -Duser.country=PH -Duser.language=en -Duser.variant 
java_command: com.android.dx.command.Main --dex --force-jumbo --num-threads=4 --multi-dex --output /home/chiz/Documents/ANDROID_Projects/VINEYARD-FILES/Vineyard-App/app/build/intermediates/transforms/dex/debug/folders/1000/5/slice_9 /home/chiz/Documents/ANDROID_Projects/VINEYARD-FILES/Vineyard-App/app/build/intermediates/transforms/instantRunSlicer/debug/folders/1/5/slice_9
java_class_path (initial): /home/chiz/Android/Sdk/build-tools/25.0.1/lib/dx.jar
Launcher Type: SUN_STANDARD

Environment Variables:
PATH=/home/chiz/bin:/home/chiz/.local/bin:/usr/local/sbin:/usr/local/bin:/usr/sbin:/usr/bin:/sbin:/bin:/usr/games:/usr/local/games:/snap/bin
LD_LIBRARY_PATH=/home/chiz/Documents/android-studio/bin:
SHELL=/bin/bash
DISPLAY=:0

Signal Handlers:
SIGSEGV: [libjvm.so+0x9daac0], sa_mask[0]=11111111011111111101111111111110, sa_flags=SA_RESTART|SA_SIGINFO
SIGBUS: [libjvm.so+0x9daac0], sa_mask[0]=11111111011111111101111111111110, sa_flags=SA_RESTART|SA_SIGINFO
SIGFPE: [libjvm.so+0x840d90], sa_mask[0]=11111111011111111101111111111110, sa_flags=SA_RESTART|SA_SIGINFO
SIGPIPE: [libjvm.so+0x840d90], sa_mask[0]=11111111011111111101111111111110, sa_flags=SA_RESTART|SA_SIGINFO
SIGXFSZ: [libjvm.so+0x840d90], sa_mask[0]=11111111011111111101111111111110, sa_flags=SA_RESTART|SA_SIGINFO
SIGILL: [libjvm.so+0x840d90], sa_mask[0]=11111111011111111101111111111110, sa_flags=SA_RESTART|SA_SIGINFO
SIGUSR1: SIG_DFL, sa_mask[0]=00000000000000000000000000000000, sa_flags=none
SIGUSR2: [libjvm.so+0x840c60], sa_mask[0]=00100000000000000000000000000000, sa_flags=SA_RESTART|SA_SIGINFO
SIGHUP: [libjvm.so+0x840e50], sa_mask[0]=11111111011111111101111111111110, sa_flags=SA_RESTART|SA_SIGINFO
SIGINT: [libjvm.so+0x840e50], sa_mask[0]=11111111011111111101111111111110, sa_flags=SA_RESTART|SA_SIGINFO
SIGTERM: [libjvm.so+0x840e50], sa_mask[0]=11111111011111111101111111111110, sa_flags=SA_RESTART|SA_SIGINFO
SIGQUIT: [libjvm.so+0x840e50], sa_mask[0]=11111111011111111101111111111110, sa_flags=SA_RESTART|SA_SIGINFO


---------------  S Y S T E M  ---------------

OS:DISTRIB_ID=Ubuntu
DISTRIB_RELEASE=16.04
DISTRIB_CODENAME=xenial
DISTRIB_DESCRIPTION="Ubuntu 16.04.1 LTS"

uname:Linux 4.4.0-57-generic #78-Ubuntu SMP Fri Dec 9 23:50:32 UTC 2016 x86_64
libc:glibc 2.23 NPTL 2.23 
rlimit: STACK 8192k, CORE 0k, NPROC 15097, NOFILE 65536, AS infinity
load average:2.67 1.08 0.86

/proc/meminfo:
MemTotal:        3959116 kB
MemFree:          110096 kB
MemAvailable:      23644 kB
Buffers:            2352 kB
Cached:           216476 kB
SwapCached:            0 kB
Active:          3439272 kB
Inactive:         196152 kB
Active(anon):    3430460 kB
Inactive(anon):   173696 kB
Active(file):       8812 kB
Inactive(file):    22456 kB
Unevictable:         304 kB
Mlocked:             304 kB
SwapTotal:             0 kB
SwapFree:              0 kB
Dirty:                64 kB
Writeback:            68 kB
AnonPages:       3417392 kB
Mapped:            80780 kB
Shmem:            187076 kB
Slab:              83940 kB
SReclaimable:      40680 kB
SUnreclaim:        43260 kB
KernelStack:       12640 kB
PageTables:        50096 kB
NFS_Unstable:          0 kB
Bounce:                0 kB
WritebackTmp:          0 kB
CommitLimit:     1979556 kB
Committed_AS:    8603596 kB
VmallocTotal:   34359738367 kB
VmallocUsed:           0 kB
VmallocChunk:          0 kB
HardwareCorrupted:     0 kB
AnonHugePages:    989184 kB
CmaTotal:              0 kB
CmaFree:               0 kB
HugePages_Total:       0
HugePages_Free:        0
HugePages_Rsvd:        0
HugePages_Surp:        0
Hugepagesize:       2048 kB
DirectMap4k:      190016 kB
DirectMap2M:     3917824 kB
DirectMap1G:     1048576 kB


CPU:total 4 (2 cores per cpu, 2 threads per core) family 6 model 61 stepping 4, cmov, cx8, fxsr, mmx, sse, sse2, sse3, ssse3, sse4.1, sse4.2, popcnt, avx, avx2, aes, clmul, erms, 3dnowpref, lzcnt, ht, tsc, tscinvbit, bmi1, bmi2, adx

/proc/cpuinfo:
processor	: 0
vendor_id	: GenuineIntel
cpu family	: 6
model		: 61
model name	: Intel(R) Core(TM) i7-5500U CPU @ 2.40GHz
stepping	: 4
microcode	: 0x11
cpu MHz		: 2399.906
cache size	: 4096 KB
physical id	: 0
siblings	: 4
core id		: 0
cpu cores	: 2
apicid		: 0
initial apicid	: 0
fpu		: yes
fpu_exception	: yes
cpuid level	: 20
wp		: yes
flags		: fpu vme de pse tsc msr pae mce cx8 apic sep mtrr pge mca cmov pat pse36 clflush dts acpi mmx fxsr sse sse2 ss ht tm pbe syscall nx pdpe1gb rdtscp lm constant_tsc arch_perfmon pebs bts rep_good nopl xtopology nonstop_tsc aperfmperf eagerfpu pni pclmulqdq dtes64 monitor ds_cpl vmx est tm2 ssse3 sdbg fma cx16 xtpr pdcm pcid sse4_1 sse4_2 x2apic movbe popcnt tsc_deadline_timer aes xsave avx f16c rdrand lahf_lm abm 3dnowprefetch epb intel_pt tpr_shadow vnmi flexpriority ept vpid fsgsbase tsc_adjust bmi1 avx2 smep bmi2 erms invpcid rdseed adx smap xsaveopt dtherm ida arat pln pts
bugs		:
bogomips	: 4788.92
clflush size	: 64
cache_alignment	: 64
address sizes	: 39 bits physical, 48 bits virtual
power management:

processor	: 1
vendor_id	: GenuineIntel
cpu family	: 6
model		: 61
model name	: Intel(R) Core(TM) i7-5500U CPU @ 2.40GHz
stepping	: 4
microcode	: 0x11
cpu MHz		: 2400.000
cache size	: 4096 KB
physical id	: 0
siblings	: 4
core id		: 1
cpu cores	: 2
apicid		: 2
initial apicid	: 2
fpu		: yes
fpu_exception	: yes
cpuid level	: 20
wp		: yes
flags		: fpu vme de pse tsc msr pae mce cx8 apic sep mtrr pge mca cmov pat pse36 clflush dts acpi mmx fxsr sse sse2 ss ht tm pbe syscall nx pdpe1gb rdtscp lm constant_tsc arch_perfmon pebs bts rep_good nopl xtopology nonstop_tsc aperfmperf eagerfpu pni pclmulqdq dtes64 monitor ds_cpl vmx est tm2 ssse3 sdbg fma cx16 xtpr pdcm pcid sse4_1 sse4_2 x2apic movbe popcnt tsc_deadline_timer aes xsave avx f16c rdrand lahf_lm abm 3dnowprefetch epb intel_pt tpr_shadow vnmi flexpriority ept vpid fsgsbase tsc_adjust bmi1 avx2 smep bmi2 erms invpcid rdseed adx smap xsaveopt dtherm ida arat pln pts
bugs		:
bogomips	: 4788.92
clflush size	: 64
cache_alignment	: 64
address sizes	: 39 bits physical, 48 bits virtual
power management:

processor	: 2
vendor_id	: GenuineIntel
cpu family	: 6
model		: 61
model name	: Intel(R) Core(TM) i7-5500U CPU @ 2.40GHz
stepping	: 4
microcode	: 0x11
cpu MHz		: 2400.000
cache size	: 4096 KB
physical id	: 0
siblings	: 4
core id		: 0
cpu cores	: 2
apicid		: 1
initial apicid	: 1
fpu		: yes
fpu_exception	: yes
cpuid level	: 20
wp		: yes
flags		: fpu vme de pse tsc msr pae mce cx8 apic sep mtrr pge mca cmov pat pse36 clflush dts acpi mmx fxsr sse sse2 ss ht tm pbe syscall nx pdpe1gb rdtscp lm constant_tsc arch_perfmon pebs bts rep_good nopl xtopology nonstop_tsc aperfmperf eagerfpu pni pclmulqdq dtes64 monitor ds_cpl vmx est tm2 ssse3 sdbg fma cx16 xtpr pdcm pcid sse4_1 sse4_2 x2apic movbe popcnt tsc_deadline_timer aes xsave avx f16c rdrand lahf_lm abm 3dnowprefetch epb intel_pt tpr_shadow vnmi flexpriority ept vpid fsgsbase tsc_adjust bmi1 avx2 smep bmi2 erms invpcid rdseed adx smap xsaveopt dtherm ida arat pln pts
bugs		:
bogomips	: 4788.92
clflush size	: 64
cache_alignment	: 64
address sizes	: 39 bits physical, 48 bits virtual
power management:

processor	: 3
vendor_id	: GenuineIntel
cpu family	: 6
model		: 61
model name	: Intel(R) Core(TM) i7-5500U CPU @ 2.40GHz
stepping	: 4
microcode	: 0x11
cpu MHz		: 1800.375
cache size	: 4096 KB
physical id	: 0
siblings	: 4
core id		: 1
cpu cores	: 2
apicid		: 3
initial apicid	: 3
fpu		: yes
fpu_exception	: yes
cpuid level	: 20
wp		: yes
flags		: fpu vme de pse tsc msr pae mce cx8 apic sep mtrr pge mca cmov pat pse36 clflush dts acpi mmx fxsr sse sse2 ss ht tm pbe syscall nx pdpe1gb rdtscp lm constant_tsc arch_perfmon pebs bts rep_good nopl xtopology nonstop_tsc aperfmperf eagerfpu pni pclmulqdq dtes64 monitor ds_cpl vmx est tm2 ssse3 sdbg fma cx16 xtpr pdcm pcid sse4_1 sse4_2 x2apic movbe popcnt tsc_deadline_timer aes xsave avx f16c rdrand lahf_lm abm 3dnowprefetch epb intel_pt tpr_shadow vnmi flexpriority ept vpid fsgsbase tsc_adjust bmi1 avx2 smep bmi2 erms invpcid rdseed adx smap xsaveopt dtherm ida arat pln pts
bugs		:
bogomips	: 4788.92
clflush size	: 64
cache_alignment	: 64
address sizes	: 39 bits physical, 48 bits virtual
power management:



Memory: 4k page, physical 3959116k(110096k free), swap 0k(0k free)

vm_info: OpenJDK 64-Bit Server VM (25.76-b03) for linux-amd64 JRE (1.8.0_76-release-b03), built on Jun 29 2016 09:39:19 by "builder" with gcc 4.8.4

time: Fri Jan  6 09:29:47 2017
elapsed time: 12 seconds (0d 0h 0m 12s)

