#
# There is insufficient memory for the Java Runtime Environment to continue.
# Native memory allocation (mmap) failed to map 108003328 bytes for committing reserved memory.
# Possible reasons:
#   The system is out of physical RAM or swap space
#   In 32 bit mode, the process size limit was hit
# Possible solutions:
#   Reduce memory load on the system
#   Increase physical memory or swap space
#   Check if swap backing store is full
#   Use 64 bit Java on a 64 bit OS
#   Decrease Java heap size (-Xmx/-Xms)
#   Decrease number of Java threads
#   Decrease Java thread stack sizes (-Xss)
#   Set larger code cache with -XX:ReservedCodeCacheSize=
# This output file may be truncated or incomplete.
#
#  Out of Memory Error (os_linux.cpp:2627), pid=8293, tid=0x00007f56b8ad1700
#
# JRE version: OpenJDK Runtime Environment (8.0_76-b03) (build 1.8.0_76-release-b03)
# Java VM: OpenJDK 64-Bit Server VM (25.76-b03 mixed mode linux-amd64 compressed oops)
# Failed to write core dump. Core dumps have been disabled. To enable core dumping, try "ulimit -c unlimited" before starting Java again
#

---------------  T H R E A D  ---------------

Current thread (0x00007f56d0077800):  VMThread [stack: 0x00007f56b89d1000,0x00007f56b8ad2000] [id=8304]

Stack: [0x00007f56b89d1000,0x00007f56b8ad2000],  sp=0x00007f56b8ad04c0,  free space=1021k
Native frames: (J=compiled Java code, j=interpreted, Vv=VM code, C=native code)
V  [libjvm.so+0x9d9fcd]  VMError::report_and_die()+0x15d
V  [libjvm.so+0x4b4d4a]  report_vm_out_of_memory(char const*, int, unsigned long, VMErrorType, char const*)+0x8a
V  [libjvm.so+0x845190]  os::pd_commit_memory(char*, unsigned long, unsigned long, bool)+0xf0
V  [libjvm.so+0x83fcbf]  os::commit_memory(char*, unsigned long, unsigned long, bool)+0x1f
V  [libjvm.so+0x8b4d9b]  PSVirtualSpace::expand_by(unsigned long)+0x5b
V  [libjvm.so+0x8b5a10]  PSYoungGen::resize_generation(unsigned long, unsigned long)+0xb0
V  [libjvm.so+0x8b5d2b]  PSYoungGen::resize(unsigned long, unsigned long)+0x1b
V  [libjvm.so+0x8b241c]  PSScavenge::invoke_no_policy()+0xdac
V  [libjvm.so+0x8b2bf8]  PSScavenge::invoke()+0x38
V  [libjvm.so+0x8681f3]  ParallelScavengeHeap::failed_mem_allocate(unsigned long)+0x63
V  [libjvm.so+0x9dba94]  VM_ParallelGCFailedAllocation::doit()+0x84
V  [libjvm.so+0x9dfe47]  VM_Operation::evaluate()+0x47
V  [libjvm.so+0x9de908]  VMThread::evaluate_operation(VM_Operation*)+0x2c8
V  [libjvm.so+0x9ded89]  VMThread::loop()+0x219
V  [libjvm.so+0x9df1d2]  VMThread::run()+0x72
V  [libjvm.so+0x8425b2]  java_start(Thread*)+0xf2

VM_Operation (0x00007f56d70c2470): ParallelGCFailedAllocation, mode: safepoint, requested by thread 0x00007f56d000a000


---------------  P R O C E S S  ---------------

Java Threads: ( => current thread )
  0x00007f56d014f800 JavaThread "pool-2-thread-4" [_thread_blocked, id=8317, stack(0x00007f56938f9000,0x00007f56939fa000)]
  0x00007f56d014e000 JavaThread "pool-2-thread-3" [_thread_blocked, id=8316, stack(0x00007f56939fa000,0x00007f5693afb000)]
  0x00007f56d014b000 JavaThread "pool-2-thread-2" [_thread_blocked, id=8315, stack(0x00007f5693afb000,0x00007f5693bfc000)]
  0x00007f56d013a800 JavaThread "pool-3-thread-1" [_thread_blocked, id=8314, stack(0x00007f5693bfc000,0x00007f5693cfd000)]
  0x00007f56d0136800 JavaThread "pool-2-thread-1" [_thread_blocked, id=8313, stack(0x00007f5693cfd000,0x00007f5693dfe000)]
  0x00007f56d00ca000 JavaThread "Service Thread" daemon [_thread_blocked, id=8311, stack(0x00007f5693eff000,0x00007f5694000000)]
  0x00007f56d00bc800 JavaThread "C1 CompilerThread2" daemon [_thread_blocked, id=8310, stack(0x00007f56b80f3000,0x00007f56b81f4000)]
  0x00007f56d00bb000 JavaThread "C2 CompilerThread1" daemon [_thread_blocked, id=8309, stack(0x00007f56b81f4000,0x00007f56b82f5000)]
  0x00007f56d00b8000 JavaThread "C2 CompilerThread0" daemon [_thread_blocked, id=8308, stack(0x00007f56b82f5000,0x00007f56b83f6000)]
  0x00007f56d00b6800 JavaThread "Signal Dispatcher" daemon [_thread_blocked, id=8307, stack(0x00007f56b83f6000,0x00007f56b84f7000)]
  0x00007f56d0084000 JavaThread "Finalizer" daemon [_thread_blocked, id=8306, stack(0x00007f56b87cf000,0x00007f56b88d0000)]
  0x00007f56d007f000 JavaThread "Reference Handler" daemon [_thread_blocked, id=8305, stack(0x00007f56b88d0000,0x00007f56b89d1000)]
  0x00007f56d000a000 JavaThread "main" [_thread_blocked, id=8299, stack(0x00007f56d6fc4000,0x00007f56d70c5000)]

Other Threads:
=>0x00007f56d0077800 VMThread [stack: 0x00007f56b89d1000,0x00007f56b8ad2000] [id=8304]
  0x00007f56d00cc000 WatcherThread [stack: 0x00007f5693dfe000,0x00007f5693eff000] [id=8312]

VM state:at safepoint (normal execution)

VM Mutex/Monitor currently owned by a thread:  ([mutex/lock_event])
[0x00007f56d0006730] Threads_lock - owner thread: 0x00007f56d0077800
[0x00007f56d0006c30] Heap_lock - owner thread: 0x00007f56d000a000

Heap:
 PSYoungGen      total 66048K, used 2550K [0x00000000eab00000, 0x00000000eee00000, 0x0000000100000000)
  eden space 63488K, 0% used [0x00000000eab00000,0x00000000eab00000,0x00000000ee900000)
  from space 2560K, 99% used [0x00000000ee900000,0x00000000eeb7d880,0x00000000eeb80000)
  to   space 2560K, 0% used [0x00000000eeb80000,0x00000000eeb80000,0x00000000eee00000)
 ParOldGen       total 43520K, used 42942K [0x00000000c0000000, 0x00000000c2a80000, 0x00000000eab00000)
  object space 43520K, 98% used [0x00000000c0000000,0x00000000c29ef960,0x00000000c2a80000)
 Metaspace       used 5791K, capacity 6960K, committed 7040K, reserved 1056768K
  class space    used 557K, capacity 616K, committed 640K, reserved 1048576K

Card table byte_map: [0x00007f56d401f000,0x00007f56d4220000] byte_map_base: 0x00007f56d3a1f000

Marking Bits: (ParMarkBitMap*) 0x00007f56d64911a0
 Begin Bits: [0x00007f56ba000000, 0x00007f56bb000000)
 End Bits:   [0x00007f56bb000000, 0x00007f56bc000000)

Polling page: 0x00007f56d70e1000

CodeCache: size=245760Kb used=5400Kb max_used=5400Kb free=240359Kb
 bounds [0x00007f56c1000000, 0x00007f56c1550000, 0x00007f56d0000000]
 total_blobs=1646 nmethods=1385 adapters=175
 compilation: enabled

Compilation events (10 events):
Event: 3.144 Thread 0x00007f56d00bc800 1474       3       com.android.dx.dex.code.BlockAddresses::setupArrays (113 bytes)
Event: 3.146 Thread 0x00007f56d00bc800 nmethod 1474 0x00007f56c1542c50 code [0x00007f56c1542f20, 0x00007f56c1544938]
Event: 3.149 Thread 0x00007f56d00bc800 1476       1       com.android.dx.rop.code.Insn$BaseVisitor::visitThrowingInsn (1 bytes)
Event: 3.149 Thread 0x00007f56d00bc800 nmethod 1476 0x00007f56c14aa9d0 code [0x00007f56c14aab20, 0x00007f56c14aac30]
Event: 3.149 Thread 0x00007f56d00bc800 1477       3       com.android.dx.rop.code.BasicBlockList::getInstructionCount (48 bytes)
Event: 3.150 Thread 0x00007f56d00bc800 nmethod 1477 0x00007f56c1545750 code [0x00007f56c15458e0, 0x00007f56c1545f70]
Event: 3.150 Thread 0x00007f56d00bc800 1478 %     3       com.android.dx.dex.code.RopTranslator::pickOrder @ 33 (400 bytes)
Event: 3.154 Thread 0x00007f56d00bc800 nmethod 1478% 0x00007f56c15461d0 code [0x00007f56c1546540, 0x00007f56c1548878]
Event: 3.156 Thread 0x00007f56d00bc800 1479 %     3       com.android.dx.ssa.back.LivenessAnalyzer::constructInterferenceGraph @ 16 (47 bytes)
Event: 3.157 Thread 0x00007f56d00bc800 nmethod 1479% 0x00007f56c154a1d0 code [0x00007f56c154a380, 0x00007f56c154a858]

GC Heap History (9 events):
Event: 1.419 GC heap before
{Heap before GC invocations=1 (full 0):
 PSYoungGen      total 18432K, used 15872K [0x00000000eab00000, 0x00000000ebf80000, 0x0000000100000000)
  eden space 15872K, 100% used [0x00000000eab00000,0x00000000eba80000,0x00000000eba80000)
  from space 2560K, 0% used [0x00000000ebd00000,0x00000000ebd00000,0x00000000ebf80000)
  to   space 2560K, 0% used [0x00000000eba80000,0x00000000eba80000,0x00000000ebd00000)
 ParOldGen       total 42496K, used 0K [0x00000000c0000000, 0x00000000c2980000, 0x00000000eab00000)
  object space 42496K, 0% used [0x00000000c0000000,0x00000000c0000000,0x00000000c2980000)
 Metaspace       used 5413K, capacity 6640K, committed 6784K, reserved 1056768K
  class space    used 551K, capacity 616K, committed 640K, reserved 1048576K
Event: 1.436 GC heap after
Heap after GC invocations=1 (full 0):
 PSYoungGen      total 18432K, used 2559K [0x00000000eab00000, 0x00000000ecf00000, 0x0000000100000000)
  eden space 15872K, 0% used [0x00000000eab00000,0x00000000eab00000,0x00000000eba80000)
  from space 2560K, 99% used [0x00000000eba80000,0x00000000ebcfff10,0x00000000ebd00000)
  to   space 2560K, 0% used [0x00000000ecc80000,0x00000000ecc80000,0x00000000ecf00000)
 ParOldGen       total 42496K, used 1509K [0x00000000c0000000, 0x00000000c2980000, 0x00000000eab00000)
  object space 42496K, 3% used [0x00000000c0000000,0x00000000c01796b0,0x00000000c2980000)
 Metaspace       used 5413K, capacity 6640K, committed 6784K, reserved 1056768K
  class space    used 551K, capacity 616K, committed 640K, reserved 1048576K
}
Event: 1.651 GC heap before
{Heap before GC invocations=2 (full 0):
 PSYoungGen      total 18432K, used 18431K [0x00000000eab00000, 0x00000000ecf00000, 0x0000000100000000)
  eden space 15872K, 100% used [0x00000000eab00000,0x00000000eba80000,0x00000000eba80000)
  from space 2560K, 99% used [0x00000000eba80000,0x00000000ebcfff10,0x00000000ebd00000)
  to   space 2560K, 0% used [0x00000000ecc80000,0x00000000ecc80000,0x00000000ecf00000)
 ParOldGen       total 42496K, used 1509K [0x00000000c0000000, 0x00000000c2980000, 0x00000000eab00000)
  object space 42496K, 3% used [0x00000000c0000000,0x00000000c01796b0,0x00000000c2980000)
 Metaspace       used 5487K, capacity 6704K, committed 6784K, reserved 1056768K
  class space    used 552K, capacity 616K, committed 640K, reserved 1048576K
Event: 1.666 GC heap after
Heap after GC invocations=2 (full 0):
 PSYoungGen      total 34304K, used 2531K [0x00000000eab00000, 0x00000000ecf00000, 0x0000000100000000)
  eden space 31744K, 0% used [0x00000000eab00000,0x00000000eab00000,0x00000000eca00000)
  from space 2560K, 98% used [0x00000000ecc80000,0x00000000ecef8e60,0x00000000ecf00000)
  to   space 2560K, 0% used [0x00000000eca00000,0x00000000eca00000,0x00000000ecc80000)
 ParOldGen       total 42496K, used 5011K [0x00000000c0000000, 0x00000000c2980000, 0x00000000eab00000)
  object space 42496K, 11% used [0x00000000c0000000,0x00000000c04e4d50,0x00000000c2980000)
 Metaspace       used 5487K, capacity 6704K, committed 6784K, reserved 1056768K
  class space    used 552K, capacity 616K, committed 640K, reserved 1048576K
}
Event: 2.211 GC heap before
{Heap before GC invocations=3 (full 0):
 PSYoungGen      total 34304K, used 34275K [0x00000000eab00000, 0x00000000ecf00000, 0x0000000100000000)
  eden space 31744K, 100% used [0x00000000eab00000,0x00000000eca00000,0x00000000eca00000)
  from space 2560K, 98% used [0x00000000ecc80000,0x00000000ecef8e60,0x00000000ecf00000)
  to   space 2560K, 0% used [0x00000000eca00000,0x00000000eca00000,0x00000000ecc80000)
 ParOldGen       total 42496K, used 5011K [0x00000000c0000000, 0x00000000c2980000, 0x00000000eab00000)
  object space 42496K, 11% used [0x00000000c0000000,0x00000000c04e4d50,0x00000000c2980000)
 Metaspace       used 5709K, capacity 6896K, committed 7040K, reserved 1056768K
  class space    used 556K, capacity 616K, committed 640K, reserved 1048576K
Event: 2.233 GC heap after
Heap after GC invocations=3 (full 0):
 PSYoungGen      total 34304K, used 2550K [0x00000000eab00000, 0x00000000eee00000, 0x0000000100000000)
  eden space 31744K, 0% used [0x00000000eab00000,0x00000000eab00000,0x00000000eca00000)
  from space 2560K, 99% used [0x00000000eca00000,0x00000000ecc7d880,0x00000000ecc80000)
  to   space 2560K, 0% used [0x00000000eeb80000,0x00000000eeb80000,0x00000000eee00000)
 ParOldGen       total 42496K, used 12680K [0x00000000c0000000, 0x00000000c2980000, 0x00000000eab00000)
  object space 42496K, 29% used [0x00000000c0000000,0x00000000c0c62220,0x00000000c2980000)
 Metaspace       used 5709K, capacity 6896K, committed 7040K, reserved 1056768K
  class space    used 556K, capacity 616K, committed 640K, reserved 1048576K
}
Event: 2.746 GC heap before
{Heap before GC invocations=4 (full 0):
 PSYoungGen      total 34304K, used 34294K [0x00000000eab00000, 0x00000000eee00000, 0x0000000100000000)
  eden space 31744K, 100% used [0x00000000eab00000,0x00000000eca00000,0x00000000eca00000)
  from space 2560K, 99% used [0x00000000eca00000,0x00000000ecc7d880,0x00000000ecc80000)
  to   space 2560K, 0% used [0x00000000eeb80000,0x00000000eeb80000,0x00000000eee00000)
 ParOldGen       total 42496K, used 12680K [0x00000000c0000000, 0x00000000c2980000, 0x00000000eab00000)
  object space 42496K, 29% used [0x00000000c0000000,0x00000000c0c62220,0x00000000c2980000)
 Metaspace       used 5780K, capacity 6960K, committed 7040K, reserved 1056768K
  class space    used 557K, capacity 616K, committed 640K, reserved 1048576K
Event: 2.769 GC heap after
Heap after GC invocations=4 (full 0):
 PSYoungGen      total 66048K, used 2550K [0x00000000eab00000, 0x00000000eee00000, 0x0000000100000000)
  eden space 63488K, 0% used [0x00000000eab00000,0x00000000eab00000,0x00000000ee900000)
  from space 2560K, 99% used [0x00000000eeb80000,0x00000000eedfd880,0x00000000eee00000)
  to   space 2560K, 0% used [0x00000000ee900000,0x00000000ee900000,0x00000000eeb80000)
 ParOldGen       total 42496K, used 22972K [0x00000000c0000000, 0x00000000c2980000, 0x00000000eab00000)
  object space 42496K, 54% used [0x00000000c0000000,0x00000000c166f1e8,0x00000000c2980000)
 Metaspace       used 5780K, capacity 6960K, committed 7040K, reserved 1056768K
  class space    used 557K, capacity 616K, committed 640K, reserved 1048576K
}
Event: 3.164 GC heap before
{Heap before GC invocations=5 (full 0):
 PSYoungGen      total 66048K, used 66038K [0x00000000eab00000, 0x00000000eee00000, 0x0000000100000000)
  eden space 63488K, 100% used [0x00000000eab00000,0x00000000ee900000,0x00000000ee900000)
  from space 2560K, 99% used [0x00000000eeb80000,0x00000000eedfd880,0x00000000eee00000)
  to   space 2560K, 0% used [0x00000000ee900000,0x00000000ee900000,0x00000000eeb80000)
 ParOldGen       total 42496K, used 22972K [0x00000000c0000000, 0x00000000c2980000, 0x00000000eab00000)
  object space 42496K, 54% used [0x00000000c0000000,0x00000000c166f1e8,0x00000000c2980000)
 Metaspace       used 5791K, capacity 6960K, committed 7040K, reserved 1056768K
  class space    used 557K, capacity 616K, committed 640K, reserved 1048576K

Deoptimization events (10 events):
Event: 1.611 Thread 0x00007f56d000a000 Uncommon trap: reason=unstable_if action=reinterpret pc=0x00007f56c11a8ed0 method=java.lang.String.<init>([CII)V @ 18
Event: 1.634 Thread 0x00007f56d000a000 Uncommon trap: reason=unstable_if action=reinterpret pc=0x00007f56c118f614 method=java.lang.String.<init>([CII)V @ 18
Event: 1.765 Thread 0x00007f56d000a000 Uncommon trap: reason=unstable_if action=reinterpret pc=0x00007f56c1221138 method=java.util.BitSet.ensureCapacity(I)V @ 6
Event: 1.816 Thread 0x00007f56d000a000 Uncommon trap: reason=unstable_if action=reinterpret pc=0x00007f56c12e8d3c method=com.android.dx.rop.code.RegisterSpecSet.put(Lcom/android/dx/rop/code/RegisterSpec;)V @ 77
Event: 1.842 Thread 0x00007f56d0136800 Uncommon trap: reason=unstable_if action=reinterpret pc=0x00007f56c121da0c method=java.util.BitSet.ensureCapacity(I)V @ 6
Event: 1.971 Thread 0x00007f56d000a000 Uncommon trap: reason=class_check action=maybe_recompile pc=0x00007f56c12b995c method=com.android.dx.ssa.NormalSsaInsn.accept(Lcom/android/dx/ssa/SsaInsn$Visitor;)V @ 9
Event: 1.988 Thread 0x00007f56d0136800 Uncommon trap: reason=class_check action=maybe_recompile pc=0x00007f56c12b995c method=com.android.dx.ssa.NormalSsaInsn.accept(Lcom/android/dx/ssa/SsaInsn$Visitor;)V @ 9
Event: 2.033 Thread 0x00007f56d0136800 Uncommon trap: reason=class_check action=maybe_recompile pc=0x00007f56c12b995c method=com.android.dx.ssa.NormalSsaInsn.accept(Lcom/android/dx/ssa/SsaInsn$Visitor;)V @ 9
Event: 2.210 Thread 0x00007f56d0136800 Uncommon trap: reason=class_check action=maybe_recompile pc=0x00007f56c12b995c method=com.android.dx.ssa.NormalSsaInsn.accept(Lcom/android/dx/ssa/SsaInsn$Visitor;)V @ 9
Event: 2.314 Thread 0x00007f56d0136800 Uncommon trap: reason=class_check action=maybe_recompile pc=0x00007f56c12d8428 method=com.android.dx.ssa.NormalSsaInsn.accept(Lcom/android/dx/ssa/SsaInsn$Visitor;)V @ 9

Internal exceptions (2 events):
Event: 0.316 Thread 0x00007f56d000a000 Exception <a 'java/lang/NoSuchMethodError': Method sun.misc.Unsafe.defineClass(Ljava/lang/String;[BII)Ljava/lang/Class; name or signature does not match> (0x00000000eab07cc0) thrown at [/ssd/Android/AOSP-openjdk/external/jetbrains/jdk/hotspot/src/share/vm
Event: 0.316 Thread 0x00007f56d000a000 Exception <a 'java/lang/NoSuchMethodError': Method sun.misc.Unsafe.prefetchRead(Ljava/lang/Object;J)V name or signature does not match> (0x00000000eab07fa8) thrown at [/ssd/Android/AOSP-openjdk/external/jetbrains/jdk/hotspot/src/share/vm/prims/jni.cpp, li

Events (10 events):
Event: 3.114 Thread 0x00007f56d014e000 DEOPT UNPACKING pc=0x00007f56c1047373 sp=0x00007f5693af8f38 mode 0
Event: 3.119 Thread 0x00007f56d014e000 DEOPT PACKING pc=0x00007f56c13d0200 sp=0x00007f5693af92a0
Event: 3.119 Thread 0x00007f56d014e000 DEOPT UNPACKING pc=0x00007f56c1047373 sp=0x00007f5693af9028 mode 0
Event: 3.138 Thread 0x00007f56d014e000 DEOPT PACKING pc=0x00007f56c1401fc3 sp=0x00007f5693af9480
Event: 3.138 Thread 0x00007f56d014e000 DEOPT UNPACKING pc=0x00007f56c1047373 sp=0x00007f5693af91f8 mode 0
Event: 3.145 Thread 0x00007f56d014e000 DEOPT PACKING pc=0x00007f56c14030ac sp=0x00007f5693af9290
Event: 3.145 Thread 0x00007f56d014e000 DEOPT UNPACKING pc=0x00007f56c1047373 sp=0x00007f5693af9088 mode 0
Event: 3.150 Thread 0x00007f56d014e000 DEOPT PACKING pc=0x00007f56c137ff4f sp=0x00007f5693af93e0
Event: 3.150 Thread 0x00007f56d014e000 DEOPT UNPACKING pc=0x00007f56c1047373 sp=0x00007f5693af9120 mode 0
Event: 3.157 Executing VM operation: ParallelGCFailedAllocation


Dynamic libraries:
00400000-00401000 r-xp 00000000 08:09 394997                             /home/chiz/Documents/android-studio/jre/bin/java
00600000-00601000 r--p 00000000 08:09 394997                             /home/chiz/Documents/android-studio/jre/bin/java
00601000-00602000 rw-p 00001000 08:09 394997                             /home/chiz/Documents/android-studio/jre/bin/java
02018000-02039000 rw-p 00000000 00:00 0                                  [heap]
c0000000-c2a80000 rw-p 00000000 00:00 0 
c2a80000-eab00000 ---p 00000000 00:00 0 
eab00000-eee00000 rw-p 00000000 00:00 0 
f5500000-100000000 ---p 00000000 00:00 0 
100000000-1000a0000 rw-p 00000000 00:00 0 
1000a0000-140000000 ---p 00000000 00:00 0 
7f5670000000-7f5670021000 rw-p 00000000 00:00 0 
7f5670021000-7f5674000000 ---p 00000000 00:00 0 
7f5674000000-7f5674037000 rw-p 00000000 00:00 0 
7f5674037000-7f5678000000 ---p 00000000 00:00 0 
7f5678000000-7f5678021000 rw-p 00000000 00:00 0 
7f5678021000-7f567c000000 ---p 00000000 00:00 0 
7f567c000000-7f567c045000 rw-p 00000000 00:00 0 
7f567c045000-7f5680000000 ---p 00000000 00:00 0 
7f5680000000-7f5680021000 rw-p 00000000 00:00 0 
7f5680021000-7f5684000000 ---p 00000000 00:00 0 
7f5684000000-7f5684051000 rw-p 00000000 00:00 0 
7f5684051000-7f5688000000 ---p 00000000 00:00 0 
7f5688000000-7f5688021000 rw-p 00000000 00:00 0 
7f5688021000-7f568c000000 ---p 00000000 00:00 0 
7f568c000000-7f568c927000 rw-p 00000000 00:00 0 
7f568c927000-7f5690000000 ---p 00000000 00:00 0 
7f56938f9000-7f56938fc000 ---p 00000000 00:00 0 
7f56938fc000-7f56939fa000 rw-p 00000000 00:00 0 
7f56939fa000-7f56939fd000 ---p 00000000 00:00 0 
7f56939fd000-7f5693afb000 rw-p 00000000 00:00 0 
7f5693afb000-7f5693afe000 ---p 00000000 00:00 0 
7f5693afe000-7f5693bfc000 rw-p 00000000 00:00 0 
7f5693bfc000-7f5693bff000 ---p 00000000 00:00 0 
7f5693bff000-7f5693cfd000 rw-p 00000000 00:00 0 
7f5693cfd000-7f5693d00000 ---p 00000000 00:00 0 
7f5693d00000-7f5693dfe000 rw-p 00000000 00:00 0 
7f5693dfe000-7f5693dff000 ---p 00000000 00:00 0 
7f5693dff000-7f5693eff000 rw-p 00000000 00:00 0 
7f5693eff000-7f5693f02000 ---p 00000000 00:00 0 
7f5693f02000-7f5694000000 rw-p 00000000 00:00 0 
7f5694000000-7f569467d000 rw-p 00000000 00:00 0 
7f569467d000-7f5698000000 ---p 00000000 00:00 0 
7f5698000000-7f5698859000 rw-p 00000000 00:00 0 
7f5698859000-7f569c000000 ---p 00000000 00:00 0 
7f569c000000-7f569c021000 rw-p 00000000 00:00 0 
7f569c021000-7f56a0000000 ---p 00000000 00:00 0 
7f56a0000000-7f56a0021000 rw-p 00000000 00:00 0 
7f56a0021000-7f56a4000000 ---p 00000000 00:00 0 
7f56a4000000-7f56a4285000 rw-p 00000000 00:00 0 
7f56a4285000-7f56a8000000 ---p 00000000 00:00 0 
7f56a8000000-7f56a8021000 rw-p 00000000 00:00 0 
7f56a8021000-7f56ac000000 ---p 00000000 00:00 0 
7f56ac000000-7f56ac021000 rw-p 00000000 00:00 0 
7f56ac021000-7f56b0000000 ---p 00000000 00:00 0 
7f56b0000000-7f56b0021000 rw-p 00000000 00:00 0 
7f56b0021000-7f56b4000000 ---p 00000000 00:00 0 
7f56b4000000-7f56b4021000 rw-p 00000000 00:00 0 
7f56b4021000-7f56b8000000 ---p 00000000 00:00 0 
7f56b80f3000-7f56b80f6000 ---p 00000000 00:00 0 
7f56b80f6000-7f56b81f4000 rw-p 00000000 00:00 0 
7f56b81f4000-7f56b81f7000 ---p 00000000 00:00 0 
7f56b81f7000-7f56b82f5000 rw-p 00000000 00:00 0 
7f56b82f5000-7f56b82f8000 ---p 00000000 00:00 0 
7f56b82f8000-7f56b83f6000 rw-p 00000000 00:00 0 
7f56b83f6000-7f56b83f9000 ---p 00000000 00:00 0 
7f56b83f9000-7f56b84f7000 rw-p 00000000 00:00 0 
7f56b84f7000-7f56b87cf000 r--p 00000000 08:08 266155                     /usr/lib/locale/locale-archive
7f56b87cf000-7f56b87d2000 ---p 00000000 00:00 0 
7f56b87d2000-7f56b88d0000 rw-p 00000000 00:00 0 
7f56b88d0000-7f56b88d3000 ---p 00000000 00:00 0 
7f56b88d3000-7f56b89d1000 rw-p 00000000 00:00 0 
7f56b89d1000-7f56b89d2000 ---p 00000000 00:00 0 
7f56b89d2000-7f56b9e40000 rw-p 00000000 00:00 0 
7f56b9e40000-7f56ba000000 ---p 00000000 00:00 0 
7f56ba000000-7f56bc000000 rw-p 00000000 00:00 0 
7f56bc000000-7f56bc021000 rw-p 00000000 00:00 0 
7f56bc021000-7f56c0000000 ---p 00000000 00:00 0 
7f56c0012000-7f56c02a3000 rw-p 00000000 00:00 0 
7f56c02a3000-7f56c0470000 r--s 03bec000 08:09 395054                     /home/chiz/Documents/android-studio/jre/jre/lib/rt.jar
7f56c0470000-7f56c06e6000 rw-p 00000000 00:00 0 
7f56c06e6000-7f56c06e7000 ---p 00000000 00:00 0 
7f56c06e7000-7f56c07e7000 rw-p 00000000 00:00 0 
7f56c07e7000-7f56c07e8000 ---p 00000000 00:00 0 
7f56c07e8000-7f56c08e8000 rw-p 00000000 00:00 0 
7f56c08e8000-7f56c08e9000 ---p 00000000 00:00 0 
7f56c08e9000-7f56c09e9000 rw-p 00000000 00:00 0 
7f56c09e9000-7f56c09ea000 ---p 00000000 00:00 0 
7f56c09ea000-7f56c0b00000 rw-p 00000000 00:00 0 
7f56c0b00000-7f56c0c40000 ---p 00000000 00:00 0 
7f56c0c40000-7f56c0c56000 rw-p 00000000 00:00 0 
7f56c0c56000-7f56c1000000 ---p 00000000 00:00 0 
7f56c1000000-7f56c1550000 rwxp 00000000 00:00 0 
7f56c1550000-7f56d0000000 ---p 00000000 00:00 0 
7f56d0000000-7f56d03a4000 rw-p 00000000 00:00 0 
7f56d03a4000-7f56d4000000 ---p 00000000 00:00 0 
7f56d401f000-7f56d4035000 rw-p 00000000 00:00 0 
7f56d4035000-7f56d4174000 ---p 00000000 00:00 0 
7f56d4174000-7f56d4196000 rw-p 00000000 00:00 0 
7f56d4196000-7f56d421f000 ---p 00000000 00:00 0 
7f56d421f000-7f56d4220000 rw-p 00000000 00:00 0 
7f56d4220000-7f56d423a000 r-xp 00000000 08:09 395081                     /home/chiz/Documents/android-studio/jre/jre/lib/amd64/libzip.so
7f56d423a000-7f56d443a000 ---p 0001a000 08:09 395081                     /home/chiz/Documents/android-studio/jre/jre/lib/amd64/libzip.so
7f56d443a000-7f56d443b000 r--p 0001a000 08:09 395081                     /home/chiz/Documents/android-studio/jre/jre/lib/amd64/libzip.so
7f56d443b000-7f56d443c000 rw-p 0001b000 08:09 395081                     /home/chiz/Documents/android-studio/jre/jre/lib/amd64/libzip.so
7f56d443c000-7f56d4447000 r-xp 00000000 08:08 790501                     /lib/x86_64-linux-gnu/libnss_files-2.23.so
7f56d4447000-7f56d4646000 ---p 0000b000 08:08 790501                     /lib/x86_64-linux-gnu/libnss_files-2.23.so
7f56d4646000-7f56d4647000 r--p 0000a000 08:08 790501                     /lib/x86_64-linux-gnu/libnss_files-2.23.so
7f56d4647000-7f56d4648000 rw-p 0000b000 08:08 790501                     /lib/x86_64-linux-gnu/libnss_files-2.23.so
7f56d4648000-7f56d464e000 rw-p 00000000 00:00 0 
7f56d464e000-7f56d4659000 r-xp 00000000 08:08 789886                     /lib/x86_64-linux-gnu/libnss_nis-2.23.so
7f56d4659000-7f56d4858000 ---p 0000b000 08:08 789886                     /lib/x86_64-linux-gnu/libnss_nis-2.23.so
7f56d4858000-7f56d4859000 r--p 0000a000 08:08 789886                     /lib/x86_64-linux-gnu/libnss_nis-2.23.so
7f56d4859000-7f56d485a000 rw-p 0000b000 08:08 789886                     /lib/x86_64-linux-gnu/libnss_nis-2.23.so
7f56d485a000-7f56d4870000 r-xp 00000000 08:08 790458                     /lib/x86_64-linux-gnu/libnsl-2.23.so
7f56d4870000-7f56d4a6f000 ---p 00016000 08:08 790458                     /lib/x86_64-linux-gnu/libnsl-2.23.so
7f56d4a6f000-7f56d4a70000 r--p 00015000 08:08 790458                     /lib/x86_64-linux-gnu/libnsl-2.23.so
7f56d4a70000-7f56d4a71000 rw-p 00016000 08:08 790458                     /lib/x86_64-linux-gnu/libnsl-2.23.so
7f56d4a71000-7f56d4a73000 rw-p 00000000 00:00 0 
7f56d4a73000-7f56d4a7b000 r-xp 00000000 08:08 790459                     /lib/x86_64-linux-gnu/libnss_compat-2.23.so
7f56d4a7b000-7f56d4c7a000 ---p 00008000 08:08 790459                     /lib/x86_64-linux-gnu/libnss_compat-2.23.so
7f56d4c7a000-7f56d4c7b000 r--p 00007000 08:08 790459                     /lib/x86_64-linux-gnu/libnss_compat-2.23.so
7f56d4c7b000-7f56d4c7c000 rw-p 00008000 08:08 790459                     /lib/x86_64-linux-gnu/libnss_compat-2.23.so
7f56d4c7c000-7f56d4ca9000 r-xp 00000000 08:09 395091                     /home/chiz/Documents/android-studio/jre/jre/lib/amd64/libjava.so
7f56d4ca9000-7f56d4ea8000 ---p 0002d000 08:09 395091                     /home/chiz/Documents/android-studio/jre/jre/lib/amd64/libjava.so
7f56d4ea8000-7f56d4ea9000 r--p 0002c000 08:09 395091                     /home/chiz/Documents/android-studio/jre/jre/lib/amd64/libjava.so
7f56d4ea9000-7f56d4eab000 rw-p 0002d000 08:09 395091                     /home/chiz/Documents/android-studio/jre/jre/lib/amd64/libjava.so
7f56d4eab000-7f56d4ebb000 r-xp 00000000 08:09 395107                     /home/chiz/Documents/android-studio/jre/jre/lib/amd64/libverify.so
7f56d4ebb000-7f56d50ba000 ---p 00010000 08:09 395107                     /home/chiz/Documents/android-studio/jre/jre/lib/amd64/libverify.so
7f56d50ba000-7f56d50bc000 r--p 0000f000 08:09 395107                     /home/chiz/Documents/android-studio/jre/jre/lib/amd64/libverify.so
7f56d50bc000-7f56d50bd000 rw-p 00011000 08:09 395107                     /home/chiz/Documents/android-studio/jre/jre/lib/amd64/libverify.so
7f56d50bd000-7f56d50c4000 r-xp 00000000 08:08 789885                     /lib/x86_64-linux-gnu/librt-2.23.so
7f56d50c4000-7f56d52c3000 ---p 00007000 08:08 789885                     /lib/x86_64-linux-gnu/librt-2.23.so
7f56d52c3000-7f56d52c4000 r--p 00006000 08:08 789885                     /lib/x86_64-linux-gnu/librt-2.23.so
7f56d52c4000-7f56d52c5000 rw-p 00007000 08:08 789885                     /lib/x86_64-linux-gnu/librt-2.23.so
7f56d52c5000-7f56d53cd000 r-xp 00000000 08:08 790456                     /lib/x86_64-linux-gnu/libm-2.23.so
7f56d53cd000-7f56d55cc000 ---p 00108000 08:08 790456                     /lib/x86_64-linux-gnu/libm-2.23.so
7f56d55cc000-7f56d55cd000 r--p 00107000 08:08 790456                     /lib/x86_64-linux-gnu/libm-2.23.so
7f56d55cd000-7f56d55ce000 rw-p 00108000 08:08 790456                     /lib/x86_64-linux-gnu/libm-2.23.so
7f56d55ce000-7f56d61b4000 r-xp 00000000 08:09 395111                     /home/chiz/Documents/android-studio/jre/jre/lib/amd64/server/libjvm.so
7f56d61b4000-7f56d63b4000 ---p 00be6000 08:09 395111                     /home/chiz/Documents/android-studio/jre/jre/lib/amd64/server/libjvm.so
7f56d63b4000-7f56d6453000 r--p 00be6000 08:09 395111                     /home/chiz/Documents/android-studio/jre/jre/lib/amd64/server/libjvm.so
7f56d6453000-7f56d647c000 rw-p 00c85000 08:09 395111                     /home/chiz/Documents/android-studio/jre/jre/lib/amd64/server/libjvm.so
7f56d647c000-7f56d64be000 rw-p 00000000 00:00 0 
7f56d64be000-7f56d64d6000 r-xp 00000000 08:08 790457                     /lib/x86_64-linux-gnu/libpthread-2.23.so
7f56d64d6000-7f56d66d5000 ---p 00018000 08:08 790457                     /lib/x86_64-linux-gnu/libpthread-2.23.so
7f56d66d5000-7f56d66d6000 r--p 00017000 08:08 790457                     /lib/x86_64-linux-gnu/libpthread-2.23.so
7f56d66d6000-7f56d66d7000 rw-p 00018000 08:08 790457                     /lib/x86_64-linux-gnu/libpthread-2.23.so
7f56d66d7000-7f56d66db000 rw-p 00000000 00:00 0 
7f56d66db000-7f56d66de000 r-xp 00000000 08:08 790324                     /lib/x86_64-linux-gnu/libdl-2.23.so
7f56d66de000-7f56d68dd000 ---p 00003000 08:08 790324                     /lib/x86_64-linux-gnu/libdl-2.23.so
7f56d68dd000-7f56d68de000 r--p 00002000 08:08 790324                     /lib/x86_64-linux-gnu/libdl-2.23.so
7f56d68de000-7f56d68df000 rw-p 00003000 08:08 790324                     /lib/x86_64-linux-gnu/libdl-2.23.so
7f56d68df000-7f56d6a9e000 r-xp 00000000 08:08 790336                     /lib/x86_64-linux-gnu/libc-2.23.so
7f56d6a9e000-7f56d6c9e000 ---p 001bf000 08:08 790336                     /lib/x86_64-linux-gnu/libc-2.23.so
7f56d6c9e000-7f56d6ca2000 r--p 001bf000 08:08 790336                     /lib/x86_64-linux-gnu/libc-2.23.so
7f56d6ca2000-7f56d6ca4000 rw-p 001c3000 08:08 790336                     /lib/x86_64-linux-gnu/libc-2.23.so
7f56d6ca4000-7f56d6ca8000 rw-p 00000000 00:00 0 
7f56d6ca8000-7f56d6cbe000 r-xp 00000000 08:09 394971                     /home/chiz/Documents/android-studio/jre/lib/amd64/jli/libjli.so
7f56d6cbe000-7f56d6ebd000 ---p 00016000 08:09 394971                     /home/chiz/Documents/android-studio/jre/lib/amd64/jli/libjli.so
7f56d6ebd000-7f56d6ebe000 r--p 00015000 08:09 394971                     /home/chiz/Documents/android-studio/jre/lib/amd64/jli/libjli.so
7f56d6ebe000-7f56d6ebf000 rw-p 00016000 08:09 394971                     /home/chiz/Documents/android-studio/jre/lib/amd64/jli/libjli.so
7f56d6ebf000-7f56d6ee5000 r-xp 00000000 08:08 785103                     /lib/x86_64-linux-gnu/ld-2.23.so
7f56d6eeb000-7f56d6fc4000 rw-p 00000000 00:00 0 
7f56d6fc4000-7f56d6fc7000 ---p 00000000 00:00 0 
7f56d6fc7000-7f56d70c9000 rw-p 00000000 00:00 0 
7f56d70ca000-7f56d70d8000 r--s 000e0000 08:09 288142                     /home/chiz/Android/Sdk/build-tools/25.0.1/lib/dx.jar
7f56d70d8000-7f56d70e0000 rw-s 00000000 08:08 149873                     /tmp/hsperfdata_chiz/8293
7f56d70e0000-7f56d70e1000 rw-p 00000000 00:00 0 
7f56d70e1000-7f56d70e2000 ---p 00000000 00:00 0 
7f56d70e2000-7f56d70e4000 rw-p 00000000 00:00 0 
7f56d70e4000-7f56d70e5000 r--p 00025000 08:08 785103                     /lib/x86_64-linux-gnu/ld-2.23.so
7f56d70e5000-7f56d70e6000 rw-p 00026000 08:08 785103                     /lib/x86_64-linux-gnu/ld-2.23.so
7f56d70e6000-7f56d70e7000 rw-p 00000000 00:00 0 
7fffd494a000-7fffd496b000 rw-p 00000000 00:00 0                          [stack]
7fffd4995000-7fffd4997000 r--p 00000000 00:00 0                          [vvar]
7fffd4997000-7fffd4999000 r-xp 00000000 00:00 0                          [vdso]
ffffffffff600000-ffffffffff601000 r-xp 00000000 00:00 0                  [vsyscall]

VM Arguments:
jvm_args: -Djava.awt.headless=true -Xmx1024M -Dfile.encoding=UTF-8 -Duser.country=PH -Duser.language=en -Duser.variant 
java_command: com.android.dx.command.Main --dex --force-jumbo --num-threads=4 --multi-dex --output /home/chiz/Documents/ANDROID_Projects/VINEYARD-FILES/Vineyard-App/app/build/intermediates/transforms/dex/release/folders/1000/5/slice_9 /home/chiz/Documents/ANDROID_Projects/VINEYARD-FILES/Vineyard-App/app/build/intermediates/transforms/instantRunSlicer/release/folders/1/5/slice_9
java_class_path (initial): /home/chiz/Android/Sdk/build-tools/25.0.1/lib/dx.jar
Launcher Type: SUN_STANDARD

Environment Variables:
PATH=/home/chiz/bin:/home/chiz/.local/bin:/usr/local/sbin:/usr/local/bin:/usr/sbin:/usr/bin:/sbin:/bin:/usr/games:/usr/local/games:/snap/bin
LD_LIBRARY_PATH=/home/chiz/Documents/android-studio/bin:
SHELL=/bin/bash
DISPLAY=:0

Signal Handlers:
SIGSEGV: [libjvm.so+0x9daac0], sa_mask[0]=11111111011111111101111111111110, sa_flags=SA_RESTART|SA_SIGINFO
SIGBUS: [libjvm.so+0x9daac0], sa_mask[0]=11111111011111111101111111111110, sa_flags=SA_RESTART|SA_SIGINFO
SIGFPE: [libjvm.so+0x840d90], sa_mask[0]=11111111011111111101111111111110, sa_flags=SA_RESTART|SA_SIGINFO
SIGPIPE: [libjvm.so+0x840d90], sa_mask[0]=11111111011111111101111111111110, sa_flags=SA_RESTART|SA_SIGINFO
SIGXFSZ: [libjvm.so+0x840d90], sa_mask[0]=11111111011111111101111111111110, sa_flags=SA_RESTART|SA_SIGINFO
SIGILL: [libjvm.so+0x840d90], sa_mask[0]=11111111011111111101111111111110, sa_flags=SA_RESTART|SA_SIGINFO
SIGUSR1: SIG_DFL, sa_mask[0]=00000000000000000000000000000000, sa_flags=none
SIGUSR2: [libjvm.so+0x840c60], sa_mask[0]=00100000000000000000000000000000, sa_flags=SA_RESTART|SA_SIGINFO
SIGHUP: [libjvm.so+0x840e50], sa_mask[0]=11111111011111111101111111111110, sa_flags=SA_RESTART|SA_SIGINFO
SIGINT: [libjvm.so+0x840e50], sa_mask[0]=11111111011111111101111111111110, sa_flags=SA_RESTART|SA_SIGINFO
SIGTERM: [libjvm.so+0x840e50], sa_mask[0]=11111111011111111101111111111110, sa_flags=SA_RESTART|SA_SIGINFO
SIGQUIT: [libjvm.so+0x840e50], sa_mask[0]=11111111011111111101111111111110, sa_flags=SA_RESTART|SA_SIGINFO


---------------  S Y S T E M  ---------------

OS:DISTRIB_ID=Ubuntu
DISTRIB_RELEASE=16.04
DISTRIB_CODENAME=xenial
DISTRIB_DESCRIPTION="Ubuntu 16.04.1 LTS"

uname:Linux 4.4.0-59-generic #80-Ubuntu SMP Fri Jan 6 17:47:47 UTC 2017 x86_64
libc:glibc 2.23 NPTL 2.23 
rlimit: STACK 8192k, CORE 0k, NPROC 15097, NOFILE 65536, AS infinity
load average:1.76 1.05 1.08

/proc/meminfo:
MemTotal:        3959112 kB
MemFree:          111844 kB
MemAvailable:      35768 kB
Buffers:            2664 kB
Cached:           420172 kB
SwapCached:            0 kB
Active:          3227044 kB
Inactive:         385344 kB
Active(anon):    3198696 kB
Inactive(anon):   359944 kB
Active(file):      28348 kB
Inactive(file):    25400 kB
Unevictable:         336 kB
Mlocked:             336 kB
SwapTotal:             0 kB
SwapFree:              0 kB
Dirty:              2980 kB
Writeback:             0 kB
AnonPages:       3190212 kB
Mapped:           301844 kB
Shmem:            368804 kB
Slab:              85952 kB
SReclaimable:      38952 kB
SUnreclaim:        47000 kB
KernelStack:       15504 kB
PageTables:        60280 kB
NFS_Unstable:          0 kB
Bounce:                0 kB
WritebackTmp:          0 kB
CommitLimit:     1979556 kB
Committed_AS:    9287536 kB
VmallocTotal:   34359738367 kB
VmallocUsed:           0 kB
VmallocChunk:          0 kB
HardwareCorrupted:     0 kB
AnonHugePages:   1212416 kB
CmaTotal:              0 kB
CmaFree:               0 kB
HugePages_Total:       0
HugePages_Free:        0
HugePages_Rsvd:        0
HugePages_Surp:        0
Hugepagesize:       2048 kB
DirectMap4k:      173632 kB
DirectMap2M:     3934208 kB
DirectMap1G:     1048576 kB


CPU:total 4 (2 cores per cpu, 2 threads per core) family 6 model 61 stepping 4, cmov, cx8, fxsr, mmx, sse, sse2, sse3, ssse3, sse4.1, sse4.2, popcnt, avx, avx2, aes, clmul, erms, 3dnowpref, lzcnt, ht, tsc, tscinvbit, bmi1, bmi2, adx

/proc/cpuinfo:
processor	: 0
vendor_id	: GenuineIntel
cpu family	: 6
model		: 61
model name	: Intel(R) Core(TM) i7-5500U CPU @ 2.40GHz
stepping	: 4
microcode	: 0x11
cpu MHz		: 1624.500
cache size	: 4096 KB
physical id	: 0
siblings	: 4
core id		: 0
cpu cores	: 2
apicid		: 0
initial apicid	: 0
fpu		: yes
fpu_exception	: yes
cpuid level	: 20
wp		: yes
flags		: fpu vme de pse tsc msr pae mce cx8 apic sep mtrr pge mca cmov pat pse36 clflush dts acpi mmx fxsr sse sse2 ss ht tm pbe syscall nx pdpe1gb rdtscp lm constant_tsc arch_perfmon pebs bts rep_good nopl xtopology nonstop_tsc aperfmperf eagerfpu pni pclmulqdq dtes64 monitor ds_cpl vmx est tm2 ssse3 sdbg fma cx16 xtpr pdcm pcid sse4_1 sse4_2 x2apic movbe popcnt tsc_deadline_timer aes xsave avx f16c rdrand lahf_lm abm 3dnowprefetch epb intel_pt tpr_shadow vnmi flexpriority ept vpid fsgsbase tsc_adjust bmi1 avx2 smep bmi2 erms invpcid rdseed adx smap xsaveopt dtherm ida arat pln pts
bugs		:
bogomips	: 4788.58
clflush size	: 64
cache_alignment	: 64
address sizes	: 39 bits physical, 48 bits virtual
power management:

processor	: 1
vendor_id	: GenuineIntel
cpu family	: 6
model		: 61
model name	: Intel(R) Core(TM) i7-5500U CPU @ 2.40GHz
stepping	: 4
microcode	: 0x11
cpu MHz		: 2399.906
cache size	: 4096 KB
physical id	: 0
siblings	: 4
core id		: 1
cpu cores	: 2
apicid		: 2
initial apicid	: 2
fpu		: yes
fpu_exception	: yes
cpuid level	: 20
wp		: yes
flags		: fpu vme de pse tsc msr pae mce cx8 apic sep mtrr pge mca cmov pat pse36 clflush dts acpi mmx fxsr sse sse2 ss ht tm pbe syscall nx pdpe1gb rdtscp lm constant_tsc arch_perfmon pebs bts rep_good nopl xtopology nonstop_tsc aperfmperf eagerfpu pni pclmulqdq dtes64 monitor ds_cpl vmx est tm2 ssse3 sdbg fma cx16 xtpr pdcm pcid sse4_1 sse4_2 x2apic movbe popcnt tsc_deadline_timer aes xsave avx f16c rdrand lahf_lm abm 3dnowprefetch epb intel_pt tpr_shadow vnmi flexpriority ept vpid fsgsbase tsc_adjust bmi1 avx2 smep bmi2 erms invpcid rdseed adx smap xsaveopt dtherm ida arat pln pts
bugs		:
bogomips	: 4788.58
clflush size	: 64
cache_alignment	: 64
address sizes	: 39 bits physical, 48 bits virtual
power management:

processor	: 2
vendor_id	: GenuineIntel
cpu family	: 6
model		: 61
model name	: Intel(R) Core(TM) i7-5500U CPU @ 2.40GHz
stepping	: 4
microcode	: 0x11
cpu MHz		: 2400.000
cache size	: 4096 KB
physical id	: 0
siblings	: 4
core id		: 0
cpu cores	: 2
apicid		: 1
initial apicid	: 1
fpu		: yes
fpu_exception	: yes
cpuid level	: 20
wp		: yes
flags		: fpu vme de pse tsc msr pae mce cx8 apic sep mtrr pge mca cmov pat pse36 clflush dts acpi mmx fxsr sse sse2 ss ht tm pbe syscall nx pdpe1gb rdtscp lm constant_tsc arch_perfmon pebs bts rep_good nopl xtopology nonstop_tsc aperfmperf eagerfpu pni pclmulqdq dtes64 monitor ds_cpl vmx est tm2 ssse3 sdbg fma cx16 xtpr pdcm pcid sse4_1 sse4_2 x2apic movbe popcnt tsc_deadline_timer aes xsave avx f16c rdrand lahf_lm abm 3dnowprefetch epb intel_pt tpr_shadow vnmi flexpriority ept vpid fsgsbase tsc_adjust bmi1 avx2 smep bmi2 erms invpcid rdseed adx smap xsaveopt dtherm ida arat pln pts
bugs		:
bogomips	: 4788.58
clflush size	: 64
cache_alignment	: 64
address sizes	: 39 bits physical, 48 bits virtual
power management:

processor	: 3
vendor_id	: GenuineIntel
cpu family	: 6
model		: 61
model name	: Intel(R) Core(TM) i7-5500U CPU @ 2.40GHz
stepping	: 4
microcode	: 0x11
cpu MHz		: 2011.031
cache size	: 4096 KB
physical id	: 0
siblings	: 4
core id		: 1
cpu cores	: 2
apicid		: 3
initial apicid	: 3
fpu		: yes
fpu_exception	: yes
cpuid level	: 20
wp		: yes
flags		: fpu vme de pse tsc msr pae mce cx8 apic sep mtrr pge mca cmov pat pse36 clflush dts acpi mmx fxsr sse sse2 ss ht tm pbe syscall nx pdpe1gb rdtscp lm constant_tsc arch_perfmon pebs bts rep_good nopl xtopology nonstop_tsc aperfmperf eagerfpu pni pclmulqdq dtes64 monitor ds_cpl vmx est tm2 ssse3 sdbg fma cx16 xtpr pdcm pcid sse4_1 sse4_2 x2apic movbe popcnt tsc_deadline_timer aes xsave avx f16c rdrand lahf_lm abm 3dnowprefetch epb intel_pt tpr_shadow vnmi flexpriority ept vpid fsgsbase tsc_adjust bmi1 avx2 smep bmi2 erms invpcid rdseed adx smap xsaveopt dtherm ida arat pln pts
bugs		:
bogomips	: 4788.58
clflush size	: 64
cache_alignment	: 64
address sizes	: 39 bits physical, 48 bits virtual
power management:



Memory: 4k page, physical 3959112k(111844k free), swap 0k(0k free)

vm_info: OpenJDK 64-Bit Server VM (25.76-b03) for linux-amd64 JRE (1.8.0_76-release-b03), built on Jun 29 2016 09:39:19 by "builder" with gcc 4.8.4

time: Thu Jan 19 01:20:04 2017
elapsed time: 4 seconds (0d 0h 0m 4s)

